{"/Users/ivan/CS2/components/AutoSaveIndicator.js": {"path":"/Users/ivan/CS2/components/AutoSaveIndicator.js","statementMap":{"0":{"start":{"line":14,"column":18},"end":{"line":14,"column":61}},"1":{"start":{"line":16,"column":2},"end":{"line":32,"column":24}},"2":{"start":{"line":17,"column":4},"end":{"line":31,"column":5}},"3":{"start":{"line":19,"column":6},"end":{"line":23,"column":17}},"4":{"start":{"line":26,"column":6},"end":{"line":30,"column":17}},"5":{"start":{"line":34,"column":26},"end":{"line":57,"column":3}},"6":{"start":{"line":35,"column":4},"end":{"line":56,"column":5}},"7":{"start":{"line":37,"column":8},"end":{"line":41,"column":10}},"8":{"start":{"line":43,"column":8},"end":{"line":47,"column":10}},"9":{"start":{"line":49,"column":8},"end":{"line":53,"column":10}},"10":{"start":{"line":55,"column":8},"end":{"line":55,"column":20}},"11":{"start":{"line":59,"column":17},"end":{"line":59,"column":34}},"12":{"start":{"line":61,"column":2},"end":{"line":61,"column":27}},"13":{"start":{"line":61,"column":15},"end":{"line":61,"column":27}},"14":{"start":{"line":63,"column":2},"end":{"line":70,"column":4}},"15":{"start":{"line":73,"column":15},"end":{"line":89,"column":2}}},"fnMap":{"0":{"name":"AutoSaveIndicator","decl":{"start":{"line":13,"column":24},"end":{"line":13,"column":41}},"loc":{"start":{"line":13,"column":65},"end":{"line":71,"column":1}},"line":13},"1":{"name":"(anonymous_1)","decl":{"start":{"line":16,"column":18},"end":{"line":16,"column":19}},"loc":{"start":{"line":16,"column":24},"end":{"line":32,"column":3}},"line":16},"2":{"name":"(anonymous_2)","decl":{"start":{"line":34,"column":26},"end":{"line":34,"column":27}},"loc":{"start":{"line":34,"column":32},"end":{"line":57,"column":3}},"line":34}},"branchMap":{"0":{"loc":{"start":{"line":17,"column":4},"end":{"line":31,"column":5}},"type":"if","locations":[{"start":{"line":17,"column":4},"end":{"line":31,"column":5}},{"start":{"line":24,"column":11},"end":{"line":31,"column":5}}],"line":17},"1":{"loc":{"start":{"line":17,"column":8},"end":{"line":17,"column":71}},"type":"binary-expr","locations":[{"start":{"line":17,"column":8},"end":{"line":17,"column":27}},{"start":{"line":17,"column":31},"end":{"line":17,"column":49}},{"start":{"line":17,"column":53},"end":{"line":17,"column":71}}],"line":17},"2":{"loc":{"start":{"line":35,"column":4},"end":{"line":56,"column":5}},"type":"switch","locations":[{"start":{"line":36,"column":6},"end":{"line":41,"column":10}},{"start":{"line":42,"column":6},"end":{"line":47,"column":10}},{"start":{"line":48,"column":6},"end":{"line":53,"column":10}},{"start":{"line":54,"column":6},"end":{"line":55,"column":20}}],"line":35},"3":{"loc":{"start":{"line":61,"column":2},"end":{"line":61,"column":27}},"type":"if","locations":[{"start":{"line":61,"column":2},"end":{"line":61,"column":27}},{"start":{},"end":{}}],"line":61}},"s":{"0":0,"1":0,"2":0,"3":0,"4":0,"5":0,"6":0,"7":0,"8":0,"9":0,"10":0,"11":0,"12":0,"13":0,"14":0,"15":0},"f":{"0":0,"1":0,"2":0},"b":{"0":[0,0],"1":[0,0,0],"2":[0,0,0,0],"3":[0,0]}}
,"/Users/ivan/CS2/components/CommentsModal.js": {"path":"/Users/ivan/CS2/components/CommentsModal.js","statementMap":{"0":{"start":{"line":20,"column":132},"end":{"line":20,"column":145}},"1":{"start":{"line":21,"column":22},"end":{"line":21,"column":34}},"2":{"start":{"line":22,"column":40},"end":{"line":22,"column":52}},"3":{"start":{"line":23,"column":38},"end":{"line":23,"column":52}},"4":{"start":{"line":25,"column":19},"end":{"line":25,"column":40}},"5":{"start":{"line":27,"column":27},"end":{"line":40,"column":3}},"6":{"start":{"line":28,"column":17},"end":{"line":28,"column":35}},"7":{"start":{"line":29,"column":4},"end":{"line":29,"column":22}},"8":{"start":{"line":29,"column":15},"end":{"line":29,"column":22}},"9":{"start":{"line":31,"column":4},"end":{"line":38,"column":5}},"10":{"start":{"line":33,"column":6},"end":{"line":33,"column":95}},"11":{"start":{"line":34,"column":6},"end":{"line":34,"column":26}},"12":{"start":{"line":37,"column":6},"end":{"line":37,"column":75}},"13":{"start":{"line":39,"column":4},"end":{"line":39,"column":23}},"14":{"start":{"line":42,"column":22},"end":{"line":47,"column":3}},"15":{"start":{"line":44,"column":28},"end":{"line":44,"column":57}},"16":{"start":{"line":45,"column":4},"end":{"line":45,"column":78}},"17":{"start":{"line":46,"column":4},"end":{"line":46,"column":44}},"18":{"start":{"line":49,"column":22},"end":{"line":52,"column":3}},"19":{"start":{"line":50,"column":4},"end":{"line":50,"column":24}},"20":{"start":{"line":51,"column":4},"end":{"line":51,"column":23}},"21":{"start":{"line":54,"column":30},"end":{"line":67,"column":3}},"22":{"start":{"line":55,"column":4},"end":{"line":66,"column":6}},"23":{"start":{"line":63,"column":25},"end":{"line":63,"column":59}},"24":{"start":{"line":69,"column":28},"end":{"line":82,"column":3}},"25":{"start":{"line":70,"column":4},"end":{"line":81,"column":6}},"26":{"start":{"line":78,"column":25},"end":{"line":78,"column":72}},"27":{"start":{"line":84,"column":21},"end":{"line":92,"column":3}},"28":{"start":{"line":85,"column":20},"end":{"line":85,"column":63}},"29":{"start":{"line":87,"column":4},"end":{"line":87,"column":43}},"30":{"start":{"line":87,"column":22},"end":{"line":87,"column":43}},"31":{"start":{"line":88,"column":4},"end":{"line":88,"column":62}},"32":{"start":{"line":88,"column":24},"end":{"line":88,"column":62}},"33":{"start":{"line":89,"column":4},"end":{"line":89,"column":65}},"34":{"start":{"line":89,"column":25},"end":{"line":89,"column":65}},"35":{"start":{"line":90,"column":4},"end":{"line":90,"column":67}},"36":{"start":{"line":90,"column":26},"end":{"line":90,"column":67}},"37":{"start":{"line":91,"column":4},"end":{"line":91,"column":46}},"38":{"start":{"line":94,"column":22},"end":{"line":151,"column":3}},"39":{"start":{"line":95,"column":23},"end":{"line":95,"column":58}},"40":{"start":{"line":96,"column":18},"end":{"line":96,"column":42}},"41":{"start":{"line":97,"column":22},"end":{"line":97,"column":48}},"42":{"start":{"line":99,"column":4},"end":{"line":150,"column":6}},"43":{"start":{"line":125,"column":47},"end":{"line":125,"column":82}},"44":{"start":{"line":131,"column":51},"end":{"line":131,"column":95}},"45":{"start":{"line":139,"column":27},"end":{"line":139,"column":54}},"46":{"start":{"line":153,"column":24},"end":{"line":218,"column":3}},"47":{"start":{"line":154,"column":25},"end":{"line":154,"column":59}},"48":{"start":{"line":155,"column":18},"end":{"line":155,"column":41}},"49":{"start":{"line":156,"column":22},"end":{"line":156,"column":47}},"50":{"start":{"line":157,"column":20},"end":{"line":157,"column":38}},"51":{"start":{"line":159,"column":4},"end":{"line":217,"column":6}},"52":{"start":{"line":185,"column":47},"end":{"line":185,"column":64}},"53":{"start":{"line":191,"column":51},"end":{"line":191,"column":79}},"54":{"start":{"line":199,"column":27},"end":{"line":199,"column":53}},"55":{"start":{"line":213,"column":34},"end":{"line":213,"column":61}},"56":{"start":{"line":220,"column":2},"end":{"line":298,"column":4}},"57":{"start":{"line":245,"column":34},"end":{"line":245,"column":41}},"58":{"start":{"line":301,"column":15},"end":{"line":479,"column":2}}},"fnMap":{"0":{"name":"CommentsModal","decl":{"start":{"line":19,"column":24},"end":{"line":19,"column":37}},"loc":{"start":{"line":19,"column":70},"end":{"line":299,"column":1}},"line":19},"1":{"name":"(anonymous_1)","decl":{"start":{"line":27,"column":27},"end":{"line":27,"column":28}},"loc":{"start":{"line":27,"column":33},"end":{"line":40,"column":3}},"line":27},"2":{"name":"(anonymous_2)","decl":{"start":{"line":42,"column":22},"end":{"line":42,"column":23}},"loc":{"start":{"line":42,"column":59},"end":{"line":47,"column":3}},"line":42},"3":{"name":"(anonymous_3)","decl":{"start":{"line":49,"column":22},"end":{"line":49,"column":23}},"loc":{"start":{"line":49,"column":28},"end":{"line":52,"column":3}},"line":49},"4":{"name":"(anonymous_4)","decl":{"start":{"line":54,"column":30},"end":{"line":54,"column":31}},"loc":{"start":{"line":54,"column":45},"end":{"line":67,"column":3}},"line":54},"5":{"name":"(anonymous_5)","decl":{"start":{"line":63,"column":19},"end":{"line":63,"column":20}},"loc":{"start":{"line":63,"column":25},"end":{"line":63,"column":59}},"line":63},"6":{"name":"(anonymous_6)","decl":{"start":{"line":69,"column":28},"end":{"line":69,"column":29}},"loc":{"start":{"line":69,"column":58},"end":{"line":82,"column":3}},"line":69},"7":{"name":"(anonymous_7)","decl":{"start":{"line":78,"column":19},"end":{"line":78,"column":20}},"loc":{"start":{"line":78,"column":25},"end":{"line":78,"column":72}},"line":78},"8":{"name":"(anonymous_8)","decl":{"start":{"line":84,"column":21},"end":{"line":84,"column":22}},"loc":{"start":{"line":84,"column":36},"end":{"line":92,"column":3}},"line":84},"9":{"name":"(anonymous_9)","decl":{"start":{"line":94,"column":22},"end":{"line":94,"column":23}},"loc":{"start":{"line":94,"column":50},"end":{"line":151,"column":3}},"line":94},"10":{"name":"(anonymous_10)","decl":{"start":{"line":125,"column":41},"end":{"line":125,"column":42}},"loc":{"start":{"line":125,"column":47},"end":{"line":125,"column":82}},"line":125},"11":{"name":"(anonymous_11)","decl":{"start":{"line":131,"column":45},"end":{"line":131,"column":46}},"loc":{"start":{"line":131,"column":51},"end":{"line":131,"column":95}},"line":131},"12":{"name":"(anonymous_12)","decl":{"start":{"line":139,"column":21},"end":{"line":139,"column":22}},"loc":{"start":{"line":139,"column":27},"end":{"line":139,"column":54}},"line":139},"13":{"name":"(anonymous_13)","decl":{"start":{"line":153,"column":24},"end":{"line":153,"column":25}},"loc":{"start":{"line":153,"column":38},"end":{"line":218,"column":3}},"line":153},"14":{"name":"(anonymous_14)","decl":{"start":{"line":185,"column":41},"end":{"line":185,"column":42}},"loc":{"start":{"line":185,"column":47},"end":{"line":185,"column":64}},"line":185},"15":{"name":"(anonymous_15)","decl":{"start":{"line":191,"column":45},"end":{"line":191,"column":46}},"loc":{"start":{"line":191,"column":51},"end":{"line":191,"column":79}},"line":191},"16":{"name":"(anonymous_16)","decl":{"start":{"line":199,"column":21},"end":{"line":199,"column":22}},"loc":{"start":{"line":199,"column":27},"end":{"line":199,"column":53}},"line":199},"17":{"name":"(anonymous_17)","decl":{"start":{"line":213,"column":25},"end":{"line":213,"column":26}},"loc":{"start":{"line":213,"column":34},"end":{"line":213,"column":61}},"line":213},"18":{"name":"(anonymous_18)","decl":{"start":{"line":245,"column":24},"end":{"line":245,"column":25}},"loc":{"start":{"line":245,"column":34},"end":{"line":245,"column":41}},"line":245}},"branchMap":{"0":{"loc":{"start":{"line":29,"column":4},"end":{"line":29,"column":22}},"type":"if","locations":[{"start":{"line":29,"column":4},"end":{"line":29,"column":22}},{"start":{},"end":{}}],"line":29},"1":{"loc":{"start":{"line":31,"column":4},"end":{"line":38,"column":5}},"type":"if","locations":[{"start":{"line":31,"column":4},"end":{"line":38,"column":5}},{"start":{"line":35,"column":11},"end":{"line":38,"column":5}}],"line":31},"2":{"loc":{"start":{"line":42,"column":32},"end":{"line":42,"column":54}},"type":"default-arg","locations":[{"start":{"line":42,"column":50},"end":{"line":42,"column":54}}],"line":42},"3":{"loc":{"start":{"line":44,"column":28},"end":{"line":44,"column":57}},"type":"binary-expr","locations":[{"start":{"line":44,"column":28},"end":{"line":44,"column":43}},{"start":{"line":44,"column":47},"end":{"line":44,"column":57}}],"line":44},"4":{"loc":{"start":{"line":87,"column":4},"end":{"line":87,"column":43}},"type":"if","locations":[{"start":{"line":87,"column":4},"end":{"line":87,"column":43}},{"start":{},"end":{}}],"line":87},"5":{"loc":{"start":{"line":88,"column":4},"end":{"line":88,"column":62}},"type":"if","locations":[{"start":{"line":88,"column":4},"end":{"line":88,"column":62}},{"start":{},"end":{}}],"line":88},"6":{"loc":{"start":{"line":89,"column":4},"end":{"line":89,"column":65}},"type":"if","locations":[{"start":{"line":89,"column":4},"end":{"line":89,"column":65}},{"start":{},"end":{}}],"line":89},"7":{"loc":{"start":{"line":90,"column":4},"end":{"line":90,"column":67}},"type":"if","locations":[{"start":{"line":90,"column":4},"end":{"line":90,"column":67}},{"start":{},"end":{}}],"line":90},"8":{"loc":{"start":{"line":103,"column":13},"end":{"line":111,"column":13}},"type":"cond-expr","locations":[{"start":{"line":104,"column":14},"end":{"line":108,"column":16}},{"start":{"line":110,"column":14},"end":{"line":110,"column":70}}],"line":103},"9":{"loc":{"start":{"line":103,"column":13},"end":{"line":103,"column":115}},"type":"binary-expr","locations":[{"start":{"line":103,"column":13},"end":{"line":103,"column":33}},{"start":{"line":103,"column":37},"end":{"line":103,"column":77}},{"start":{"line":103,"column":81},"end":{"line":103,"column":115}}],"line":103},"10":{"loc":{"start":{"line":118,"column":15},"end":{"line":123,"column":15}},"type":"binary-expr","locations":[{"start":{"line":118,"column":15},"end":{"line":118,"column":28}},{"start":{"line":119,"column":16},"end":{"line":122,"column":19}}],"line":118},"11":{"loc":{"start":{"line":121,"column":63},"end":{"line":121,"column":97}},"type":"cond-expr","locations":[{"start":{"line":121,"column":81},"end":{"line":121,"column":87}},{"start":{"line":121,"column":90},"end":{"line":121,"column":97}}],"line":121},"12":{"loc":{"start":{"line":128,"column":15},"end":{"line":135,"column":15}},"type":"binary-expr","locations":[{"start":{"line":128,"column":15},"end":{"line":128,"column":25}},{"start":{"line":129,"column":16},"end":{"line":134,"column":19}}],"line":128},"13":{"loc":{"start":{"line":143,"column":20},"end":{"line":143,"column":53}},"type":"cond-expr","locations":[{"start":{"line":143,"column":28},"end":{"line":143,"column":35}},{"start":{"line":143,"column":38},"end":{"line":143,"column":53}}],"line":143},"14":{"loc":{"start":{"line":145,"column":21},"end":{"line":145,"column":47}},"type":"cond-expr","locations":[{"start":{"line":145,"column":29},"end":{"line":145,"column":38}},{"start":{"line":145,"column":41},"end":{"line":145,"column":47}}],"line":145},"15":{"loc":{"start":{"line":157,"column":20},"end":{"line":157,"column":38}},"type":"binary-expr","locations":[{"start":{"line":157,"column":20},"end":{"line":157,"column":32}},{"start":{"line":157,"column":36},"end":{"line":157,"column":38}}],"line":157},"16":{"loc":{"start":{"line":163,"column":13},"end":{"line":171,"column":13}},"type":"cond-expr","locations":[{"start":{"line":164,"column":14},"end":{"line":168,"column":16}},{"start":{"line":170,"column":14},"end":{"line":170,"column":70}}],"line":163},"17":{"loc":{"start":{"line":163,"column":13},"end":{"line":163,"column":112}},"type":"binary-expr","locations":[{"start":{"line":163,"column":13},"end":{"line":163,"column":32}},{"start":{"line":163,"column":36},"end":{"line":163,"column":75}},{"start":{"line":163,"column":79},"end":{"line":163,"column":112}}],"line":163},"18":{"loc":{"start":{"line":178,"column":15},"end":{"line":183,"column":15}},"type":"binary-expr","locations":[{"start":{"line":178,"column":15},"end":{"line":178,"column":28}},{"start":{"line":179,"column":16},"end":{"line":182,"column":19}}],"line":178},"19":{"loc":{"start":{"line":181,"column":63},"end":{"line":181,"column":97}},"type":"cond-expr","locations":[{"start":{"line":181,"column":81},"end":{"line":181,"column":87}},{"start":{"line":181,"column":90},"end":{"line":181,"column":97}}],"line":181},"20":{"loc":{"start":{"line":188,"column":15},"end":{"line":195,"column":15}},"type":"binary-expr","locations":[{"start":{"line":188,"column":15},"end":{"line":188,"column":27}},{"start":{"line":189,"column":16},"end":{"line":194,"column":19}}],"line":188},"21":{"loc":{"start":{"line":203,"column":20},"end":{"line":203,"column":53}},"type":"cond-expr","locations":[{"start":{"line":203,"column":28},"end":{"line":203,"column":35}},{"start":{"line":203,"column":38},"end":{"line":203,"column":53}}],"line":203},"22":{"loc":{"start":{"line":205,"column":21},"end":{"line":205,"column":47}},"type":"cond-expr","locations":[{"start":{"line":205,"column":29},"end":{"line":205,"column":38}},{"start":{"line":205,"column":41},"end":{"line":205,"column":47}}],"line":205},"23":{"loc":{"start":{"line":211,"column":9},"end":{"line":215,"column":9}},"type":"binary-expr","locations":[{"start":{"line":211,"column":9},"end":{"line":211,"column":27}},{"start":{"line":212,"column":10},"end":{"line":214,"column":17}}],"line":211},"24":{"loc":{"start":{"line":229,"column":18},"end":{"line":229,"column":62}},"type":"cond-expr","locations":[{"start":{"line":229,"column":42},"end":{"line":229,"column":51}},{"start":{"line":229,"column":54},"end":{"line":229,"column":62}}],"line":229},"25":{"loc":{"start":{"line":258,"column":11},"end":{"line":267,"column":11}},"type":"binary-expr","locations":[{"start":{"line":258,"column":11},"end":{"line":258,"column":21}},{"start":{"line":259,"column":12},"end":{"line":266,"column":19}}],"line":258},"26":{"loc":{"start":{"line":270,"column":15},"end":{"line":278,"column":15}},"type":"cond-expr","locations":[{"start":{"line":271,"column":16},"end":{"line":275,"column":18}},{"start":{"line":277,"column":16},"end":{"line":277,"column":72}}],"line":270},"27":{"loc":{"start":{"line":270,"column":15},"end":{"line":270,"column":123}},"type":"binary-expr","locations":[{"start":{"line":270,"column":15},"end":{"line":270,"column":37}},{"start":{"line":270,"column":41},"end":{"line":270,"column":83}},{"start":{"line":270,"column":87},"end":{"line":270,"column":123}}],"line":270},"28":{"loc":{"start":{"line":282,"column":27},"end":{"line":282,"column":98}},"type":"cond-expr","locations":[{"start":{"line":282,"column":40},"end":{"line":282,"column":77}},{"start":{"line":282,"column":80},"end":{"line":282,"column":98}}],"line":282},"29":{"loc":{"start":{"line":289,"column":13},"end":{"line":293,"column":13}},"type":"binary-expr","locations":[{"start":{"line":289,"column":13},"end":{"line":289,"column":42}},{"start":{"line":290,"column":14},"end":{"line":292,"column":33}}],"line":289},"30":{"loc":{"start":{"line":312,"column":16},"end":{"line":312,"column":47}},"type":"cond-expr","locations":[{"start":{"line":312,"column":40},"end":{"line":312,"column":42}},{"start":{"line":312,"column":45},"end":{"line":312,"column":47}}],"line":312},"31":{"loc":{"start":{"line":448,"column":19},"end":{"line":448,"column":50}},"type":"cond-expr","locations":[{"start":{"line":448,"column":43},"end":{"line":448,"column":45}},{"start":{"line":448,"column":48},"end":{"line":448,"column":50}}],"line":448}},"s":{"0":0,"1":0,"2":0,"3":0,"4":0,"5":0,"6":0,"7":0,"8":0,"9":0,"10":0,"11":0,"12":0,"13":0,"14":0,"15":0,"16":0,"17":0,"18":0,"19":0,"20":0,"21":0,"22":0,"23":0,"24":0,"25":0,"26":0,"27":0,"28":0,"29":0,"30":0,"31":0,"32":0,"33":0,"34":0,"35":0,"36":0,"37":0,"38":0,"39":0,"40":0,"41":0,"42":0,"43":0,"44":0,"45":0,"46":0,"47":0,"48":0,"49":0,"50":0,"51":0,"52":0,"53":0,"54":0,"55":0,"56":0,"57":0,"58":0},"f":{"0":0,"1":0,"2":0,"3":0,"4":0,"5":0,"6":0,"7":0,"8":0,"9":0,"10":0,"11":0,"12":0,"13":0,"14":0,"15":0,"16":0,"17":0,"18":0},"b":{"0":[0,0],"1":[0,0],"2":[0],"3":[0,0],"4":[0,0],"5":[0,0],"6":[0,0],"7":[0,0],"8":[0,0],"9":[0,0,0],"10":[0,0],"11":[0,0],"12":[0,0],"13":[0,0],"14":[0,0],"15":[0,0],"16":[0,0],"17":[0,0,0],"18":[0,0],"19":[0,0],"20":[0,0],"21":[0,0],"22":[0,0],"23":[0,0],"24":[0,0],"25":[0,0],"26":[0,0],"27":[0,0,0],"28":[0,0],"29":[0,0],"30":[0,0],"31":[0,0]}}
,"/Users/ivan/CS2/components/CreatorDiscovery.js": {"path":"/Users/ivan/CS2/components/CreatorDiscovery.js","statementMap":{"0":{"start":{"line":8,"column":42},"end":{"line":8,"column":56}},"1":{"start":{"line":10,"column":29},"end":{"line":19,"column":3}},"2":{"start":{"line":11,"column":4},"end":{"line":14,"column":5}},"3":{"start":{"line":12,"column":6},"end":{"line":12,"column":21}},"4":{"start":{"line":13,"column":6},"end":{"line":13,"column":13}},"5":{"start":{"line":15,"column":4},"end":{"line":18,"column":7}},"6":{"start":{"line":22,"column":2},"end":{"line":35,"column":3}},"7":{"start":{"line":23,"column":4},"end":{"line":34,"column":6}},"8":{"start":{"line":38,"column":18},"end":{"line":38,"column":47}},"9":{"start":{"line":40,"column":29},"end":{"line":43,"column":3}},"10":{"start":{"line":41,"column":4},"end":{"line":41,"column":25}},"11":{"start":{"line":41,"column":18},"end":{"line":41,"column":25}},"12":{"start":{"line":42,"column":4},"end":{"line":42,"column":91}},"13":{"start":{"line":45,"column":2},"end":{"line":100,"column":4}},"14":{"start":{"line":48,"column":21},"end":{"line":48,"column":81}},"15":{"start":{"line":56,"column":27},"end":{"line":56,"column":48}},"16":{"start":{"line":57,"column":22},"end":{"line":57,"column":44}},"17":{"start":{"line":103,"column":15},"end":{"line":211,"column":2}}},"fnMap":{"0":{"name":"CreatorDiscovery","decl":{"start":{"line":7,"column":24},"end":{"line":7,"column":40}},"loc":{"start":{"line":7,"column":79},"end":{"line":101,"column":1}},"line":7},"1":{"name":"(anonymous_1)","decl":{"start":{"line":10,"column":29},"end":{"line":10,"column":30}},"loc":{"start":{"line":10,"column":35},"end":{"line":19,"column":3}},"line":10},"2":{"name":"(anonymous_2)","decl":{"start":{"line":40,"column":29},"end":{"line":40,"column":30}},"loc":{"start":{"line":40,"column":35},"end":{"line":43,"column":3}},"line":40},"3":{"name":"(anonymous_3)","decl":{"start":{"line":48,"column":15},"end":{"line":48,"column":16}},"loc":{"start":{"line":48,"column":21},"end":{"line":48,"column":81}},"line":48},"4":{"name":"(anonymous_4)","decl":{"start":{"line":56,"column":21},"end":{"line":56,"column":22}},"loc":{"start":{"line":56,"column":27},"end":{"line":56,"column":48}},"line":56},"5":{"name":"(anonymous_5)","decl":{"start":{"line":57,"column":16},"end":{"line":57,"column":17}},"loc":{"start":{"line":57,"column":22},"end":{"line":57,"column":44}},"line":57}},"branchMap":{"0":{"loc":{"start":{"line":11,"column":4},"end":{"line":14,"column":5}},"type":"if","locations":[{"start":{"line":11,"column":4},"end":{"line":14,"column":5}},{"start":{},"end":{}}],"line":11},"1":{"loc":{"start":{"line":22,"column":2},"end":{"line":35,"column":3}},"type":"if","locations":[{"start":{"line":22,"column":2},"end":{"line":35,"column":3}},{"start":{},"end":{}}],"line":22},"2":{"loc":{"start":{"line":41,"column":4},"end":{"line":41,"column":25}},"type":"if","locations":[{"start":{"line":41,"column":4},"end":{"line":41,"column":25}},{"start":{},"end":{}}],"line":41},"3":{"loc":{"start":{"line":51,"column":16},"end":{"line":51,"column":99}},"type":"cond-expr","locations":[{"start":{"line":51,"column":55},"end":{"line":51,"column":80}},{"start":{"line":51,"column":83},"end":{"line":51,"column":99}}],"line":51},"4":{"loc":{"start":{"line":61,"column":7},"end":{"line":65,"column":7}},"type":"binary-expr","locations":[{"start":{"line":61,"column":7},"end":{"line":61,"column":19}},{"start":{"line":62,"column":8},"end":{"line":64,"column":15}}],"line":61},"5":{"loc":{"start":{"line":68,"column":7},"end":{"line":72,"column":7}},"type":"binary-expr","locations":[{"start":{"line":68,"column":7},"end":{"line":68,"column":24}},{"start":{"line":69,"column":8},"end":{"line":71,"column":15}}],"line":68},"6":{"loc":{"start":{"line":76,"column":9},"end":{"line":88,"column":9}},"type":"binary-expr","locations":[{"start":{"line":76,"column":9},"end":{"line":76,"column":16}},{"start":{"line":77,"column":10},"end":{"line":87,"column":29}}],"line":76},"7":{"loc":{"start":{"line":84,"column":13},"end":{"line":86,"column":13}},"type":"binary-expr","locations":[{"start":{"line":84,"column":13},"end":{"line":84,"column":31}},{"start":{"line":85,"column":14},"end":{"line":85,"column":76}}],"line":84}},"s":{"0":0,"1":0,"2":0,"3":0,"4":0,"5":0,"6":0,"7":0,"8":0,"9":0,"10":0,"11":0,"12":0,"13":0,"14":0,"15":0,"16":0,"17":1},"f":{"0":0,"1":0,"2":0,"3":0,"4":0,"5":0},"b":{"0":[0,0],"1":[0,0],"2":[0,0],"3":[0,0],"4":[0,0],"5":[0,0],"6":[0,0],"7":[0,0]},"_coverageSchema":"1a1c01bbd47fc00a2c39e90264f33305004495a9","hash":"69a46a582f8566be60ae14dd9a6d5e35db5bb804"}
,"/Users/ivan/CS2/components/DraftSelectionModal.js": {"path":"/Users/ivan/CS2/components/DraftSelectionModal.js","statementMap":{"0":{"start":{"line":26,"column":34},"end":{"line":26,"column":45}},"1":{"start":{"line":29,"column":23},"end":{"line":33,"column":4}},"2":{"start":{"line":30,"column":18},"end":{"line":30,"column":49}},"3":{"start":{"line":31,"column":18},"end":{"line":31,"column":49}},"4":{"start":{"line":32,"column":4},"end":{"line":32,"column":25}},"5":{"start":{"line":35,"column":28},"end":{"line":38,"column":3}},"6":{"start":{"line":36,"column":4},"end":{"line":36,"column":25}},"7":{"start":{"line":37,"column":4},"end":{"line":37,"column":14}},"8":{"start":{"line":40,"column":26},"end":{"line":43,"column":3}},"9":{"start":{"line":41,"column":4},"end":{"line":41,"column":18}},"10":{"start":{"line":42,"column":4},"end":{"line":42,"column":14}},"11":{"start":{"line":45,"column":28},"end":{"line":60,"column":3}},"12":{"start":{"line":46,"column":4},"end":{"line":59,"column":6}},"13":{"start":{"line":55,"column":12},"end":{"line":55,"column":43}},"14":{"start":{"line":62,"column":26},"end":{"line":125,"column":3}},"15":{"start":{"line":63,"column":22},"end":{"line":63,"column":72}},"16":{"start":{"line":64,"column":23},"end":{"line":64,"column":53}},"17":{"start":{"line":66,"column":4},"end":{"line":124,"column":6}},"18":{"start":{"line":69,"column":23},"end":{"line":69,"column":46}},"19":{"start":{"line":117,"column":12},"end":{"line":117,"column":32}},"20":{"start":{"line":118,"column":12},"end":{"line":118,"column":43}},"21":{"start":{"line":127,"column":27},"end":{"line":135,"column":3}},"22":{"start":{"line":128,"column":4},"end":{"line":134,"column":11}},"23":{"start":{"line":137,"column":2},"end":{"line":180,"column":4}},"24":{"start":{"line":173,"column":43},"end":{"line":173,"column":82}},"25":{"start":{"line":183,"column":15},"end":{"line":325,"column":2}}},"fnMap":{"0":{"name":"DraftSelectionModal","decl":{"start":{"line":25,"column":24},"end":{"line":25,"column":43}},"loc":{"start":{"line":25,"column":94},"end":{"line":181,"column":1}},"line":25},"1":{"name":"(anonymous_1)","decl":{"start":{"line":29,"column":40},"end":{"line":29,"column":41}},"loc":{"start":{"line":29,"column":50},"end":{"line":33,"column":3}},"line":29},"2":{"name":"(anonymous_2)","decl":{"start":{"line":35,"column":28},"end":{"line":35,"column":29}},"loc":{"start":{"line":35,"column":39},"end":{"line":38,"column":3}},"line":35},"3":{"name":"(anonymous_3)","decl":{"start":{"line":40,"column":26},"end":{"line":40,"column":27}},"loc":{"start":{"line":40,"column":32},"end":{"line":43,"column":3}},"line":40},"4":{"name":"(anonymous_4)","decl":{"start":{"line":45,"column":28},"end":{"line":45,"column":29}},"loc":{"start":{"line":45,"column":46},"end":{"line":60,"column":3}},"line":45},"5":{"name":"(anonymous_5)","decl":{"start":{"line":54,"column":19},"end":{"line":54,"column":20}},"loc":{"start":{"line":54,"column":25},"end":{"line":56,"column":11}},"line":54},"6":{"name":"(anonymous_6)","decl":{"start":{"line":62,"column":26},"end":{"line":62,"column":27}},"loc":{"start":{"line":62,"column":47},"end":{"line":125,"column":3}},"line":62},"7":{"name":"(anonymous_7)","decl":{"start":{"line":69,"column":17},"end":{"line":69,"column":18}},"loc":{"start":{"line":69,"column":23},"end":{"line":69,"column":46}},"line":69},"8":{"name":"(anonymous_8)","decl":{"start":{"line":116,"column":19},"end":{"line":116,"column":20}},"loc":{"start":{"line":116,"column":26},"end":{"line":119,"column":11}},"line":116},"9":{"name":"(anonymous_9)","decl":{"start":{"line":127,"column":27},"end":{"line":127,"column":28}},"loc":{"start":{"line":128,"column":4},"end":{"line":134,"column":11}},"line":128},"10":{"name":"(anonymous_10)","decl":{"start":{"line":173,"column":26},"end":{"line":173,"column":27}},"loc":{"start":{"line":173,"column":43},"end":{"line":173,"column":82}},"line":173}},"branchMap":{"0":{"loc":{"start":{"line":30,"column":18},"end":{"line":30,"column":49}},"type":"binary-expr","locations":[{"start":{"line":30,"column":18},"end":{"line":30,"column":29}},{"start":{"line":30,"column":33},"end":{"line":30,"column":44}},{"start":{"line":30,"column":48},"end":{"line":30,"column":49}}],"line":30},"1":{"loc":{"start":{"line":31,"column":18},"end":{"line":31,"column":49}},"type":"binary-expr","locations":[{"start":{"line":31,"column":18},"end":{"line":31,"column":29}},{"start":{"line":31,"column":33},"end":{"line":31,"column":44}},{"start":{"line":31,"column":48},"end":{"line":31,"column":49}}],"line":31},"2":{"loc":{"start":{"line":55,"column":24},"end":{"line":55,"column":41}},"type":"binary-expr","locations":[{"start":{"line":55,"column":24},"end":{"line":55,"column":32}},{"start":{"line":55,"column":36},"end":{"line":55,"column":41}}],"line":55},"3":{"loc":{"start":{"line":63,"column":22},"end":{"line":63,"column":72}},"type":"binary-expr","locations":[{"start":{"line":63,"column":22},"end":{"line":63,"column":37}},{"start":{"line":63,"column":41},"end":{"line":63,"column":54}},{"start":{"line":63,"column":58},"end":{"line":63,"column":72}}],"line":63},"4":{"loc":{"start":{"line":64,"column":23},"end":{"line":64,"column":53}},"type":"binary-expr","locations":[{"start":{"line":64,"column":23},"end":{"line":64,"column":33}},{"start":{"line":64,"column":37},"end":{"line":64,"column":53}}],"line":64},"5":{"loc":{"start":{"line":73,"column":11},"end":{"line":83,"column":11}},"type":"cond-expr","locations":[{"start":{"line":74,"column":12},"end":{"line":78,"column":14}},{"start":{"line":80,"column":12},"end":{"line":82,"column":19}}],"line":73},"6":{"loc":{"start":{"line":89,"column":13},"end":{"line":89,"column":43}},"type":"binary-expr","locations":[{"start":{"line":89,"column":13},"end":{"line":89,"column":23}},{"start":{"line":89,"column":27},"end":{"line":89,"column":43}}],"line":89},"7":{"loc":{"start":{"line":92,"column":11},"end":{"line":96,"column":11}},"type":"binary-expr","locations":[{"start":{"line":92,"column":11},"end":{"line":92,"column":27}},{"start":{"line":93,"column":12},"end":{"line":95,"column":19}}],"line":92},"8":{"loc":{"start":{"line":99,"column":13},"end":{"line":99,"column":73}},"type":"binary-expr","locations":[{"start":{"line":99,"column":13},"end":{"line":99,"column":22}},{"start":{"line":99,"column":26},"end":{"line":99,"column":73}}],"line":99},"9":{"loc":{"start":{"line":100,"column":13},"end":{"line":100,"column":73}},"type":"binary-expr","locations":[{"start":{"line":100,"column":13},"end":{"line":100,"column":22}},{"start":{"line":100,"column":26},"end":{"line":100,"column":73}}],"line":100},"10":{"loc":{"start":{"line":101,"column":13},"end":{"line":101,"column":81}},"type":"binary-expr","locations":[{"start":{"line":101,"column":13},"end":{"line":101,"column":26}},{"start":{"line":101,"column":30},"end":{"line":101,"column":81}}],"line":101},"11":{"loc":{"start":{"line":105,"column":22},"end":{"line":105,"column":54}},"type":"binary-expr","locations":[{"start":{"line":105,"column":22},"end":{"line":105,"column":36}},{"start":{"line":105,"column":40},"end":{"line":105,"column":54}}],"line":105},"12":{"loc":{"start":{"line":106,"column":22},"end":{"line":106,"column":54}},"type":"binary-expr","locations":[{"start":{"line":106,"column":22},"end":{"line":106,"column":36}},{"start":{"line":106,"column":40},"end":{"line":106,"column":54}}],"line":106},"13":{"loc":{"start":{"line":162,"column":11},"end":{"line":168,"column":11}},"type":"binary-expr","locations":[{"start":{"line":162,"column":11},"end":{"line":162,"column":34}},{"start":{"line":163,"column":12},"end":{"line":167,"column":19}}],"line":162},"14":{"loc":{"start":{"line":173,"column":43},"end":{"line":173,"column":82}},"type":"binary-expr","locations":[{"start":{"line":173,"column":43},"end":{"line":173,"column":62}},{"start":{"line":173,"column":66},"end":{"line":173,"column":82}}],"line":173}},"s":{"0":0,"1":0,"2":0,"3":0,"4":0,"5":0,"6":0,"7":0,"8":0,"9":0,"10":0,"11":0,"12":0,"13":0,"14":0,"15":0,"16":0,"17":0,"18":0,"19":0,"20":0,"21":0,"22":0,"23":0,"24":0,"25":0},"f":{"0":0,"1":0,"2":0,"3":0,"4":0,"5":0,"6":0,"7":0,"8":0,"9":0,"10":0},"b":{"0":[0,0,0],"1":[0,0,0],"2":[0,0],"3":[0,0,0],"4":[0,0],"5":[0,0],"6":[0,0],"7":[0,0],"8":[0,0],"9":[0,0],"10":[0,0],"11":[0,0],"12":[0,0],"13":[0,0],"14":[0,0]}}
,"/Users/ivan/CS2/components/FollowersFollowingModal.js": {"path":"/Users/ivan/CS2/components/FollowersFollowingModal.js","statementMap":{"0":{"start":{"line":19,"column":21},"end":{"line":19,"column":36}},"1":{"start":{"line":20,"column":98},"end":{"line":20,"column":109}},"2":{"start":{"line":21,"column":22},"end":{"line":21,"column":34}},"3":{"start":{"line":22,"column":26},"end":{"line":22,"column":35}},"4":{"start":{"line":23,"column":36},"end":{"line":23,"column":56}},"5":{"start":{"line":25,"column":20},"end":{"line":25,"column":34}},"6":{"start":{"line":26,"column":20},"end":{"line":26,"column":34}},"7":{"start":{"line":28,"column":22},"end":{"line":28,"column":71}},"8":{"start":{"line":30,"column":2},"end":{"line":35,"column":46}},"9":{"start":{"line":31,"column":4},"end":{"line":34,"column":5}},"10":{"start":{"line":32,"column":6},"end":{"line":32,"column":31}},"11":{"start":{"line":33,"column":6},"end":{"line":33,"column":25}},"12":{"start":{"line":37,"column":29},"end":{"line":43,"column":3}},"13":{"start":{"line":38,"column":4},"end":{"line":42,"column":5}},"14":{"start":{"line":39,"column":6},"end":{"line":39,"column":64}},"15":{"start":{"line":41,"column":6},"end":{"line":41,"column":83}},"16":{"start":{"line":45,"column":28},"end":{"line":49,"column":3}},"17":{"start":{"line":46,"column":4},"end":{"line":46,"column":26}},"18":{"start":{"line":46,"column":19},"end":{"line":46,"column":26}},"19":{"start":{"line":47,"column":4},"end":{"line":47,"column":16}},"20":{"start":{"line":48,"column":4},"end":{"line":48,"column":85}},"21":{"start":{"line":51,"column":21},"end":{"line":91,"column":3}},"22":{"start":{"line":53,"column":6},"end":{"line":54,"column":79}},"23":{"start":{"line":55,"column":26},"end":{"line":55,"column":76}},"24":{"start":{"line":57,"column":4},"end":{"line":90,"column":6}},"25":{"start":{"line":59,"column":65},"end":{"line":59,"column":88}},"26":{"start":{"line":82,"column":27},"end":{"line":82,"column":51}},"27":{"start":{"line":93,"column":27},"end":{"line":109,"column":3}},"28":{"start":{"line":94,"column":4},"end":{"line":108,"column":11}},"29":{"start":{"line":111,"column":2},"end":{"line":159,"column":4}},"30":{"start":{"line":132,"column":27},"end":{"line":132,"column":52}},"31":{"start":{"line":141,"column":27},"end":{"line":141,"column":52}},"32":{"start":{"line":153,"column":34},"end":{"line":153,"column":41}},"33":{"start":{"line":162,"column":15},"end":{"line":289,"column":2}}},"fnMap":{"0":{"name":"FollowersFollowingModal","decl":{"start":{"line":18,"column":24},"end":{"line":18,"column":47}},"loc":{"start":{"line":18,"column":96},"end":{"line":160,"column":1}},"line":18},"1":{"name":"(anonymous_1)","decl":{"start":{"line":30,"column":12},"end":{"line":30,"column":13}},"loc":{"start":{"line":30,"column":18},"end":{"line":35,"column":3}},"line":30},"2":{"name":"(anonymous_2)","decl":{"start":{"line":37,"column":29},"end":{"line":37,"column":30}},"loc":{"start":{"line":37,"column":45},"end":{"line":43,"column":3}},"line":37},"3":{"name":"(anonymous_3)","decl":{"start":{"line":45,"column":28},"end":{"line":45,"column":29}},"loc":{"start":{"line":45,"column":38},"end":{"line":49,"column":3}},"line":45},"4":{"name":"(anonymous_4)","decl":{"start":{"line":51,"column":21},"end":{"line":51,"column":22}},"loc":{"start":{"line":51,"column":35},"end":{"line":91,"column":3}},"line":51},"5":{"name":"(anonymous_5)","decl":{"start":{"line":59,"column":59},"end":{"line":59,"column":60}},"loc":{"start":{"line":59,"column":65},"end":{"line":59,"column":88}},"line":59},"6":{"name":"(anonymous_6)","decl":{"start":{"line":82,"column":21},"end":{"line":82,"column":22}},"loc":{"start":{"line":82,"column":27},"end":{"line":82,"column":51}},"line":82},"7":{"name":"(anonymous_7)","decl":{"start":{"line":93,"column":27},"end":{"line":93,"column":28}},"loc":{"start":{"line":94,"column":4},"end":{"line":108,"column":11}},"line":94},"8":{"name":"(anonymous_8)","decl":{"start":{"line":132,"column":21},"end":{"line":132,"column":22}},"loc":{"start":{"line":132,"column":27},"end":{"line":132,"column":52}},"line":132},"9":{"name":"(anonymous_9)","decl":{"start":{"line":141,"column":21},"end":{"line":141,"column":22}},"loc":{"start":{"line":141,"column":27},"end":{"line":141,"column":52}},"line":141},"10":{"name":"(anonymous_10)","decl":{"start":{"line":153,"column":24},"end":{"line":153,"column":25}},"loc":{"start":{"line":153,"column":34},"end":{"line":153,"column":41}},"line":153}},"branchMap":{"0":{"loc":{"start":{"line":18,"column":68},"end":{"line":18,"column":92}},"type":"default-arg","locations":[{"start":{"line":18,"column":81},"end":{"line":18,"column":92}}],"line":18},"1":{"loc":{"start":{"line":28,"column":22},"end":{"line":28,"column":71}},"type":"cond-expr","locations":[{"start":{"line":28,"column":50},"end":{"line":28,"column":59}},{"start":{"line":28,"column":62},"end":{"line":28,"column":71}}],"line":28},"2":{"loc":{"start":{"line":31,"column":4},"end":{"line":34,"column":5}},"type":"if","locations":[{"start":{"line":31,"column":4},"end":{"line":34,"column":5}},{"start":{},"end":{}}],"line":31},"3":{"loc":{"start":{"line":38,"column":4},"end":{"line":42,"column":5}},"type":"if","locations":[{"start":{"line":38,"column":4},"end":{"line":42,"column":5}},{"start":{"line":40,"column":11},"end":{"line":42,"column":5}}],"line":38},"4":{"loc":{"start":{"line":46,"column":4},"end":{"line":46,"column":26}},"type":"if","locations":[{"start":{"line":46,"column":4},"end":{"line":46,"column":26}},{"start":{},"end":{}}],"line":46},"5":{"loc":{"start":{"line":53,"column":6},"end":{"line":54,"column":79}},"type":"binary-expr","locations":[{"start":{"line":53,"column":6},"end":{"line":53,"column":34}},{"start":{"line":54,"column":7},"end":{"line":54,"column":20}},{"start":{"line":54,"column":24},"end":{"line":54,"column":40}},{"start":{"line":54,"column":44},"end":{"line":54,"column":78}}],"line":53},"6":{"loc":{"start":{"line":61,"column":13},"end":{"line":69,"column":13}},"type":"cond-expr","locations":[{"start":{"line":62,"column":14},"end":{"line":66,"column":16}},{"start":{"line":68,"column":14},"end":{"line":68,"column":70}}],"line":61},"7":{"loc":{"start":{"line":61,"column":13},"end":{"line":61,"column":112}},"type":"binary-expr","locations":[{"start":{"line":61,"column":13},"end":{"line":61,"column":32}},{"start":{"line":61,"column":36},"end":{"line":61,"column":75}},{"start":{"line":61,"column":79},"end":{"line":61,"column":112}}],"line":61},"8":{"loc":{"start":{"line":74,"column":26},"end":{"line":74,"column":52}},"type":"binary-expr","locations":[{"start":{"line":74,"column":26},"end":{"line":74,"column":39}},{"start":{"line":74,"column":43},"end":{"line":74,"column":52}}],"line":74},"9":{"loc":{"start":{"line":79,"column":9},"end":{"line":88,"column":9}},"type":"binary-expr","locations":[{"start":{"line":79,"column":9},"end":{"line":79,"column":23}},{"start":{"line":80,"column":10},"end":{"line":87,"column":29}}],"line":79},"10":{"loc":{"start":{"line":81,"column":41},"end":{"line":81,"column":80}},"type":"binary-expr","locations":[{"start":{"line":81,"column":41},"end":{"line":81,"column":54}},{"start":{"line":81,"column":58},"end":{"line":81,"column":80}}],"line":81},"11":{"loc":{"start":{"line":84,"column":51},"end":{"line":84,"column":94}},"type":"binary-expr","locations":[{"start":{"line":84,"column":51},"end":{"line":84,"column":64}},{"start":{"line":84,"column":68},"end":{"line":84,"column":94}}],"line":84},"12":{"loc":{"start":{"line":85,"column":15},"end":{"line":85,"column":53}},"type":"cond-expr","locations":[{"start":{"line":85,"column":31},"end":{"line":85,"column":42}},{"start":{"line":85,"column":45},"end":{"line":85,"column":53}}],"line":85},"13":{"loc":{"start":{"line":96,"column":14},"end":{"line":96,"column":81}},"type":"cond-expr","locations":[{"start":{"line":96,"column":42},"end":{"line":96,"column":58}},{"start":{"line":96,"column":61},"end":{"line":96,"column":81}}],"line":96},"14":{"loc":{"start":{"line":101,"column":9},"end":{"line":101,"column":84}},"type":"cond-expr","locations":[{"start":{"line":101,"column":37},"end":{"line":101,"column":55}},{"start":{"line":101,"column":58},"end":{"line":101,"column":84}}],"line":101},"15":{"loc":{"start":{"line":104,"column":9},"end":{"line":106,"column":67}},"type":"cond-expr","locations":[{"start":{"line":105,"column":12},"end":{"line":105,"column":59}},{"start":{"line":106,"column":12},"end":{"line":106,"column":67}}],"line":104},"16":{"loc":{"start":{"line":131,"column":32},"end":{"line":131,"column":77}},"type":"binary-expr","locations":[{"start":{"line":131,"column":32},"end":{"line":131,"column":57}},{"start":{"line":131,"column":61},"end":{"line":131,"column":77}}],"line":131},"17":{"loc":{"start":{"line":134,"column":42},"end":{"line":134,"column":91}},"type":"binary-expr","locations":[{"start":{"line":134,"column":42},"end":{"line":134,"column":67}},{"start":{"line":134,"column":71},"end":{"line":134,"column":91}}],"line":134},"18":{"loc":{"start":{"line":140,"column":32},"end":{"line":140,"column":77}},"type":"binary-expr","locations":[{"start":{"line":140,"column":32},"end":{"line":140,"column":57}},{"start":{"line":140,"column":61},"end":{"line":140,"column":77}}],"line":140},"19":{"loc":{"start":{"line":143,"column":42},"end":{"line":143,"column":91}},"type":"binary-expr","locations":[{"start":{"line":143,"column":42},"end":{"line":143,"column":67}},{"start":{"line":143,"column":71},"end":{"line":143,"column":91}}],"line":143},"20":{"loc":{"start":{"line":173,"column":16},"end":{"line":173,"column":47}},"type":"cond-expr","locations":[{"start":{"line":173,"column":40},"end":{"line":173,"column":42}},{"start":{"line":173,"column":45},"end":{"line":173,"column":47}}],"line":173}},"s":{"0":0,"1":0,"2":0,"3":0,"4":0,"5":0,"6":0,"7":0,"8":0,"9":0,"10":0,"11":0,"12":0,"13":0,"14":0,"15":0,"16":0,"17":0,"18":0,"19":0,"20":0,"21":0,"22":0,"23":0,"24":0,"25":0,"26":0,"27":0,"28":0,"29":0,"30":0,"31":0,"32":0,"33":0},"f":{"0":0,"1":0,"2":0,"3":0,"4":0,"5":0,"6":0,"7":0,"8":0,"9":0,"10":0},"b":{"0":[0],"1":[0,0],"2":[0,0],"3":[0,0],"4":[0,0],"5":[0,0,0,0],"6":[0,0],"7":[0,0,0],"8":[0,0],"9":[0,0],"10":[0,0],"11":[0,0],"12":[0,0],"13":[0,0],"14":[0,0],"15":[0,0],"16":[0,0],"17":[0,0],"18":[0,0],"19":[0,0],"20":[0,0]}}
,"/Users/ivan/CS2/components/ImageCropModal.js": {"path":"/Users/ivan/CS2/components/ImageCropModal.js","statementMap":{"0":{"start":{"line":19,"column":21},"end":{"line":19,"column":51}},"1":{"start":{"line":20,"column":22},"end":{"line":20,"column":53}},"2":{"start":{"line":22,"column":25},"end":{"line":22,"column":42}},"3":{"start":{"line":23,"column":26},"end":{"line":23,"column":53}},"4":{"start":{"line":26,"column":38},"end":{"line":26,"column":53}},"5":{"start":{"line":27,"column":36},"end":{"line":27,"column":69}},"6":{"start":{"line":28,"column":34},"end":{"line":28,"column":45}},"7":{"start":{"line":31,"column":21},"end":{"line":31,"column":58}},"8":{"start":{"line":32,"column":21},"end":{"line":32,"column":58}},"9":{"start":{"line":33,"column":16},"end":{"line":33,"column":53}},"10":{"start":{"line":36,"column":2},"end":{"line":66,"column":26}},"11":{"start":{"line":37,"column":4},"end":{"line":65,"column":5}},"12":{"start":{"line":38,"column":22},"end":{"line":38,"column":51}},"13":{"start":{"line":40,"column":6},"end":{"line":64,"column":8}},"14":{"start":{"line":43,"column":10},"end":{"line":43,"column":59}},"15":{"start":{"line":44,"column":10},"end":{"line":44,"column":42}},"16":{"start":{"line":47,"column":25},"end":{"line":47,"column":49}},"17":{"start":{"line":48,"column":25},"end":{"line":48,"column":51}},"18":{"start":{"line":49,"column":31},"end":{"line":49,"column":55}},"19":{"start":{"line":51,"column":10},"end":{"line":51,"column":54}},"20":{"start":{"line":53,"column":10},"end":{"line":53,"column":36}},"21":{"start":{"line":54,"column":10},"end":{"line":54,"column":39}},"22":{"start":{"line":57,"column":10},"end":{"line":57,"column":33}},"23":{"start":{"line":58,"column":10},"end":{"line":58,"column":33}},"24":{"start":{"line":61,"column":10},"end":{"line":61,"column":56}},"25":{"start":{"line":62,"column":10},"end":{"line":62,"column":55}},"26":{"start":{"line":69,"column":23},"end":{"line":93,"column":11}},"27":{"start":{"line":71,"column":42},"end":{"line":71,"column":46}},"28":{"start":{"line":72,"column":41},"end":{"line":72,"column":45}},"29":{"start":{"line":76,"column":8},"end":{"line":76,"column":48}},"30":{"start":{"line":78,"column":8},"end":{"line":78,"column":48}},"31":{"start":{"line":79,"column":8},"end":{"line":79,"column":31}},"32":{"start":{"line":80,"column":8},"end":{"line":80,"column":31}},"33":{"start":{"line":89,"column":8},"end":{"line":89,"column":35}},"34":{"start":{"line":90,"column":8},"end":{"line":90,"column":35}},"35":{"start":{"line":95,"column":23},"end":{"line":105,"column":3}},"36":{"start":{"line":97,"column":25},"end":{"line":97,"column":37}},"37":{"start":{"line":98,"column":21},"end":{"line":98,"column":52}},"38":{"start":{"line":100,"column":4},"end":{"line":104,"column":15}},"39":{"start":{"line":107,"column":24},"end":{"line":117,"column":3}},"40":{"start":{"line":109,"column":25},"end":{"line":109,"column":37}},"41":{"start":{"line":110,"column":21},"end":{"line":110,"column":59}},"42":{"start":{"line":112,"column":4},"end":{"line":116,"column":15}},"43":{"start":{"line":119,"column":22},"end":{"line":123,"column":3}},"44":{"start":{"line":120,"column":4},"end":{"line":120,"column":29}},"45":{"start":{"line":121,"column":4},"end":{"line":121,"column":27}},"46":{"start":{"line":122,"column":4},"end":{"line":122,"column":27}},"47":{"start":{"line":125,"column":21},"end":{"line":211,"column":3}},"48":{"start":{"line":126,"column":4},"end":{"line":126,"column":46}},"49":{"start":{"line":126,"column":39},"end":{"line":126,"column":46}},"50":{"start":{"line":127,"column":4},"end":{"line":127,"column":24}},"51":{"start":{"line":129,"column":4},"end":{"line":210,"column":5}},"52":{"start":{"line":132,"column":23},"end":{"line":132,"column":40}},"53":{"start":{"line":134,"column":23},"end":{"line":134,"column":40}},"54":{"start":{"line":136,"column":27},"end":{"line":136,"column":39}},"55":{"start":{"line":138,"column":6},"end":{"line":138,"column":66}},"56":{"start":{"line":141,"column":31},"end":{"line":141,"column":61}},"57":{"start":{"line":142,"column":32},"end":{"line":142,"column":63}},"58":{"start":{"line":145,"column":27},"end":{"line":145,"column":54}},"59":{"start":{"line":146,"column":27},"end":{"line":146,"column":55}},"60":{"start":{"line":149,"column":27},"end":{"line":149,"column":43}},"61":{"start":{"line":150,"column":27},"end":{"line":150,"column":44}},"62":{"start":{"line":153,"column":22},"end":{"line":153,"column":49}},"63":{"start":{"line":154,"column":22},"end":{"line":154,"column":49}},"64":{"start":{"line":157,"column":31},"end":{"line":157,"column":88}},"65":{"start":{"line":158,"column":30},"end":{"line":158,"column":89}},"66":{"start":{"line":161,"column":20},"end":{"line":161,"column":51}},"67":{"start":{"line":162,"column":20},"end":{"line":162,"column":50}},"68":{"start":{"line":163,"column":24},"end":{"line":163,"column":55}},"69":{"start":{"line":164,"column":25},"end":{"line":164,"column":57}},"70":{"start":{"line":167,"column":21},"end":{"line":167,"column":90}},"71":{"start":{"line":168,"column":21},"end":{"line":168,"column":92}},"72":{"start":{"line":169,"column":25},"end":{"line":169,"column":82}},"73":{"start":{"line":170,"column":26},"end":{"line":170,"column":85}},"74":{"start":{"line":172,"column":6},"end":{"line":177,"column":9}},"75":{"start":{"line":180,"column":21},"end":{"line":202,"column":7}},"76":{"start":{"line":204,"column":6},"end":{"line":204,"column":27}},"77":{"start":{"line":205,"column":6},"end":{"line":205,"column":28}},"78":{"start":{"line":207,"column":6},"end":{"line":207,"column":42}},"79":{"start":{"line":208,"column":6},"end":{"line":208,"column":27}},"80":{"start":{"line":209,"column":6},"end":{"line":209,"column":70}},"81":{"start":{"line":213,"column":2},"end":{"line":309,"column":4}},"82":{"start":{"line":312,"column":15},"end":{"line":493,"column":2}}},"fnMap":{"0":{"name":"ImageCropModal","decl":{"start":{"line":25,"column":24},"end":{"line":25,"column":38}},"loc":{"start":{"line":25,"column":83},"end":{"line":310,"column":1}},"line":25},"1":{"name":"(anonymous_1)","decl":{"start":{"line":36,"column":12},"end":{"line":36,"column":13}},"loc":{"start":{"line":36,"column":18},"end":{"line":66,"column":3}},"line":36},"2":{"name":"(anonymous_2)","decl":{"start":{"line":42,"column":8},"end":{"line":42,"column":9}},"loc":{"start":{"line":42,"column":27},"end":{"line":59,"column":9}},"line":42},"3":{"name":"(anonymous_3)","decl":{"start":{"line":60,"column":8},"end":{"line":60,"column":9}},"loc":{"start":{"line":60,"column":19},"end":{"line":63,"column":9}},"line":60},"4":{"name":"(anonymous_4)","decl":{"start":{"line":71,"column":36},"end":{"line":71,"column":37}},"loc":{"start":{"line":71,"column":42},"end":{"line":71,"column":46}},"line":71},"5":{"name":"(anonymous_5)","decl":{"start":{"line":72,"column":35},"end":{"line":72,"column":36}},"loc":{"start":{"line":72,"column":41},"end":{"line":72,"column":45}},"line":72},"6":{"name":"(anonymous_6)","decl":{"start":{"line":74,"column":27},"end":{"line":74,"column":28}},"loc":{"start":{"line":74,"column":33},"end":{"line":81,"column":7}},"line":74},"7":{"name":"(anonymous_7)","decl":{"start":{"line":88,"column":29},"end":{"line":88,"column":30}},"loc":{"start":{"line":88,"column":35},"end":{"line":91,"column":7}},"line":88},"8":{"name":"(anonymous_8)","decl":{"start":{"line":95,"column":23},"end":{"line":95,"column":24}},"loc":{"start":{"line":95,"column":29},"end":{"line":105,"column":3}},"line":95},"9":{"name":"(anonymous_9)","decl":{"start":{"line":107,"column":24},"end":{"line":107,"column":25}},"loc":{"start":{"line":107,"column":30},"end":{"line":117,"column":3}},"line":107},"10":{"name":"(anonymous_10)","decl":{"start":{"line":119,"column":22},"end":{"line":119,"column":23}},"loc":{"start":{"line":119,"column":28},"end":{"line":123,"column":3}},"line":119},"11":{"name":"(anonymous_11)","decl":{"start":{"line":125,"column":21},"end":{"line":125,"column":22}},"loc":{"start":{"line":125,"column":33},"end":{"line":211,"column":3}},"line":125}},"branchMap":{"0":{"loc":{"start":{"line":37,"column":4},"end":{"line":65,"column":5}},"type":"if","locations":[{"start":{"line":37,"column":4},"end":{"line":65,"column":5}},{"start":{},"end":{}}],"line":37},"1":{"loc":{"start":{"line":37,"column":8},"end":{"line":37,"column":27}},"type":"binary-expr","locations":[{"start":{"line":37,"column":8},"end":{"line":37,"column":15}},{"start":{"line":37,"column":19},"end":{"line":37,"column":27}}],"line":37},"2":{"loc":{"start":{"line":126,"column":4},"end":{"line":126,"column":46}},"type":"if","locations":[{"start":{"line":126,"column":4},"end":{"line":126,"column":46}},{"start":{},"end":{}}],"line":126},"3":{"loc":{"start":{"line":126,"column":8},"end":{"line":126,"column":37}},"type":"binary-expr","locations":[{"start":{"line":126,"column":8},"end":{"line":126,"column":17}},{"start":{"line":126,"column":21},"end":{"line":126,"column":37}}],"line":126},"4":{"loc":{"start":{"line":209,"column":33},"end":{"line":209,"column":68}},"type":"binary-expr","locations":[{"start":{"line":209,"column":33},"end":{"line":209,"column":46}},{"start":{"line":209,"column":50},"end":{"line":209,"column":68}}],"line":209},"5":{"loc":{"start":{"line":294,"column":40},"end":{"line":294,"column":82}},"type":"binary-expr","locations":[{"start":{"line":294,"column":40},"end":{"line":294,"column":50}},{"start":{"line":294,"column":54},"end":{"line":294,"column":82}}],"line":294},"6":{"loc":{"start":{"line":298,"column":11},"end":{"line":305,"column":11}},"type":"cond-expr","locations":[{"start":{"line":299,"column":12},"end":{"line":299,"column":46}},{"start":{"line":301,"column":12},"end":{"line":304,"column":15}}],"line":298}},"s":{"0":0,"1":0,"2":0,"3":0,"4":0,"5":0,"6":0,"7":0,"8":0,"9":0,"10":0,"11":0,"12":0,"13":0,"14":0,"15":0,"16":0,"17":0,"18":0,"19":0,"20":0,"21":0,"22":0,"23":0,"24":0,"25":0,"26":0,"27":0,"28":0,"29":0,"30":0,"31":0,"32":0,"33":0,"34":0,"35":0,"36":0,"37":0,"38":0,"39":0,"40":0,"41":0,"42":0,"43":0,"44":0,"45":0,"46":0,"47":0,"48":0,"49":0,"50":0,"51":0,"52":0,"53":0,"54":0,"55":0,"56":0,"57":0,"58":0,"59":0,"60":0,"61":0,"62":0,"63":0,"64":0,"65":0,"66":0,"67":0,"68":0,"69":0,"70":0,"71":0,"72":0,"73":0,"74":0,"75":0,"76":0,"77":0,"78":0,"79":0,"80":0,"81":0,"82":0},"f":{"0":0,"1":0,"2":0,"3":0,"4":0,"5":0,"6":0,"7":0,"8":0,"9":0,"10":0,"11":0},"b":{"0":[0,0],"1":[0,0],"2":[0,0],"3":[0,0],"4":[0,0],"5":[0,0],"6":[0,0]}}
,"/Users/ivan/CS2/components/LineupCard.js": {"path":"/Users/ivan/CS2/components/LineupCard.js","statementMap":{"0":{"start":{"line":9,"column":42},"end":{"line":9,"column":56}},"1":{"start":{"line":10,"column":2},"end":{"line":10,"column":31}},"2":{"start":{"line":13,"column":18},"end":{"line":13,"column":47}},"3":{"start":{"line":15,"column":29},"end":{"line":18,"column":3}},"4":{"start":{"line":16,"column":4},"end":{"line":16,"column":25}},"5":{"start":{"line":16,"column":18},"end":{"line":16,"column":25}},"6":{"start":{"line":17,"column":4},"end":{"line":17,"column":91}},"7":{"start":{"line":20,"column":2},"end":{"line":84,"column":4}},"8":{"start":{"line":23,"column":19},"end":{"line":25,"column":6}},"9":{"start":{"line":33,"column":27},"end":{"line":33,"column":48}},"10":{"start":{"line":34,"column":22},"end":{"line":34,"column":44}},"11":{"start":{"line":87,"column":17},"end":{"line":94,"column":1}},"12":{"start":{"line":88,"column":2},"end":{"line":93,"column":4}},"13":{"start":{"line":98,"column":15},"end":{"line":190,"column":2}}},"fnMap":{"0":{"name":"LineupCard","decl":{"start":{"line":8,"column":9},"end":{"line":8,"column":19}},"loc":{"start":{"line":8,"column":55},"end":{"line":85,"column":1}},"line":8},"1":{"name":"(anonymous_1)","decl":{"start":{"line":15,"column":29},"end":{"line":15,"column":30}},"loc":{"start":{"line":15,"column":35},"end":{"line":18,"column":3}},"line":15},"2":{"name":"(anonymous_2)","decl":{"start":{"line":23,"column":13},"end":{"line":23,"column":14}},"loc":{"start":{"line":23,"column":19},"end":{"line":25,"column":6}},"line":23},"3":{"name":"(anonymous_3)","decl":{"start":{"line":33,"column":21},"end":{"line":33,"column":22}},"loc":{"start":{"line":33,"column":27},"end":{"line":33,"column":48}},"line":33},"4":{"name":"(anonymous_4)","decl":{"start":{"line":34,"column":16},"end":{"line":34,"column":17}},"loc":{"start":{"line":34,"column":22},"end":{"line":34,"column":44}},"line":34},"5":{"name":"(anonymous_5)","decl":{"start":{"line":87,"column":17},"end":{"line":87,"column":18}},"loc":{"start":{"line":87,"column":43},"end":{"line":94,"column":1}},"line":87}},"branchMap":{"0":{"loc":{"start":{"line":16,"column":4},"end":{"line":16,"column":25}},"type":"if","locations":[{"start":{"line":16,"column":4},"end":{"line":16,"column":25}},{"start":{},"end":{}}],"line":16},"1":{"loc":{"start":{"line":28,"column":16},"end":{"line":28,"column":99}},"type":"cond-expr","locations":[{"start":{"line":28,"column":55},"end":{"line":28,"column":80}},{"start":{"line":28,"column":83},"end":{"line":28,"column":99}}],"line":28},"2":{"loc":{"start":{"line":38,"column":7},"end":{"line":42,"column":7}},"type":"binary-expr","locations":[{"start":{"line":38,"column":7},"end":{"line":38,"column":19}},{"start":{"line":39,"column":8},"end":{"line":41,"column":15}}],"line":38},"3":{"loc":{"start":{"line":45,"column":7},"end":{"line":49,"column":7}},"type":"binary-expr","locations":[{"start":{"line":45,"column":7},"end":{"line":45,"column":16}},{"start":{"line":46,"column":8},"end":{"line":48,"column":15}}],"line":45},"4":{"loc":{"start":{"line":52,"column":7},"end":{"line":56,"column":7}},"type":"binary-expr","locations":[{"start":{"line":52,"column":7},"end":{"line":52,"column":24}},{"start":{"line":53,"column":8},"end":{"line":55,"column":15}}],"line":52},"5":{"loc":{"start":{"line":60,"column":9},"end":{"line":72,"column":9}},"type":"binary-expr","locations":[{"start":{"line":60,"column":9},"end":{"line":60,"column":16}},{"start":{"line":61,"column":10},"end":{"line":71,"column":29}}],"line":60},"6":{"loc":{"start":{"line":68,"column":13},"end":{"line":70,"column":13}},"type":"binary-expr","locations":[{"start":{"line":68,"column":13},"end":{"line":68,"column":31}},{"start":{"line":69,"column":14},"end":{"line":69,"column":76}}],"line":68},"7":{"loc":{"start":{"line":89,"column":4},"end":{"line":92,"column":61}},"type":"binary-expr","locations":[{"start":{"line":89,"column":4},"end":{"line":89,"column":41}},{"start":{"line":90,"column":4},"end":{"line":90,"column":49}},{"start":{"line":91,"column":4},"end":{"line":91,"column":59}},{"start":{"line":92,"column":4},"end":{"line":92,"column":61}}],"line":89}},"s":{"0":11,"1":11,"2":11,"3":11,"4":0,"5":0,"6":0,"7":11,"8":0,"9":0,"10":0,"11":3,"12":1,"13":3},"f":{"0":11,"1":0,"2":0,"3":0,"4":0,"5":1},"b":{"0":[0,0],"1":[11,0],"2":[11,11],"3":[11,6],"4":[11,0],"5":[11,0],"6":[0,0],"7":[1,1,1,1]},"_coverageSchema":"1a1c01bbd47fc00a2c39e90264f33305004495a9","hash":"b2277682880f57ac2a5c4a3ea21944fe94042054"}
,"/Users/ivan/CS2/components/LineupGridSkeleton.js": {"path":"/Users/ivan/CS2/components/LineupGridSkeleton.js","statementMap":{"0":{"start":{"line":4,"column":26},"end":{"line":4,"column":27}},"1":{"start":{"line":7,"column":2},"end":{"line":24,"column":4}},"2":{"start":{"line":10,"column":8},"end":{"line":21,"column":15}},"3":{"start":{"line":27,"column":15},"end":{"line":66,"column":2}}},"fnMap":{"0":{"name":"LineupGridSkeleton","decl":{"start":{"line":6,"column":24},"end":{"line":6,"column":42}},"loc":{"start":{"line":6,"column":45},"end":{"line":25,"column":1}},"line":6},"1":{"name":"(anonymous_1)","decl":{"start":{"line":9,"column":53},"end":{"line":9,"column":54}},"loc":{"start":{"line":10,"column":8},"end":{"line":21,"column":15}},"line":10}},"branchMap":{},"s":{"0":3,"1":10,"2":60,"3":3},"f":{"0":10,"1":60},"b":{},"_coverageSchema":"1a1c01bbd47fc00a2c39e90264f33305004495a9","hash":"4609949c069d3d60870f03f051266c14a2cad26f"}
,"/Users/ivan/CS2/components/TacticCard.js": {"path":"/Users/ivan/CS2/components/TacticCard.js","statementMap":{"0":{"start":{"line":14,"column":2},"end":{"line":14,"column":31}},"1":{"start":{"line":15,"column":25},"end":{"line":15,"column":59}},"2":{"start":{"line":17,"column":4},"end":{"line":19,"column":19}},"3":{"start":{"line":20,"column":16},"end":{"line":20,"column":84}},"4":{"start":{"line":22,"column":2},"end":{"line":121,"column":4}},"5":{"start":{"line":102,"column":14},"end":{"line":111,"column":33}},"6":{"start":{"line":105,"column":31},"end":{"line":105,"column":54}},"7":{"start":{"line":124,"column":17},"end":{"line":133,"column":1}},"8":{"start":{"line":125,"column":2},"end":{"line":132,"column":4}},"9":{"start":{"line":137,"column":15},"end":{"line":289,"column":2}}},"fnMap":{"0":{"name":"TacticCard","decl":{"start":{"line":6,"column":9},"end":{"line":6,"column":19}},"loc":{"start":{"line":13,"column":3},"end":{"line":122,"column":1}},"line":13},"1":{"name":"(anonymous_1)","decl":{"start":{"line":101,"column":31},"end":{"line":101,"column":32}},"loc":{"start":{"line":102,"column":14},"end":{"line":111,"column":33}},"line":102},"2":{"name":"(anonymous_2)","decl":{"start":{"line":105,"column":25},"end":{"line":105,"column":26}},"loc":{"start":{"line":105,"column":31},"end":{"line":105,"column":54}},"line":105},"3":{"name":"(anonymous_3)","decl":{"start":{"line":124,"column":17},"end":{"line":124,"column":18}},"loc":{"start":{"line":124,"column":43},"end":{"line":133,"column":1}},"line":124}},"branchMap":{"0":{"loc":{"start":{"line":9,"column":2},"end":{"line":9,"column":15}},"type":"default-arg","locations":[{"start":{"line":9,"column":10},"end":{"line":9,"column":15}}],"line":9},"1":{"loc":{"start":{"line":15,"column":26},"end":{"line":15,"column":46}},"type":"binary-expr","locations":[{"start":{"line":15,"column":26},"end":{"line":15,"column":40}},{"start":{"line":15,"column":44},"end":{"line":15,"column":46}}],"line":15},"2":{"loc":{"start":{"line":17,"column":4},"end":{"line":19,"column":19}},"type":"binary-expr","locations":[{"start":{"line":17,"column":4},"end":{"line":17,"column":21}},{"start":{"line":18,"column":4},"end":{"line":18,"column":32}},{"start":{"line":19,"column":4},"end":{"line":19,"column":19}}],"line":17},"3":{"loc":{"start":{"line":20,"column":16},"end":{"line":20,"column":84}},"type":"cond-expr","locations":[{"start":{"line":20,"column":50},"end":{"line":20,"column":70}},{"start":{"line":20,"column":73},"end":{"line":20,"column":84}}],"line":20},"4":{"loc":{"start":{"line":37,"column":51},"end":{"line":37,"column":68}},"type":"binary-expr","locations":[{"start":{"line":37,"column":51},"end":{"line":37,"column":62}},{"start":{"line":37,"column":66},"end":{"line":37,"column":68}}],"line":37},"5":{"loc":{"start":{"line":40,"column":15},"end":{"line":44,"column":15}},"type":"binary-expr","locations":[{"start":{"line":40,"column":15},"end":{"line":40,"column":48}},{"start":{"line":41,"column":16},"end":{"line":43,"column":23}}],"line":40},"6":{"loc":{"start":{"line":45,"column":15},"end":{"line":49,"column":15}},"type":"binary-expr","locations":[{"start":{"line":45,"column":15},"end":{"line":45,"column":46}},{"start":{"line":46,"column":16},"end":{"line":48,"column":23}}],"line":45},"7":{"loc":{"start":{"line":52,"column":11},"end":{"line":57,"column":18}},"type":"cond-expr","locations":[{"start":{"line":53,"column":12},"end":{"line":56,"column":19}},{"start":{"line":57,"column":14},"end":{"line":57,"column":18}}],"line":52},"8":{"loc":{"start":{"line":66,"column":39},"end":{"line":66,"column":71}},"type":"binary-expr","locations":[{"start":{"line":66,"column":39},"end":{"line":66,"column":44}},{"start":{"line":66,"column":48},"end":{"line":66,"column":71}}],"line":66},"9":{"loc":{"start":{"line":70,"column":20},"end":{"line":70,"column":59}},"type":"cond-expr","locations":[{"start":{"line":70,"column":28},"end":{"line":70,"column":38}},{"start":{"line":70,"column":41},"end":{"line":70,"column":59}}],"line":70},"10":{"loc":{"start":{"line":72,"column":21},"end":{"line":72,"column":47}},"type":"cond-expr","locations":[{"start":{"line":72,"column":29},"end":{"line":72,"column":38}},{"start":{"line":72,"column":41},"end":{"line":72,"column":47}}],"line":72},"11":{"loc":{"start":{"line":74,"column":43},"end":{"line":74,"column":73}},"type":"binary-expr","locations":[{"start":{"line":74,"column":43},"end":{"line":74,"column":48}},{"start":{"line":74,"column":52},"end":{"line":74,"column":73}}],"line":74},"12":{"loc":{"start":{"line":75,"column":15},"end":{"line":75,"column":39}},"type":"cond-expr","locations":[{"start":{"line":75,"column":23},"end":{"line":75,"column":30}},{"start":{"line":75,"column":33},"end":{"line":75,"column":39}}],"line":75},"13":{"loc":{"start":{"line":86,"column":15},"end":{"line":86,"column":64}},"type":"binary-expr","locations":[{"start":{"line":86,"column":15},"end":{"line":86,"column":33}},{"start":{"line":86,"column":37},"end":{"line":86,"column":59}},{"start":{"line":86,"column":63},"end":{"line":86,"column":64}}],"line":86},"14":{"loc":{"start":{"line":89,"column":11},"end":{"line":96,"column":18}},"type":"cond-expr","locations":[{"start":{"line":90,"column":12},"end":{"line":95,"column":19}},{"start":{"line":96,"column":14},"end":{"line":96,"column":18}}],"line":89},"15":{"loc":{"start":{"line":100,"column":11},"end":{"line":117,"column":11}},"type":"cond-expr","locations":[{"start":{"line":101,"column":12},"end":{"line":112,"column":14}},{"start":{"line":114,"column":12},"end":{"line":116,"column":19}}],"line":100},"16":{"loc":{"start":{"line":126,"column":4},"end":{"line":131,"column":43}},"type":"binary-expr","locations":[{"start":{"line":126,"column":4},"end":{"line":126,"column":41}},{"start":{"line":127,"column":4},"end":{"line":127,"column":35}},{"start":{"line":128,"column":4},"end":{"line":128,"column":39}},{"start":{"line":129,"column":4},"end":{"line":129,"column":41}},{"start":{"line":130,"column":4},"end":{"line":130,"column":55}},{"start":{"line":131,"column":4},"end":{"line":131,"column":43}}],"line":126}},"s":{"0":1,"1":1,"2":1,"3":1,"4":1,"5":1,"6":0,"7":1,"8":0,"9":1},"f":{"0":1,"1":1,"2":0,"3":0},"b":{"0":[0],"1":[1,0],"2":[1,1,0],"3":[1,0],"4":[1,0],"5":[1,0],"6":[1,0],"7":[1,0],"8":[1,0],"9":[0,1],"10":[0,1],"11":[1,0],"12":[0,1],"13":[1,0,0],"14":[0,1],"15":[1,0],"16":[0,0,0,0,0,0]},"_coverageSchema":"1a1c01bbd47fc00a2c39e90264f33305004495a9","hash":"eda9e288f4e6ac91ce7446b7f689b25d64bb73a8"}
,"/Users/ivan/CS2/context/AuthContext.js": {"path":"/Users/ivan/CS2/context/AuthContext.js","statementMap":{"0":{"start":{"line":16,"column":20},"end":{"line":16,"column":35}},"1":{"start":{"line":18,"column":25},"end":{"line":22,"column":1}},"2":{"start":{"line":19,"column":20},"end":{"line":19,"column":51}},"3":{"start":{"line":20,"column":17},"end":{"line":20,"column":77}},"4":{"start":{"line":21,"column":2},"end":{"line":21,"column":33}},"5":{"start":{"line":24,"column":16},"end":{"line":24,"column":69}},"6":{"start":{"line":24,"column":32},"end":{"line":24,"column":69}},"7":{"start":{"line":27,"column":34},"end":{"line":72,"column":1}},"8":{"start":{"line":28,"column":2},"end":{"line":28,"column":30}},"9":{"start":{"line":28,"column":18},"end":{"line":28,"column":30}},"10":{"start":{"line":30,"column":21},"end":{"line":30,"column":47}},"11":{"start":{"line":31,"column":22},"end":{"line":31,"column":46}},"12":{"start":{"line":33,"column":2},"end":{"line":69,"column":3}},"13":{"start":{"line":35,"column":6},"end":{"line":38,"column":14}},"14":{"start":{"line":40,"column":24},"end":{"line":65,"column":5}},"15":{"start":{"line":67,"column":4},"end":{"line":67,"column":42}},"16":{"start":{"line":68,"column":4},"end":{"line":68,"column":44}},"17":{"start":{"line":71,"column":2},"end":{"line":71,"column":55}},"18":{"start":{"line":74,"column":23},"end":{"line":80,"column":1}},"19":{"start":{"line":75,"column":18},"end":{"line":75,"column":41}},"20":{"start":{"line":76,"column":2},"end":{"line":78,"column":3}},"21":{"start":{"line":77,"column":4},"end":{"line":77,"column":64}},"22":{"start":{"line":79,"column":2},"end":{"line":79,"column":17}},"23":{"start":{"line":82,"column":28},"end":{"line":300,"column":1}},"24":{"start":{"line":83,"column":40},"end":{"line":83,"column":54}},"25":{"start":{"line":84,"column":32},"end":{"line":84,"column":46}},"26":{"start":{"line":87,"column":17},"end":{"line":111,"column":3}},"27":{"start":{"line":88,"column":4},"end":{"line":110,"column":5}},"28":{"start":{"line":90,"column":29},"end":{"line":90,"column":88}},"29":{"start":{"line":91,"column":19},"end":{"line":91,"column":38}},"30":{"start":{"line":92,"column":23},"end":{"line":92,"column":41}},"31":{"start":{"line":95,"column":6},"end":{"line":97,"column":9}},"32":{"start":{"line":100,"column":6},"end":{"line":104,"column":9}},"33":{"start":{"line":106,"column":6},"end":{"line":106,"column":18}},"34":{"start":{"line":108,"column":6},"end":{"line":108,"column":44}},"35":{"start":{"line":109,"column":6},"end":{"line":109,"column":18}},"36":{"start":{"line":114,"column":16},"end":{"line":122,"column":3}},"37":{"start":{"line":115,"column":4},"end":{"line":121,"column":5}},"38":{"start":{"line":116,"column":29},"end":{"line":116,"column":84}},"39":{"start":{"line":117,"column":6},"end":{"line":117,"column":33}},"40":{"start":{"line":119,"column":6},"end":{"line":119,"column":43}},"41":{"start":{"line":120,"column":6},"end":{"line":120,"column":18}},"42":{"start":{"line":125,"column":26},"end":{"line":146,"column":3}},"43":{"start":{"line":126,"column":4},"end":{"line":145,"column":5}},"44":{"start":{"line":127,"column":6},"end":{"line":129,"column":7}},"45":{"start":{"line":128,"column":8},"end":{"line":128,"column":51}},"46":{"start":{"line":131,"column":25},"end":{"line":131,"column":63}},"47":{"start":{"line":132,"column":29},"end":{"line":132,"column":73}},"48":{"start":{"line":133,"column":19},"end":{"line":133,"column":38}},"49":{"start":{"line":135,"column":6},"end":{"line":139,"column":9}},"50":{"start":{"line":141,"column":6},"end":{"line":141,"column":18}},"51":{"start":{"line":143,"column":6},"end":{"line":143,"column":50}},"52":{"start":{"line":144,"column":6},"end":{"line":144,"column":18}},"53":{"start":{"line":149,"column":31},"end":{"line":179,"column":3}},"54":{"start":{"line":150,"column":21},"end":{"line":150,"column":45}},"55":{"start":{"line":151,"column":4},"end":{"line":151,"column":63}},"56":{"start":{"line":153,"column":4},"end":{"line":178,"column":5}},"57":{"start":{"line":154,"column":21},"end":{"line":154,"column":58}},"58":{"start":{"line":155,"column":19},"end":{"line":155,"column":30}},"59":{"start":{"line":157,"column":6},"end":{"line":161,"column":9}},"60":{"start":{"line":163,"column":6},"end":{"line":163,"column":18}},"61":{"start":{"line":166,"column":6},"end":{"line":174,"column":7}},"62":{"start":{"line":167,"column":8},"end":{"line":173,"column":9}},"63":{"start":{"line":168,"column":10},"end":{"line":168,"column":51}},"64":{"start":{"line":169,"column":10},"end":{"line":169,"column":22}},"65":{"start":{"line":171,"column":10},"end":{"line":171,"column":101}},"66":{"start":{"line":172,"column":10},"end":{"line":172,"column":30}},"67":{"start":{"line":176,"column":6},"end":{"line":176,"column":78}},"68":{"start":{"line":177,"column":6},"end":{"line":177,"column":18}},"69":{"start":{"line":182,"column":28},"end":{"line":213,"column":3}},"70":{"start":{"line":183,"column":4},"end":{"line":185,"column":5}},"71":{"start":{"line":184,"column":6},"end":{"line":184,"column":47}},"72":{"start":{"line":187,"column":16},"end":{"line":187,"column":36}},"73":{"start":{"line":188,"column":24},"end":{"line":192,"column":5}},"74":{"start":{"line":194,"column":4},"end":{"line":194,"column":70}},"75":{"start":{"line":196,"column":4},"end":{"line":200,"column":5}},"76":{"start":{"line":197,"column":6},"end":{"line":199,"column":9}},"77":{"start":{"line":202,"column":25},"end":{"line":202,"column":50}},"78":{"start":{"line":203,"column":4},"end":{"line":210,"column":6}},"79":{"start":{"line":204,"column":6},"end":{"line":209,"column":14}},"80":{"start":{"line":212,"column":4},"end":{"line":212,"column":24}},"81":{"start":{"line":216,"column":17},"end":{"line":224,"column":3}},"82":{"start":{"line":217,"column":4},"end":{"line":223,"column":5}},"83":{"start":{"line":218,"column":6},"end":{"line":218,"column":26}},"84":{"start":{"line":219,"column":6},"end":{"line":219,"column":27}},"85":{"start":{"line":221,"column":6},"end":{"line":221,"column":44}},"86":{"start":{"line":222,"column":6},"end":{"line":222,"column":18}},"87":{"start":{"line":227,"column":25},"end":{"line":240,"column":3}},"88":{"start":{"line":228,"column":4},"end":{"line":239,"column":5}},"89":{"start":{"line":229,"column":21},"end":{"line":229,"column":42}},"90":{"start":{"line":230,"column":22},"end":{"line":230,"column":42}},"91":{"start":{"line":232,"column":6},"end":{"line":234,"column":7}},"92":{"start":{"line":233,"column":8},"end":{"line":233,"column":53}},"93":{"start":{"line":235,"column":6},"end":{"line":235,"column":18}},"94":{"start":{"line":237,"column":6},"end":{"line":237,"column":59}},"95":{"start":{"line":238,"column":6},"end":{"line":238,"column":18}},"96":{"start":{"line":243,"column":2},"end":{"line":278,"column":9}},"97":{"start":{"line":244,"column":24},"end":{"line":275,"column":6}},"98":{"start":{"line":245,"column":6},"end":{"line":249,"column":7}},"99":{"start":{"line":246,"column":8},"end":{"line":246,"column":29}},"100":{"start":{"line":247,"column":8},"end":{"line":247,"column":26}},"101":{"start":{"line":248,"column":8},"end":{"line":248,"column":15}},"102":{"start":{"line":251,"column":6},"end":{"line":274,"column":7}},"103":{"start":{"line":253,"column":22},"end":{"line":253,"column":52}},"104":{"start":{"line":256,"column":8},"end":{"line":258,"column":9}},"105":{"start":{"line":257,"column":10},"end":{"line":257,"column":58}},"106":{"start":{"line":260,"column":8},"end":{"line":263,"column":11}},"107":{"start":{"line":265,"column":8},"end":{"line":265,"column":54}},"108":{"start":{"line":266,"column":8},"end":{"line":266,"column":29}},"109":{"start":{"line":267,"column":8},"end":{"line":271,"column":9}},"110":{"start":{"line":268,"column":10},"end":{"line":268,"column":30}},"111":{"start":{"line":273,"column":8},"end":{"line":273,"column":26}},"112":{"start":{"line":277,"column":4},"end":{"line":277,"column":23}},"113":{"start":{"line":280,"column":16},"end":{"line":293,"column":3}},"114":{"start":{"line":295,"column":2},"end":{"line":299,"column":4}}},"fnMap":{"0":{"name":"(anonymous_0)","decl":{"start":{"line":18,"column":25},"end":{"line":18,"column":26}},"loc":{"start":{"line":18,"column":31},"end":{"line":22,"column":1}},"line":18},"1":{"name":"(anonymous_1)","decl":{"start":{"line":24,"column":16},"end":{"line":24,"column":17}},"loc":{"start":{"line":24,"column":32},"end":{"line":24,"column":69}},"line":24},"2":{"name":"(anonymous_2)","decl":{"start":{"line":27,"column":34},"end":{"line":27,"column":35}},"loc":{"start":{"line":27,"column":66},"end":{"line":72,"column":1}},"line":27},"3":{"name":"(anonymous_3)","decl":{"start":{"line":74,"column":23},"end":{"line":74,"column":24}},"loc":{"start":{"line":74,"column":29},"end":{"line":80,"column":1}},"line":74},"4":{"name":"(anonymous_4)","decl":{"start":{"line":82,"column":28},"end":{"line":82,"column":29}},"loc":{"start":{"line":82,"column":46},"end":{"line":300,"column":1}},"line":82},"5":{"name":"(anonymous_5)","decl":{"start":{"line":87,"column":17},"end":{"line":87,"column":18}},"loc":{"start":{"line":87,"column":67},"end":{"line":111,"column":3}},"line":87},"6":{"name":"(anonymous_6)","decl":{"start":{"line":114,"column":16},"end":{"line":114,"column":17}},"loc":{"start":{"line":114,"column":43},"end":{"line":122,"column":3}},"line":114},"7":{"name":"(anonymous_7)","decl":{"start":{"line":125,"column":26},"end":{"line":125,"column":27}},"loc":{"start":{"line":125,"column":45},"end":{"line":146,"column":3}},"line":125},"8":{"name":"(anonymous_8)","decl":{"start":{"line":149,"column":31},"end":{"line":149,"column":32}},"loc":{"start":{"line":149,"column":43},"end":{"line":179,"column":3}},"line":149},"9":{"name":"(anonymous_9)","decl":{"start":{"line":182,"column":28},"end":{"line":182,"column":29}},"loc":{"start":{"line":182,"column":52},"end":{"line":213,"column":3}},"line":182},"10":{"name":"(anonymous_10)","decl":{"start":{"line":203,"column":19},"end":{"line":203,"column":20}},"loc":{"start":{"line":204,"column":6},"end":{"line":209,"column":14}},"line":204},"11":{"name":"(anonymous_11)","decl":{"start":{"line":216,"column":17},"end":{"line":216,"column":18}},"loc":{"start":{"line":216,"column":29},"end":{"line":224,"column":3}},"line":216},"12":{"name":"(anonymous_12)","decl":{"start":{"line":227,"column":25},"end":{"line":227,"column":26}},"loc":{"start":{"line":227,"column":40},"end":{"line":240,"column":3}},"line":227},"13":{"name":"(anonymous_13)","decl":{"start":{"line":243,"column":12},"end":{"line":243,"column":13}},"loc":{"start":{"line":243,"column":18},"end":{"line":278,"column":3}},"line":243},"14":{"name":"(anonymous_14)","decl":{"start":{"line":244,"column":49},"end":{"line":244,"column":50}},"loc":{"start":{"line":244,"column":65},"end":{"line":275,"column":5}},"line":244}},"branchMap":{"0":{"loc":{"start":{"line":24,"column":17},"end":{"line":24,"column":27}},"type":"default-arg","locations":[{"start":{"line":24,"column":25},"end":{"line":24,"column":27}}],"line":24},"1":{"loc":{"start":{"line":27,"column":47},"end":{"line":27,"column":61}},"type":"default-arg","locations":[{"start":{"line":27,"column":59},"end":{"line":27,"column":61}}],"line":27},"2":{"loc":{"start":{"line":28,"column":2},"end":{"line":28,"column":30}},"type":"if","locations":[{"start":{"line":28,"column":2},"end":{"line":28,"column":30}},{"start":{},"end":{}}],"line":28},"3":{"loc":{"start":{"line":33,"column":2},"end":{"line":69,"column":3}},"type":"if","locations":[{"start":{"line":33,"column":2},"end":{"line":69,"column":3}},{"start":{},"end":{}}],"line":33},"4":{"loc":{"start":{"line":35,"column":6},"end":{"line":38,"column":14}},"type":"binary-expr","locations":[{"start":{"line":35,"column":6},"end":{"line":35,"column":24}},{"start":{"line":36,"column":6},"end":{"line":36,"column":22}},{"start":{"line":37,"column":6},"end":{"line":37,"column":31}},{"start":{"line":38,"column":6},"end":{"line":38,"column":14}}],"line":35},"5":{"loc":{"start":{"line":44,"column":19},"end":{"line":44,"column":72}},"type":"binary-expr","locations":[{"start":{"line":44,"column":19},"end":{"line":44,"column":40}},{"start":{"line":44,"column":44},"end":{"line":44,"column":60}},{"start":{"line":44,"column":64},"end":{"line":44,"column":72}}],"line":44},"6":{"loc":{"start":{"line":45,"column":16},"end":{"line":45,"column":56}},"type":"binary-expr","locations":[{"start":{"line":45,"column":16},"end":{"line":45,"column":34}},{"start":{"line":45,"column":38},"end":{"line":45,"column":56}}],"line":45},"7":{"loc":{"start":{"line":47,"column":22},"end":{"line":47,"column":71}},"type":"binary-expr","locations":[{"start":{"line":47,"column":22},"end":{"line":47,"column":46}},{"start":{"line":47,"column":50},"end":{"line":47,"column":63}},{"start":{"line":47,"column":67},"end":{"line":47,"column":71}}],"line":47},"8":{"loc":{"start":{"line":76,"column":2},"end":{"line":78,"column":3}},"type":"if","locations":[{"start":{"line":76,"column":2},"end":{"line":78,"column":3}},{"start":{},"end":{}}],"line":76},"9":{"loc":{"start":{"line":96,"column":21},"end":{"line":96,"column":44}},"type":"binary-expr","locations":[{"start":{"line":96,"column":21},"end":{"line":96,"column":32}},{"start":{"line":96,"column":36},"end":{"line":96,"column":44}}],"line":96},"10":{"loc":{"start":{"line":102,"column":21},"end":{"line":102,"column":44}},"type":"binary-expr","locations":[{"start":{"line":102,"column":21},"end":{"line":102,"column":32}},{"start":{"line":102,"column":36},"end":{"line":102,"column":44}}],"line":102},"11":{"loc":{"start":{"line":127,"column":6},"end":{"line":129,"column":7}},"type":"if","locations":[{"start":{"line":127,"column":6},"end":{"line":129,"column":7}},{"start":{},"end":{}}],"line":127},"12":{"loc":{"start":{"line":136,"column":21},"end":{"line":136,"column":66}},"type":"binary-expr","locations":[{"start":{"line":136,"column":21},"end":{"line":136,"column":37}},{"start":{"line":136,"column":41},"end":{"line":136,"column":66}}],"line":136},"13":{"loc":{"start":{"line":137,"column":18},"end":{"line":137,"column":63}},"type":"binary-expr","locations":[{"start":{"line":137,"column":18},"end":{"line":137,"column":34}},{"start":{"line":137,"column":38},"end":{"line":137,"column":63}}],"line":137},"14":{"loc":{"start":{"line":138,"column":24},"end":{"line":138,"column":45}},"type":"binary-expr","locations":[{"start":{"line":138,"column":24},"end":{"line":138,"column":37}},{"start":{"line":138,"column":41},"end":{"line":138,"column":45}}],"line":138},"15":{"loc":{"start":{"line":158,"column":21},"end":{"line":158,"column":66}},"type":"binary-expr",
[...]
36,"column":23},"end":{"line":136,"column":43}},{"start":{"line":136,"column":47},"end":{"line":136,"column":79}},{"start":{"line":136,"column":83},"end":{"line":136,"column":89}}],"line":136},"11":{"loc":{"start":{"line":137,"column":21},"end":{"line":137,"column":55}},"type":"binary-expr","locations":[{"start":{"line":137,"column":21},"end":{"line":137,"column":47}},{"start":{"line":137,"column":51},"end":{"line":137,"column":55}}],"line":137},"12":{"loc":{"start":{"line":138,"column":23},"end":{"line":138,"column":54}},"type":"binary-expr","locations":[{"start":{"line":138,"column":23},"end":{"line":138,"column":45}},{"start":{"line":138,"column":49},"end":{"line":138,"column":54}}],"line":138},"13":{"loc":{"start":{"line":139,"column":23},"end":{"line":139,"column":51}},"type":"binary-expr","locations":[{"start":{"line":139,"column":23},"end":{"line":139,"column":43}},{"start":{"line":139,"column":47},"end":{"line":139,"column":51}}],"line":139},"14":{"loc":{"start":{"line":174,"column":2},"end":{"line":176,"column":3}},"type":"if","locations":[{"start":{"line":174,"column":2},"end":{"line":176,"column":3}},{"start":{},"end":{}}],"line":174},"15":{"loc":{"start":{"line":183,"column":4},"end":{"line":185,"column":5}},"type":"if","locations":[{"start":{"line":183,"column":4},"end":{"line":185,"column":5}},{"start":{},"end":{}}],"line":183},"16":{"loc":{"start":{"line":188,"column":4},"end":{"line":190,"column":5}},"type":"if","locations":[{"start":{"line":188,"column":4},"end":{"line":190,"column":5}},{"start":{},"end":{}}],"line":188},"17":{"loc":{"start":{"line":193,"column":26},"end":{"line":195,"column":31}},"type":"cond-expr","locations":[{"start":{"line":194,"column":8},"end":{"line":194,"column":78}},{"start":{"line":195,"column":8},"end":{"line":195,"column":31}}],"line":193},"18":{"loc":{"start":{"line":197,"column":24},"end":{"line":199,"column":29}},"type":"cond-expr","locations":[{"start":{"line":198,"column":8},"end":{"line":198,"column":74}},{"start":{"line":199,"column":8},"end":{"line":199,"column":29}}],"line":197},"19":{"loc":{"start":{"line":201,"column":25},"end":{"line":203,"column":30}},"type":"cond-expr","locations":[{"start":{"line":202,"column":8},"end":{"line":202,"column":76}},{"start":{"line":203,"column":8},"end":{"line":203,"column":30}}],"line":201},"20":{"loc":{"start":{"line":205,"column":32},"end":{"line":207,"column":43}},"type":"cond-expr","locations":[{"start":{"line":206,"column":8},"end":{"line":206,"column":90}},{"start":{"line":207,"column":9},"end":{"line":207,"column":42}}],"line":205},"21":{"loc":{"start":{"line":205,"column":32},"end":{"line":205,"column":120}},"type":"binary-expr","locations":[{"start":{"line":205,"column":32},"end":{"line":205,"column":57}},{"start":{"line":205,"column":61},"end":{"line":205,"column":120}}],"line":205},"22":{"loc":{"start":{"line":207,"column":9},"end":{"line":207,"column":42}},"type":"binary-expr","locations":[{"start":{"line":207,"column":9},"end":{"line":207,"column":34}},{"start":{"line":207,"column":38},"end":{"line":207,"column":42}}],"line":207},"23":{"loc":{"start":{"line":212,"column":19},"end":{"line":212,"column":45}},"type":"binary-expr","locations":[{"start":{"line":212,"column":19},"end":{"line":212,"column":39}},{"start":{"line":212,"column":43},"end":{"line":212,"column":45}}],"line":212},"24":{"loc":{"start":{"line":213,"column":25},"end":{"line":213,"column":57}},"type":"binary-expr","locations":[{"start":{"line":213,"column":25},"end":{"line":213,"column":51}},{"start":{"line":213,"column":55},"end":{"line":213,"column":57}}],"line":213},"25":{"loc":{"start":{"line":238,"column":2},"end":{"line":240,"column":3}},"type":"if","locations":[{"start":{"line":238,"column":2},"end":{"line":240,"column":3}},{"start":{},"end":{}}],"line":238},"26":{"loc":{"start":{"line":247,"column":4},"end":{"line":249,"column":5}},"type":"if","locations":[{"start":{"line":247,"column":4},"end":{"line":249,"column":5}},{"start":{},"end":{}}],"line":247},"27":{"loc":{"start":{"line":252,"column":4},"end":{"line":254,"column":5}},"type":"if","locations":[{"start":{"line":252,"column":4},"end":{"line":254,"column":5}},{"start":{},"end":{}}],"line":252},"28":{"loc":{"start":{"line":277,"column":4},"end":{"line":279,"column":5}},"type":"if","locations":[{"start":{"line":277,"column":4},"end":{"line":279,"column":5}},{"start":{},"end":{}}],"line":277}},"s":{"0":2,"1":6,"2":6,"3":6,"4":6,"5":0,"6":0,"7":2,"8":6,"9":0,"10":6,"11":0,"12":6,"13":6,"14":6,"15":6,"16":6,"17":6,"18":6,"19":6,"20":3,"21":3,"22":3,"23":3,"24":3,"25":3,"26":2,"27":4,"28":2,"29":2,"30":2,"31":1,"32":1,"33":1,"34":1,"35":1,"36":1,"37":2,"38":3,"39":0,"40":3,"41":3,"42":3,"43":3,"44":0,"45":3,"46":3,"47":2,"48":1,"49":1,"50":1,"51":1,"52":1,"53":1,"54":2,"55":2,"56":2,"57":3,"58":0,"59":3,"60":3,"61":3,"62":3,"63":0,"64":3,"65":3,"66":2,"67":1,"68":2,"69":2,"70":2,"71":0,"72":0,"73":0,"74":0,"75":0,"76":0,"77":0,"78":0},"f":{"0":6,"1":6,"2":4,"3":3,"4":3,"5":0},"b":{"0":[0],"1":[0,6],"2":[0,6],"3":[3,0],"4":[2,2],"5":[0,2],"6":[1,0],"7":[1,0],"8":[1,0],"9":[1,0],"10":[1,0,0],"11":[1,1],"12":[1,1],"13":[1,1],"14":[0,3],"15":[0,3],"16":[2,1],"17":[0,1],"18":[0,1],"19":[0,1],"20":[0,1],"21":[1,0],"22":[1,1],"23":[1,1],"24":[1,1],"25":[0,3],"26":[0,3],"27":[2,1],"28":[0,0]},"_coverageSchema":"1a1c01bbd47fc00a2c39e90264f33305004495a9","hash":"7d01294f18eb59fb7804e5dcbace25967df4e934"}
,"/Users/ivan/CS2/services/tacticService.js": {"path":"/Users/ivan/CS2/services/tacticService.js","statementMap":{"0":{"start":{"line":14,"column":26},"end":{"line":14,"column":51}},"1":{"start":{"line":16,"column":20},"end":{"line":38,"column":1}},"2":{"start":{"line":17,"column":15},"end":{"line":17,"column":35}},"3":{"start":{"line":18,"column":2},"end":{"line":37,"column":4}},"4":{"start":{"line":40,"column":34},"end":{"line":56,"column":1}},"5":{"start":{"line":41,"column":2},"end":{"line":41,"column":33}},"6":{"start":{"line":41,"column":23},"end":{"line":41,"column":33}},"7":{"start":{"line":42,"column":2},"end":{"line":55,"column":3}},"8":{"start":{"line":43,"column":14},"end":{"line":49,"column":5}},"9":{"start":{"line":50,"column":21},"end":{"line":50,"column":37}},"10":{"start":{"line":51,"column":4},"end":{"line":51,"column":42}},"11":{"start":{"line":53,"column":4},"end":{"line":53,"column":59}},"12":{"start":{"line":54,"column":4},"end":{"line":54,"column":14}},"13":{"start":{"line":58,"column":32},"end":{"line":76,"column":1}},"14":{"start":{"line":59,"column":2},"end":{"line":59,"column":28}},"15":{"start":{"line":59,"column":18},"end":{"line":59,"column":28}},"16":{"start":{"line":60,"column":2},"end":{"line":75,"column":3}},"17":{"start":{"line":61,"column":20},"end":{"line":61,"column":57}},"18":{"start":{"line":62,"column":4},"end":{"line":62,"column":57}},"19":{"start":{"line":62,"column":15},"end":{"line":62,"column":57}},"20":{"start":{"line":63,"column":4},"end":{"line":63,"column":68}},"21":{"start":{"line":63,"column":14},"end":{"line":63,"column":68}},"22":{"start":{"line":65,"column":14},"end":{"line":69,"column":5}},"23":{"start":{"line":70,"column":21},"end":{"line":70,"column":37}},"24":{"start":{"line":71,"column":4},"end":{"line":71,"column":42}},"25":{"start":{"line":73,"column":4},"end":{"line":73,"column":57}},"26":{"start":{"line":74,"column":4},"end":{"line":74,"column":14}},"27":{"start":{"line":78,"column":28},"end":{"line":113,"column":1}},"28":{"start":{"line":91,"column":2},"end":{"line":93,"column":3}},"29":{"start":{"line":92,"column":4},"end":{"line":92,"column":70}},"30":{"start":{"line":95,"column":18},"end":{"line":109,"column":3}},"31":{"start":{"line":100,"column":64},"end":{"line":100,"column":77}},"32":{"start":{"line":111,"column":17},"end":{"line":111,"column":57}},"33":{"start":{"line":112,"column":2},"end":{"line":112,"column":39}},"34":{"start":{"line":115,"column":29},"end":{"line":125,"column":1}},"35":{"start":{"line":116,"column":2},"end":{"line":116,"column":29}},"36":{"start":{"line":116,"column":17},"end":{"line":116,"column":29}},"37":{"start":{"line":117,"column":2},"end":{"line":124,"column":3}},"38":{"start":{"line":118,"column":20},"end":{"line":118,"column":66}},"39":{"start":{"line":119,"column":4},"end":{"line":119,"column":39}},"40":{"start":{"line":119,"column":27},"end":{"line":119,"column":39}},"41":{"start":{"line":120,"column":4},"end":{"line":120,"column":32}},"42":{"start":{"line":122,"column":4},"end":{"line":122,"column":57}},"43":{"start":{"line":123,"column":4},"end":{"line":123,"column":16}}},"fnMap":{"0":{"name":"(anonymous_0)","decl":{"start":{"line":16,"column":20},"end":{"line":16,"column":21}},"loc":{"start":{"line":16,"column":33},"end":{"line":38,"column":1}},"line":16},"1":{"name":"(anonymous_1)","decl":{"start":{"line":40,"column":34},"end":{"line":40,"column":35}},"loc":{"start":{"line":40,"column":57},"end":{"line":56,"column":1}},"line":40},"2":{"name":"(anonymous_2)","decl":{"start":{"line":58,"column":32},"end":{"line":58,"column":33}},"loc":{"start":{"line":58,"column":66},"end":{"line":76,"column":1}},"line":58},"3":{"name":"(anonymous_3)","decl":{"start":{"line":78,"column":28},"end":{"line":78,"column":29}},"loc":{"start":{"line":90,"column":6},"end":{"line":113,"column":1}},"line":90},"4":{"name":"(anonymous_4)","decl":{"start":{"line":100,"column":56},"end":{"line":100,"column":57}},"loc":{"start":{"line":100,"column":64},"end":{"line":100,"column":77}},"line":100},"5":{"name":"(anonymous_5)","decl":{"start":{"line":115,"column":29},"end":{"line":115,"column":30}},"loc":{"start":{"line":115,"column":49},"end":{"line":125,"column":1}},"line":115}},"branchMap":{"0":{"loc":{"start":{"line":17,"column":15},"end":{"line":17,"column":35}},"type":"binary-expr","locations":[{"start":{"line":17,"column":15},"end":{"line":17,"column":29}},{"start":{"line":17,"column":33},"end":{"line":17,"column":35}}],"line":17},"1":{"loc":{"start":{"line":20,"column":11},"end":{"line":20,"column":42}},"type":"binary-expr","locations":[{"start":{"line":20,"column":11},"end":{"line":20,"column":21}},{"start":{"line":20,"column":25},"end":{"line":20,"column":42}}],"line":20},"2":{"loc":{"start":{"line":21,"column":17},"end":{"line":21,"column":39}},"type":"binary-expr","locations":[{"start":{"line":21,"column":17},"end":{"line":21,"column":33}},{"start":{"line":21,"column":37},"end":{"line":21,"column":39}}],"line":21},"3":{"loc":{"start":{"line":23,"column":11},"end":{"line":23,"column":27}},"type":"binary-expr","locations":[{"start":{"line":23,"column":11},"end":{"line":23,"column":20}},{"start":{"line":23,"column":24},"end":{"line":23,"column":27}}],"line":23},"4":{"loc":{"start":{"line":24,"column":15},"end":{"line":28,"column":12}},"type":"cond-expr","locations":[{"start":{"line":25,"column":8},"end":{"line":25,"column":22}},{"start":{"line":26,"column":8},"end":{"line":28,"column":12}}],"line":24},"5":{"loc":{"start":{"line":26,"column":8},"end":{"line":28,"column":12}},"type":"cond-expr","locations":[{"start":{"line":27,"column":10},"end":{"line":27,"column":23}},{"start":{"line":28,"column":10},"end":{"line":28,"column":12}}],"line":26},"6":{"loc":{"start":{"line":29,"column":10},"end":{"line":29,"column":25}},"type":"binary-expr","locations":[{"start":{"line":29,"column":10},"end":{"line":29,"column":19}},{"start":{"line":29,"column":23},"end":{"line":29,"column":25}}],"line":29},"7":{"loc":{"start":{"line":32,"column":15},"end":{"line":32,"column":37}},"type":"binary-expr","locations":[{"start":{"line":32,"column":15},"end":{"line":32,"column":29}},{"start":{"line":32,"column":33},"end":{"line":32,"column":37}}],"line":32},"8":{"loc":{"start":{"line":33,"column":21},"end":{"line":33,"column":47}},"type":"binary-expr","locations":[{"start":{"line":33,"column":21},"end":{"line":33,"column":41}},{"start":{"line":33,"column":45},"end":{"line":33,"column":47}}],"line":33},"9":{"loc":{"start":{"line":34,"column":21},"end":{"line":34,"column":49}},"type":"binary-expr","locations":[{"start":{"line":34,"column":21},"end":{"line":34,"column":41}},{"start":{"line":34,"column":45},"end":{"line":34,"column":49}}],"line":34},"10":{"loc":{"start":{"line":35,"column":15},"end":{"line":35,"column":37}},"type":"binary-expr","locations":[{"start":{"line":35,"column":15},"end":{"line":35,"column":29}},{"start":{"line":35,"column":33},"end":{"line":35,"column":37}}],"line":35},"11":{"loc":{"start":{"line":36,"column":15},"end":{"line":36,"column":37}},"type":"binary-expr","locations":[{"start":{"line":36,"column":15},"end":{"line":36,"column":29}},{"start":{"line":36,"column":33},"end":{"line":36,"column":37}}],"line":36},"12":{"loc":{"start":{"line":41,"column":2},"end":{"line":41,"column":33}},"type":"if","locations":[{"start":{"line":41,"column":2},"end":{"line":41,"column":33}},{"start":{},"end":{}}],"line":41},"13":{"loc":{"start":{"line":41,"column":6},"end":{"line":41,"column":21}},"type":"binary-expr","locations":[{"start":{"line":41,"column":6},"end":{"line":41,"column":12}},{"start":{"line":41,"column":16},"end":{"line":41,"column":21}}],"line":41},"14":{"loc":{"start":{"line":59,"column":2},"end":{"line":59,"column":28}},"type":"if","locations":[{"start":{"line":59,"column":2},"end":{"line":59,"column":28}},{"start":{},"end":{}}],"line":59},"15":{"loc":{"start":{"line":62,"column":4},"end":{"line":62,"column":57}},"type":"if","locations":[{"start":{"line":62,"column":4},"end":{"line":62,"column":57}},{"start":{},"end":{}}],"line":62},"16":{"loc":{"start":{"line":63,"column":4},"end":{"line":63,"column":68}},"type":"if","locations":[{"start":{"line":63,"column":4},"end":{"line":63,"column":68}},{"start":{},"end":{}}],"line":63},"17":{"loc":{"start":{"line":83,"column":2},"end":{"line":83,"column":16}},"type":"default-arg","locations":[{"start":{"line":83,"column":14},"end":{"line":83,"column":16}}],"line":83},"18":{"loc":{"start":{"line":84,"column":2},"end":{"line":84,"column":11}},"type":"default-arg","locations":[{"start":{"line":84,"column":9},"end":{"line":84,"column":11}}],"line":84},"19":{"loc":{"start":{"line":85,"column":2},"end":{"line":85,"column":20}},"type":"default-arg","locations":[{"start":{"line":85,"column":15},"end":{"line":85,"column":20}}],"line":85},"20":{"loc":{"start":{"line":86,"column":2},"end":{"line":86,"column":17}},"type":"default-arg","locations":[{"start":{"line":86,"column":13},"end":{"line":86,"column":17}}],"line":86},"21":{"loc":{"start":{"line":87,"column":2},"end":{"line":87,"column":18}},"type":"default-arg","locations":[{"start":{"line":87,"column":14},"end":{"line":87,"column":18}}],"line":87},"22":{"loc":{"start":{"line":88,"column":2},"end":{"line":88,"column":22}},"type":"default-arg","locations":[{"start":{"line":88,"column":20},"end":{"line":88,"column":22}}],"line":88},"23":{"loc":{"start":{"line":89,"column":2},"end":{"line":89,"column":24}},"type":"default-arg","locations":[{"start":{"line":89,"column":20},"end":{"line":89,"column":24}}],"line":89},"24":{"loc":{"start":{"line":91,"column":2},"end":{"line":93,"column":3}},"type":"if","locations":[{"start":{"line":91,"column":2},"end":{"line":93,"column":3}},{"start":{},"end":{}}],"line":91},"25":{"loc":{"start":{"line":91,"column":6},"end":{"line":91,"column":21}},"type":"binary-expr","locations":[{"start":{"line":91,"column":6},"end":{"line":91,"column":12}},{"start":{"line":91,"column":16},"end":{"line":91,"column":21}}],"line":91},"26":{"loc":{"start":{"line":96,"column":11},"end":{"line":96,"column":37}},"type":"binary-expr","locations":[{"start":{"line":96,"column":11},"end":{"line":96,"column":16}},{"start":{"line":96,"column":20},"end":{"line":96,"column":37}}],"line":96},"27":{"loc":{"start":{"line":97,"column":17},"end":{"line":97,"column":34}},"type":"binary-expr","locations":[{"start":{"line":97,"column":17},"end":{"line":97,"column":28}},{"start":{"line":97,"column":32},"end":{"line":97,"column":34}}],"line":97},"28":{"loc":{"start":{"line":100,"column":15},"end":{"line":100,"column":83}},"type":"cond-expr","locations":[{"start":{"line":100,"column":42},"end":{"line":100,"column":78}},{"start":{"line":100,"column":81},"end":{"line":100,"column":83}}],"line":100},"29":{"loc":{"start":{"line":116,"column":2},"end":{"line":116,"column":29}},"type":"if","locations":[{"start":{"line":116,"column":2},"end":{"line":116,"column":29}},{"start":{},"end":{}}],"line":116},"30":{"loc":{"start":{"line":119,"column":4},"end":{"line":119,"column":39}},"type":"if","locations":[{"start":{"line":119,"column":4},"end":{"line":119,"column":39}},{"start":{},"end":{}}],"line":119}},"s":{"0":2,"1":2,"2":1,"3":1,"4":2,"5":3,"6":2,"7":1,"8":1,"9":1,"10":1,"11":0,"12":0,"13":2,"14":0,"15":0,"16":0,"17":0,"18":0,"19":0,"20":0,"21":0,"22":0,"23":0,"24":0,"25":0,"26":0,"27":2,"28":2,"29":1,"30":1,"31":2,"32":1,"33":1,"34":2,"35":0,"36":0,"37":0,"38":0,"39":0,"40":0,"41":0,"42":0,"43":0},"f":{"0":1,"1":3,"2":0,"3":2,"4":2,"5":0},"b":{"0":[1,0],"1":[1,0],"2":[1,0],"3":[1,0],"4":[0,1],"5":[1,0],"6":[1,1],"7":[1,1],"8":[1,1],"9":[1,1],"10":[1,1],"11":[1,1],"12":[2,1],"13":[3,2],"14":[0,0],"15":[0,0],"16":[0,0],"17":[1],"18":[2],"19":[2],"20":[1],"21":[2],"22":[2],"23":[2],"24":[1,1],"25":[2,1],"26":[1,0],"27":[1,0],"28":[1,0],"29":[0,0],"30":[0,0]},"_coverageSchema":"1a1c01bbd47fc00a2c39e90264f33305004495a9","hash":"71a8f555a1a53dca8343d7d838f19f5bb8074d1c"}
,"/Users/ivan/CS2/services/timeUtils.js": {"path":"/Users/ivan/CS2/services/timeUtils.js","statementMap":{"0":{"start":{"line":1,"column":25},"end":{"line":19,"column":1}},"1":{"start":{"line":2,"column":2},"end":{"line":2,"column":23}},"2":{"start":{"line":2,"column":14},"end":{"line":2,"column":23}},"3":{"start":{"line":4,"column":2},"end":{"line":6,"column":3}},"4":{"start":{"line":5,"column":4},"end":{"line":5,"column":17}},"5":{"start":{"line":8,"column":2},"end":{"line":10,"column":3}},"6":{"start":{"line":9,"column":4},"end":{"line":9,"column":36}},"7":{"start":{"line":12,"column":2},"end":{"line":15,"column":3}},"8":{"start":{"line":13,"column":18},"end":{"line":13,"column":79}},"9":{"start":{"line":14,"column":4},"end":{"line":14,"column":58}},"10":{"start":{"line":17,"column":17},"end":{"line":17,"column":42}},"11":{"start":{"line":18,"column":2},"end":{"line":18,"column":43}}},"fnMap":{"0":{"name":"(anonymous_0)","decl":{"start":{"line":1,"column":25},"end":{"line":1,"column":26}},"loc":{"start":{"line":1,"column":36},"end":{"line":19,"column":1}},"line":1}},"branchMap":{"0":{"loc":{"start":{"line":2,"column":2},"end":{"line":2,"column":23}},"type":"if","locations":[{"start":{"line":2,"column":2},"end":{"line":2,"column":23}},{"start":{},"end":{}}],"line":2},"1":{"loc":{"start":{"line":4,"column":2},"end":{"line":6,"column":3}},"type":"if","locations":[{"start":{"line":4,"column":2},"end":{"line":6,"column":3}},{"start":{},"end":{}}],"line":4},"2":{"loc":{"start":{"line":8,"column":2},"end":{"line":10,"column":3}},"type":"if","locations":[{"start":{"line":8,"column":2},"end":{"line":10,"column":3}},{"start":{},"end":{}}],"line":8},"3":{"loc":{"start":{"line":12,"column":2},"end":{"line":15,"column":3}},"type":"if","locations":[{"start":{"line":12,"column":2},"end":{"line":15,"column":3}},{"start":{},"end":{}}],"line":12},"4":{"loc":{"start":{"line":13,"column":18},"end":{"line":13,"column":79}},"type":"cond-expr","locations":[{"start":{"line":13,"column":58},"end":{"line":13,"column":75}},{"start":{"line":13,"column":78},"end":{"line":13,"column":79}}],"line":13},"5":{"loc":{"start":{"line":18,"column":9},"end":{"line":18,"column":42}},"type":"cond-expr","locations":[{"start":{"line":18,"column":32},"end":{"line":18,"column":33}},{"start":{"line":18,"column":36},"end":{"line":18,"column":42}}],"line":18}},"s":{"0":3,"1":10,"2":0,"3":10,"4":0,"5":10,"6":10,"7":0,"8":0,"9":0,"10":0,"11":0},"f":{"0":10},"b":{"0":[0,10],"1":[0,10],"2":[10,0],"3":[0,0],"4":[0,0],"5":[0,0]},"_coverageSchema":"1a1c01bbd47fc00a2c39e90264f33305004495a9","hash":"a10770b8662c3e364cba4ec3726353ff590c2b9d"}
}
