TN:
SF:components/AutoSaveIndicator.js
FN:13,AutoSaveIndicator
FN:16,(anonymous_1)
FN:34,(anonymous_2)
FNF:3
FNH:0
FNDA:0,AutoSaveIndicator
FNDA:0,(anonymous_1)
FNDA:0,(anonymous_2)
DA:14,0
DA:16,0
DA:17,0
DA:19,0
DA:26,0
DA:34,0
DA:35,0
DA:37,0
DA:43,0
DA:49,0
DA:55,0
DA:59,0
DA:61,0
DA:63,0
DA:73,0
LF:15
LH:0
BRDA:17,0,0,0
BRDA:17,0,1,0
BRDA:17,1,0,0
BRDA:17,1,1,0
BRDA:17,1,2,0
BRDA:35,2,0,0
BRDA:35,2,1,0
BRDA:35,2,2,0
BRDA:35,2,3,0
BRDA:61,3,0,0
BRDA:61,3,1,0
BRF:11
BRH:0
end_of_record
TN:
SF:components/CommentsModal.js
FN:19,CommentsModal
FN:27,(anonymous_1)
FN:42,(anonymous_2)
FN:49,(anonymous_3)
FN:54,(anonymous_4)
FN:63,(anonymous_5)
FN:69,(anonymous_6)
FN:78,(anonymous_7)
FN:84,(anonymous_8)
FN:94,(anonymous_9)
FN:125,(anonymous_10)
FN:131,(anonymous_11)
FN:139,(anonymous_12)
FN:153,(anonymous_13)
FN:185,(anonymous_14)
FN:191,(anonymous_15)
FN:199,(anonymous_16)
FN:213,(anonymous_17)
FN:245,(anonymous_18)
FNF:19
FNH:0
FNDA:0,CommentsModal
FNDA:0,(anonymous_1)
FNDA:0,(anonymous_2)
FNDA:0,(anonymous_3)
FNDA:0,(anonymous_4)
FNDA:0,(anonymous_5)
FNDA:0,(anonymous_6)
FNDA:0,(anonymous_7)
FNDA:0,(anonymous_8)
FNDA:0,(anonymous_9)
FNDA:0,(anonymous_10)
FNDA:0,(anonymous_11)
FNDA:0,(anonymous_12)
FNDA:0,(anonymous_13)
FNDA:0,(anonymous_14)
FNDA:0,(anonymous_15)
FNDA:0,(anonymous_16)
FNDA:0,(anonymous_17)
FNDA:0,(anonymous_18)
DA:20,0
DA:21,0
DA:22,0
DA:23,0
DA:25,0
DA:27,0
DA:28,0
DA:29,0
DA:31,0
DA:33,0
DA:34,0
DA:37,0
DA:39,0
DA:42,0
DA:44,0
DA:45,0
DA:46,0
DA:49,0
DA:50,0
DA:51,0
DA:54,0
DA:55,0
DA:63,0
DA:69,0
DA:70,0
DA:78,0
DA:84,0
DA:85,0
DA:87,0
DA:88,0
DA:89,0
DA:90,0
DA:91,0
DA:94,0
DA:95,0
DA:96,0
DA:97,0
DA:99,0
DA:125,0
DA:131,0
DA:139,0
DA:153,0
DA:154,0
DA:155,0
DA:156,0
DA:157,0
DA:159,0
DA:185,0
DA:191,0
DA:199,0
DA:213,0
DA:220,0
DA:245,0
DA:301,0
LF:54
LH:0
BRDA:29,0,0,0
BRDA:29,0,1,0
BRDA:31,1,0,0
BRDA:31,1,1,0
BRDA:42,2,0,0
BRDA:44,3,0,0
BRDA:44,3,1,0
BRDA:87,4,0,0
BRDA:87,4,1,0
BRDA:88,5,0,0
BRDA:88,5,1,0
BRDA:89,6,0,0
BRDA:89,6,1,0
BRDA:90,7,0,0
BRDA:90,7,1,0
BRDA:103,8,0,0
BRDA:103,8,1,0
BRDA:103,9,0,0
BRDA:103,9,1,0
BRDA:103,9,2,0
BRDA:118,10,0,0
BRDA:118,10,1,0
BRDA:121,11,0,0
BRDA:121,11,1,0
BRDA:128,12,0,0
BRDA:128,12,1,0
BRDA:143,13,0,0
BRDA:143,13,1,0
BRDA:145,14,0,0
BRDA:145,14,1,0
BRDA:157,15,0,0
BRDA:157,15,1,0
BRDA:163,16,0,0
BRDA:163,16,1,0
BRDA:163,17,0,0
BRDA:163,17,1,0
BRDA:163,17,2,0
BRDA:178,18,0,0
BRDA:178,18,1,0
BRDA:181,19,0,0
BRDA:181,19,1,0
BRDA:188,20,0,0
BRDA:188,20,1,0
BRDA:203,21,0,0
BRDA:203,21,1,0
BRDA:205,22,0,0
BRDA:205,22,1,0
BRDA:211,23,0,0
BRDA:211,23,1,0
BRDA:229,24,0,0
BRDA:229,24,1,0
BRDA:258,25,0,0
BRDA:258,25,1,0
BRDA:270,26,0,0
BRDA:270,26,1,0
BRDA:270,27,0,0
BRDA:270,27,1,0
BRDA:270,27,2,0
BRDA:282,28,0,0
BRDA:282,28,1,0
BRDA:289,29,0,0
BRDA:289,29,1,0
BRDA:312,30,0,0
BRDA:312,30,1,0
BRDA:448,31,0,0
BRDA:448,31,1,0
BRF:66
BRH:0
end_of_record
TN:
SF:components/CreatorDiscovery.js
FN:7,CreatorDiscovery
FN:10,(anonymous_1)
FN:40,(anonymous_2)
FN:48,(anonymous_3)
FN:56,(anonymous_4)
FN:57,(anonymous_5)
FNF:6
FNH:0
FNDA:0,CreatorDiscovery
FNDA:0,(anonymous_1)
FNDA:0,(anonymous_2)
FNDA:0,(anonymous_3)
FNDA:0,(anonymous_4)
FNDA:0,(anonymous_5)
DA:8,0
DA:10,0
DA:11,0
DA:12,0
DA:13,0
DA:15,0
DA:22,0
DA:23,0
DA:38,0
DA:40,0
DA:41,0
DA:42,0
DA:45,0
DA:48,0
DA:56,0
DA:57,0
DA:103,1
LF:17
LH:1
BRDA:11,0,0,0
BRDA:11,0,1,0
BRDA:22,1,0,0
BRDA:22,1,1,0
BRDA:41,2,0,0
BRDA:41,2,1,0
BRDA:51,3,0,0
BRDA:51,3,1,0
BRDA:61,4,0,0
BRDA:61,4,1,0
BRDA:68,5,0,0
BRDA:68,5,1,0
BRDA:76,6,0,0
BRDA:76,6,1,0
BRDA:84,7,0,0
BRDA:84,7,1,0
BRF:16
BRH:0
end_of_record
TN:
SF:components/DraftSelectionModal.js
FN:25,DraftSelectionModal
FN:29,(anonymous_1)
FN:35,(anonymous_2)
FN:40,(anonymous_3)
FN:45,(anonymous_4)
FN:54,(anonymous_5)
FN:62,(anonymous_6)
FN:69,(anonymous_7)
FN:116,(anonymous_8)
FN:127,(anonymous_9)
FN:173,(anonymous_10)
FNF:11
FNH:0
FNDA:0,DraftSelectionModal
FNDA:0,(anonymous_1)
FNDA:0,(anonymous_2)
FNDA:0,(anonymous_3)
FNDA:0,(anonymous_4)
FNDA:0,(anonymous_5)
FNDA:0,(anonymous_6)
FNDA:0,(anonymous_7)
FNDA:0,(anonymous_8)
FNDA:0,(anonymous_9)
FNDA:0,(anonymous_10)
DA:26,0
DA:29,0
DA:30,0
DA:31,0
DA:32,0
DA:35,0
DA:36,0
DA:37,0
DA:40,0
DA:41,0
DA:42,0
DA:45,0
DA:46,0
DA:55,0
DA:62,0
DA:63,0
DA:64,0
DA:66,0
DA:69,0
DA:117,0
DA:118,0
DA:127,0
DA:128,0
DA:137,0
DA:173,0
DA:183,0
LF:26
LH:0
BRDA:30,0,0,0
BRDA:30,0,1,0
BRDA:30,0,2,0
BRDA:31,1,0,0
BRDA:31,1,1,0
BRDA:31,1,2,0
BRDA:55,2,0,0
BRDA:55,2,1,0
BRDA:63,3,0,0
BRDA:63,3,1,0
BRDA:63,3,2,0
BRDA:64,4,0,0
BRDA:64,4,1,0
BRDA:73,5,0,0
BRDA:73,5,1,0
BRDA:89,6,0,0
BRDA:89,6,1,0
BRDA:92,7,0,0
BRDA:92,7,1,0
BRDA:99,8,0,0
BRDA:99,8,1,0
BRDA:100,9,0,0
BRDA:100,9,1,0
BRDA:101,10,0,0
BRDA:101,10,1,0
BRDA:105,11,0,0
BRDA:105,11,1,0
BRDA:106,12,0,0
BRDA:106,12,1,0
BRDA:162,13,0,0
BRDA:162,13,1,0
BRDA:173,14,0,0
BRDA:173,14,1,0
BRF:33
BRH:0
end_of_record
TN:
SF:components/FollowersFollowingModal.js
FN:18,FollowersFollowingModal
FN:30,(anonymous_1)
FN:37,(anonymous_2)
FN:45,(anonymous_3)
FN:51,(anonymous_4)
FN:59,(anonymous_5)
FN:82,(anonymous_6)
FN:93,(anonymous_7)
FN:132,(anonymous_8)
FN:141,(anonymous_9)
FN:153,(anonymous_10)
FNF:11
FNH:0
FNDA:0,FollowersFollowingModal
FNDA:0,(anonymous_1)
FNDA:0,(anonymous_2)
FNDA:0,(anonymous_3)
FNDA:0,(anonymous_4)
FNDA:0,(anonymous_5)
FNDA:0,(anonymous_6)
FNDA:0,(anonymous_7)
FNDA:0,(anonymous_8)
FNDA:0,(anonymous_9)
FNDA:0,(anonymous_10)
DA:19,0
DA:20,0
DA:21,0
DA:22,0
DA:23,0
DA:25,0
DA:26,0
DA:28,0
DA:30,0
DA:31,0
DA:32,0
DA:33,0
DA:37,0
DA:38,0
DA:39,0
DA:41,0
DA:45,0
DA:46,0
DA:47,0
DA:48,0
DA:51,0
DA:53,0
DA:55,0
DA:57,0
DA:59,0
DA:82,0
DA:93,0
DA:94,0
DA:111,0
DA:132,0
DA:141,0
DA:153,0
DA:162,0
LF:33
LH:0
BRDA:18,0,0,0
BRDA:28,1,0,0
BRDA:28,1,1,0
BRDA:31,2,0,0
BRDA:31,2,1,0
BRDA:38,3,0,0
BRDA:38,3,1,0
BRDA:46,4,0,0
BRDA:46,4,1,0
BRDA:53,5,0,0
BRDA:53,5,1,0
BRDA:53,5,2,0
BRDA:53,5,3,0
BRDA:61,6,0,0
BRDA:61,6,1,0
BRDA:61,7,0,0
BRDA:61,7,1,0
BRDA:61,7,2,0
BRDA:74,8,0,0
BRDA:74,8,1,0
BRDA:79,9,0,0
BRDA:79,9,1,0
BRDA:81,10,0,0
BRDA:81,10,1,0
BRDA:84,11,0,0
BRDA:84,11,1,0
BRDA:85,12,0,0
BRDA:85,12,1,0
BRDA:96,13,0,0
BRDA:96,13,1,0
BRDA:101,14,0,0
BRDA:101,14,1,0
BRDA:104,15,0,0
BRDA:104,15,1,0
BRDA:131,16,0,0
BRDA:131,16,1,0
BRDA:134,17,0,0
BRDA:134,17,1,0
BRDA:140,18,0,0
BRDA:140,18,1,0
BRDA:143,19,0,0
BRDA:143,19,1,0
BRDA:173,20,0,0
BRDA:173,20,1,0
BRF:44
BRH:0
end_of_record
TN:
SF:components/ImageCropModal.js
FN:25,ImageCropModal
FN:36,(anonymous_1)
FN:42,(anonymous_2)
FN:60,(anonymous_3)
FN:71,(anonymous_4)
FN:72,(anonymous_5)
FN:74,(anonymous_6)
FN:88,(anonymous_7)
FN:95,(anonymous_8)
FN:107,(anonymous_9)
FN:119,(anonymous_10)
FN:125,(anonymous_11)
FNF:12
FNH:0
FNDA:0,ImageCropModal
FNDA:0,(anonymous_1)
FNDA:0,(anonymous_2)
FNDA:0,(anonymous_3)
FNDA:0,(anonymous_4)
FNDA:0,(anonymous_5)
FNDA:0,(anonymous_6)
FNDA:0,(anonymous_7)
FNDA:0,(anonymous_8)
FNDA:0,(anonymous_9)
FNDA:0,(anonymous_10)
FNDA:0,(anonymous_11)
DA:19,0
DA:20,0
DA:22,0
DA:23,0
DA:26,0
DA:27,0
DA:28,0
DA:31,0
DA:32,0
DA:33,0
DA:36,0
DA:37,0
DA:38,0
DA:40,0
DA:43,0
DA:44,0
DA:47,0
DA:48,0
DA:49,0
DA:51,0
DA:53,0
DA:54,0
DA:57,0
DA:58,0
DA:61,0
DA:62,0
DA:69,0
DA:71,0
DA:72,0
DA:76,0
DA:78,0
DA:79,0
DA:80,0
DA:89,0
DA:90,0
DA:95,0
DA:97,0
DA:98,0
DA:100,0
DA:107,0
DA:109,0
DA:110,0
DA:112,0
DA:119,0
DA:120,0
DA:121,0
DA:122,0
DA:125,0
DA:126,0
DA:127,0
DA:129,0
DA:132,0
DA:134,0
DA:136,0
DA:138,0
DA:141,0
DA:142,0
DA:145,0
DA:146,0
DA:149,0
DA:150,0
DA:153,0
DA:154,0
DA:157,0
DA:158,0
DA:161,0
DA:162,0
DA:163,0
DA:164,0
DA:167,0
DA:168,0
DA:169,0
DA:170,0
DA:172,0
DA:180,0
DA:204,0
DA:205,0
DA:207,0
DA:208,0
DA:209,0
DA:213,0
DA:312,0
LF:82
LH:0
BRDA:37,0,0,0
BRDA:37,0,1,0
BRDA:37,1,0,0
BRDA:37,1,1,0
BRDA:126,2,0,0
BRDA:126,2,1,0
BRDA:126,3,0,0
BRDA:126,3,1,0
BRDA:209,4,0,0
BRDA:209,4,1,0
BRDA:294,5,0,0
BRDA:294,5,1,0
BRDA:298,6,0,0
BRDA:298,6,1,0
BRF:14
BRH:0
end_of_record
TN:
SF:components/LineupCard.js
FN:8,LineupCard
FN:15,(anonymous_1)
FN:23,(anonymous_2)
FN:33,(anonymous_3)
FN:34,(anonymous_4)
FN:87,(anonymous_5)
FNF:6
FNH:2
FNDA:11,LineupCard
FNDA:0,(anonymous_1)
FNDA:0,(anonymous_2)
FNDA:0,(anonymous_3)
FNDA:0,(anonymous_4)
FNDA:1,(anonymous_5)
DA:9,11
DA:10,11
DA:13,11
DA:15,11
DA:16,0
DA:17,0
DA:20,11
DA:23,0
DA:33,0
DA:34,0
DA:87,3
DA:88,1
DA:98,3
LF:13
LH:8
BRDA:16,0,0,0
BRDA:16,0,1,0
BRDA:28,1,0,11
BRDA:28,1,1,0
BRDA:38,2,0,11
BRDA:38,2,1,11
BRDA:45,3,0,11
BRDA:45,3,1,6
BRDA:52,4,0,11
BRDA:52,4,1,0
BRDA:60,5,0,11
BRDA:60,5,1,0
BRDA:68,6,0,0
BRDA:68,6,1,0
BRDA:89,7,0,1
BRDA:89,7,1,1
BRDA:89,7,2,1
BRDA:89,7,3,1
BRF:18
BRH:11
end_of_record
TN:
SF:components/LineupGridSkeleton.js
FN:6,LineupGridSkeleton
FN:9,(anonymous_1)
FNF:2
FNH:2
FNDA:10,LineupGridSkeleton
FNDA:60,(anonymous_1)
DA:4,3
DA:7,10
DA:10,60
DA:27,3
LF:4
LH:4
BRF:0
BRH:0
end_of_record
TN:
SF:components/TacticCard.js
FN:6,TacticCard
FN:101,(anonymous_1)
FN:105,(anonymous_2)
FN:124,(anonymous_3)
FNF:4
FNH:2
FNDA:1,TacticCard
FNDA:1,(anonymous_1)
FNDA:0,(anonymous_2)
FNDA:0,(anonymous_3)
DA:14,1
DA:15,1
DA:17,1
DA:20,1
DA:22,1
DA:102,1
DA:105,0
DA:124,1
DA:125,0
DA:137,1
LF:10
LH:8
BRDA:9,0,0,0
BRDA:15,1,0,1
BRDA:15,1,1,0
BRDA:17,2,0,1
BRDA:17,2,1,1
BRDA:17,2,2,0
BRDA:20,3,0,1
BRDA:20,3,1,0
BRDA:37,4,0,1
BRDA:37,4,1,0
BRDA:40,5,0,1
BRDA:40,5,1,0
BRDA:45,6,0,1
BRDA:45,6,1,0
BRDA:52,7,0,1
BRDA:52,7,1,0
BRDA:66,8,0,1
BRDA:66,8,1,0
BRDA:70,9,0,0
BRDA:70,9,1,1
BRDA:72,10,0,0
BRDA:72,10,1,1
BRDA:74,11,0,1
BRDA:74,11,1,0
BRDA:75,12,0,0
BRDA:75,12,1,1
BRDA:86,13,0,1
BRDA:86,13,1,0
BRDA:86,13,2,0
BRDA:89,14,0,0
BRDA:89,14,1,1
BRDA:100,15,0,1
BRDA:100,15,1,0
BRDA:126,16,0,0
BRDA:126,16,1,0
BRDA:126,16,2,0
BRDA:126,16,3,0
BRDA:126,16,4,0
BRDA:126,16,5,0
BRF:39
BRH:16
end_of_record
TN:
SF:context/AuthContext.js
FN:18,(anonymous_0)
FN:24,(anonymous_1)
FN:27,(anonymous_2)
FN:74,(anonymous_3)
FN:82,(anonymous_4)
FN:87,(anonymous_5)
FN:114,(anonymous_6)
FN:125,(anonymous_7)
FN:149,(anonymous_8)
FN:182,(anonymous_9)
FN:203,(anonymous_10)
FN:216,(anonymous_11)
FN:227,(anonymous_12)
FN:243,(anonymous_13)
FN:244,(anonymous_14)
FNF:15
FNH:14
FNDA:3,(anonymous_0)
FNDA:4,(anonymous_1)
FNDA:4,(anonymous_2)
FNDA:13,(anonymous_3)
FNDA:25,(anonymous_4)
FNDA:1,(anonymous_5)
FNDA:1,(anonymous_6)
FNDA:2,(anonymous_7)
FNDA:0,(anonymous_8)
FNDA:2,(anonymous_9)
FNDA:1,(anonymous_10)
FNDA:1,(anonymous_11)
FNDA:5,(anonymous_12)
FNDA:10,(anonymous_13)
FNDA:13,(anonymous_14)
DA:16,1
DA:18,1
DA:19,3
DA:20,3
DA:21,3
DA:24,4
DA:27,1
DA:28,4
DA:30,4
DA:31,4
DA:33,3
DA:35,3
DA:40,3
DA:67,3
DA:68,3
DA:71,0
DA:74,1
DA:75,13
DA:76,13
DA:77,0
DA:79,13
DA:82,1
DA:83,25
DA:84,25
DA:87,25
DA:88,1
DA:90,1
DA:91,1
DA:92,1
DA:95,1
DA:100,1
DA:106,1
DA:108,0
DA:109,0
DA:114,25
DA:115,1
DA:116,1
DA:117,1
DA:119,0
DA:120,0
DA:125,25
DA:126,2
DA:127,2
DA:128,1
DA:131,1
DA:132,1
DA:133,1
DA:135,1
DA:141,1
DA:143,1
DA:144,1
DA:149,25
DA:150,0
DA:151,0
DA:153,0
DA:154,0
DA:155,0
DA:157,0
DA:163,0
DA:166,0
DA:167,0
DA:168,0
DA:169,0
DA:171,0
DA:172,0
DA:176,0
DA:177,0
DA:182,25
DA:183,2
DA:184,1
DA:187,1
DA:188,1
DA:194,1
DA:196,1
DA:197,1
DA:202,1
DA:203,1
DA:204,1
DA:212,1
DA:216,25
DA:217,1
DA:218,1
DA:219,1
DA:221,0
DA:222,0
DA:227,25
DA:228,5
DA:229,5
DA:230,5
DA:232,4
DA:233,3
DA:235,1
DA:237,1
DA:238,1
DA:243,25
DA:244,10
DA:245,13
DA:246,9
DA:247,9
DA:248,9
DA:251,4
DA:253,4
DA:256,4
DA:257,2
DA:260,3
DA:265,1
DA:266,1
DA:267,1
DA:268,1
DA:273,4
DA:277,10
DA:280,25
DA:295,25
LF:113
LH:90
BRDA:24,0,0,0
BRDA:27,1,0,2
BRDA:28,2,0,0
BRDA:28,2,1,4
BRDA:33,3,0,3
BRDA:33,3,1,0
BRDA:35,4,0,3
BRDA:35,4,1,1
BRDA:35,4,2,1
BRDA:35,4,3,0
BRDA:44,5,0,3
BRDA:44,5,1,1
BRDA:44,5,2,1
BRDA:45,6,0,3
BRDA:45,6,1,2
BRDA:47,7,0,3
BRDA:47,7,1,3
BRDA:47,7,2,3
BRDA:76,8,0,0
BRDA:76,8,1,13
BRDA:96,9,0,1
BRDA:96,9,1,0
BRDA:102,10,0,1
BRDA:102,10,1,0
BRDA:127,11,0,1
BRDA:127,11,1,1
BRDA:136,12,0,1
BRDA:136,12,1,0
BRDA:137,13,0,1
BRDA:137,13,1,0
BRDA:138,14,0,1
BRDA:138,14,1,1
BRDA:158,15,0,0
BRDA:158,15,1,0
BRDA:159,16,0,0
BRDA:159,16,1,0
BRDA:160,17,0,0
BRDA:160,17,1,0
BRDA:166,18,0,0
BRDA:166,18,1,0
BRDA:166,19,0,0
BRDA:166,19,1,0
BRDA:166,19,2,0
BRDA:182,20,0,0
BRDA:183,21,0,1
BRDA:183,21,1,1
BRDA:190,22,0,1
BRDA:190,22,1,0
BRDA:196,23,0,1
BRDA:196,23,1,0
BRDA:196,24,0,1
BRDA:196,24,1,1
BRDA:198,25,0,1
BRDA:198,25,1,1
BRDA:204,26,0,0
BRDA:204,26,1,1
BRDA:232,27,0,3
BRDA:232,27,1,1
BRDA:245,28,0,9
BRDA:245,28,1,4
BRDA:256,29,0,2
BRDA:256,29,1,2
BRDA:297,30,0,25
BRDA:297,30,1,15
BRF:64
BRH:40
end_of_record
TN:
SF:context/CommentsContext.js
FN:6,(anonymous_0)
FN:12,(anonymous_1)
FN:17,(anonymous_2)
FN:28,(anonymous_3)
FN:39,(anonymous_4)
FN:47,(anonymous_5)
FN:55,(anonymous_6)
FN:66,(anonymous_7)
FN:77,(anonymous_8)
FN:87,(anonymous_9)
FN:89,(anonymous_10)
FN:108,(anonymous_11)
FN:109,(anonymous_12)
FN:113,(anonymous_13)
FN:120,(anonymous_14)
FN:121,(anonymous_15)
FN:123,(anonymous_16)
FN:127,(anonymous_17)
FN:142,(anonymous_18)
FN:143,(anonymous_19)
FN:155,(anonymous_20)
FN:159,(anonymous_21)
FN:163,(anonymous_22)
FN:167,(anonymous_23)
FN:188,(anonymous_24)
FNF:25
FNH:0
FNDA:0,(anonymous_0)
FNDA:0,(anonymous_1)
FNDA:0,(anonymous_2)
FNDA:0,(anonymous_3)
FNDA:0,(anonymous_4)
FNDA:0,(anonymous_5)
FNDA:0,(anonymous_6)
FNDA:0,(anonymous_7)
FNDA:0,(anonymous_8)
FNDA:0,(anonymous_9)
FNDA:0,(anonymous_10)
FNDA:0,(anonymous_11)
FNDA:0,(anonymous_12)
FNDA:0,(anonymous_13)
FNDA:0,(anonymous_14)
FNDA:0,(anonymous_15)
FNDA:0,(anonymous_16)
FNDA:0,(anonymous_17)
FNDA:0,(anonymous_18)
FNDA:0,(anonymous_19)
FNDA:0,(anonymous_20)
FNDA:0,(anonymous_21)
FNDA:0,(anonymous_22)
FNDA:0,(anonymous_23)
FNDA:0,(anonymous_24)
DA:4,0
DA:6,0
DA:8,0
DA:9,0
DA:12,0
DA:13,0
DA:14,0
DA:17,0
DA:18,0
DA:19,0
DA:20,0
DA:21,0
DA:24,0
DA:28,0
DA:29,0
DA:30,0
DA:31,0
DA:32,0
DA:35,0
DA:39,0
DA:40,0
DA:41,0
DA:43,0
DA:47,0
DA:48,0
DA:49,0
DA:51,0
DA:55,0
DA:56,0
DA:66,0
DA:67,0
DA:68,0
DA:72,0
DA:73,0
DA:77,0
DA:78,0
DA:87,0
DA:88,0
DA:89,0
DA:90,0
DA:91,0
DA:96,0
DA:99,0
DA:103,0
DA:104,0
DA:108,0
DA:109,0
DA:110,0
DA:111,0
DA:113,0
DA:115,0
DA:116,0
DA:120,0
DA:121,0
DA:122,0
DA:123,0
DA:124,0
DA:125,0
DA:127,0
DA:130,0
DA:133,0
DA:137,0
DA:138,0
DA:142,0
DA:143,0
DA:144,0
DA:145,0
DA:146,0
DA:148,0
DA:150,0
DA:151,0
DA:155,0
DA:156,0
DA:159,0
DA:160,0
DA:163,0
DA:164,0
DA:167,0
DA:168,0
DA:171,0
DA:188,0
DA:189,0
DA:190,0
DA:191,0
DA:193,0
LF:85
LH:0
BRDA:20,0,0,0
BRDA:20,0,1,0
BRDA:31,1,0,0
BRDA:31,1,1,0
BRDA:67,2,0,0
BRDA:67,2,1,0
BRDA:88,3,0,0
BRDA:88,3,1,0
BRDA:90,4,0,0
BRDA:90,4,1,0
BRDA:93,5,0,0
BRDA:93,5,1,0
BRDA:110,6,0,0
BRDA:110,6,1,0
BRDA:122,7,0,0
BRDA:122,7,1,0
BRDA:124,8,0,0
BRDA:124,8,1,0
BRDA:127,9,0,0
BRDA:127,9,1,0
BRDA:145,10,0,0
BRDA:145,10,1,0
BRDA:160,11,0,0
BRDA:160,11,1,0
BRDA:164,12,0,0
BRDA:164,12,1,0
BRDA:168,13,0,0
BRDA:168,13,1,0
BRDA:190,14,0,0
BRDA:190,14,1,0
BRF:30
BRH:0
end_of_record
TN:
SF:context/DraftsContext.js
FN:9,DraftsProvider
FN:14,(anonymous_1)
FN:18,(anonymous_2)
FN:30,(anonymous_3)
FN:41,(anonymous_4)
FN:48,(anonymous_5)
FN:61,(anonymous_6)
FN:65,(anonymous_7)
FN:86,(anonymous_8)
FN:88,(anonymous_9)
FN:92,(anonymous_10)
FN:94,(anonymous_11)
FN:108,(anonymous_12)
FN:113,(anonymous_13)
FN:138,useDrafts
FNF:15
FNH:0
FNDA:0,DraftsProvider
FNDA:0,(anonymous_1)
FNDA:0,(anonymous_2)
FNDA:0,(anonymous_3)
FNDA:0,(anonymous_4)
FNDA:0,(anonymous_5)
FNDA:0,(anonymous_6)
FNDA:0,(anonymous_7)
FNDA:0,(anonymous_8)
FNDA:0,(anonymous_9)
FNDA:0,(anonymous_10)
FNDA:0,(anonymous_11)
FNDA:0,(anonymous_12)
FNDA:0,(anonymous_13)
FNDA:0,useDrafts
DA:5,0
DA:7,0
DA:10,0
DA:11,0
DA:14,0
DA:15,0
DA:18,0
DA:19,0
DA:20,0
DA:21,0
DA:22,0
DA:23,0
DA:26,0
DA:30,0
DA:31,0
DA:32,0
DA:33,0
DA:35,0
DA:36,0
DA:41,0
DA:42,0
DA:43,0
DA:44,0
DA:48,0
DA:49,0
DA:51,0
DA:52,0
DA:53,0
DA:56,0
DA:57,0
DA:61,0
DA:65,0
DA:68,0
DA:70,0
DA:71,0
DA:74,0
DA:77,0
DA:78,0
DA:80,0
DA:81,0
DA:86,0
DA:87,0
DA:88,0
DA:92,0
DA:93,0
DA:94,0
DA:95,0
DA:98,0
DA:99,0
DA:102,0
DA:103,0
DA:108,0
DA:109,0
DA:113,0
DA:114,0
DA:115,0
DA:116,0
DA:120,0
DA:139,0
DA:140,0
DA:141,0
DA:143,0
LF:62
LH:0
BRDA:21,0,0,0
BRDA:21,0,1,0
BRDA:52,1,0,0
BRDA:52,1,1,0
BRDA:61,2,0,0
BRDA:61,2,1,0
BRDA:68,3,0,0
BRDA:68,3,1,0
BRDA:98,4,0,0
BRDA:98,4,1,0
BRDA:114,5,0,0
BRDA:114,5,1,0
BRDA:140,6,0,0
BRDA:140,6,1,0
BRF:14
BRH:0
end_of_record
TN:
SF:context/FavoritesContext.js
FN:6,(anonymous_0)
FN:10,(anonymous_1)
FN:14,(anonymous_2)
FN:25,(anonymous_3)
FN:33,(anonymous_4)
FN:34,(anonymous_5)
FN:46,(anonymous_6)
FN:50,(anonymous_7)
FN:61,(anonymous_8)
FNF:9
FNH:0
FNDA:0,(anonymous_0)
FNDA:0,(anonymous_1)
FNDA:0,(anonymous_2)
FNDA:0,(anonymous_3)
FNDA:0,(anonymous_4)
FNDA:0,(anonymous_5)
FNDA:0,(anonymous_6)
FNDA:0,(anonymous_7)
FNDA:0,(anonymous_8)
DA:4,0
DA:6,0
DA:7,0
DA:10,0
DA:11,0
DA:14,0
DA:15,0
DA:16,0
DA:17,0
DA:18,0
DA:21,0
DA:25,0
DA:26,0
DA:27,0
DA:29,0
DA:33,0
DA:34,0
DA:35,0
DA:36,0
DA:37,0
DA:39,0
DA:41,0
DA:42,0
DA:46,0
DA:47,0
DA:50,0
DA:51,0
DA:54,0
DA:61,0
DA:62,0
DA:63,0
DA:64,0
DA:66,0
LF:33
LH:0
BRDA:17,0,0,0
BRDA:17,0,1,0
BRDA:36,1,0,0
BRDA:36,1,1,0
BRDA:63,2,0,0
BRDA:63,2,1,0
BRF:6
BRH:0
end_of_record
TN:
SF:context/FollowContext.js
FN:16,(anonymous_0)
FN:22,(anonymous_1)
FN:26,(anonymous_2)
FN:51,(anonymous_3)
FN:59,(anonymous_4)
FN:67,(anonymous_5)
FN:75,(anonymous_6)
FN:91,(anonymous_7)
FN:100,(anonymous_8)
FN:125,(anonymous_9)
FN:135,(anonymous_10)
FN:139,(anonymous_11)
FN:153,(anonymous_12)
FN:157,(anonymous_13)
FN:169,(anonymous_14)
FN:173,(anonymous_15)
FN:177,(anonymous_16)
FN:184,(anonymous_17)
FN:191,(anonymous_18)
FN:192,(anonymous_19)
FN:198,(anonymous_20)
FN:199,(anonymous_21)
FN:205,(anonymous_22)
FN:209,(anonymous_23)
FN:214,(anonymous_24)
FN:236,(anonymous_25)
FNF:26
FNH:6
FNDA:2,(anonymous_0)
FNDA:3,(anonymous_1)
FNDA:1,(anonymous_2)
FNDA:0,(anonymous_3)
FNDA:1,(anonymous_4)
FNDA:1,(anonymous_5)
FNDA:0,(anonymous_6)
FNDA:1,(anonymous_7)
FNDA:0,(anonymous_8)
FNDA:0,(anonymous_9)
FNDA:0,(anonymous_10)
FNDA:0,(anonymous_11)
FNDA:0,(anonymous_12)
FNDA:0,(anonymous_13)
FNDA:0,(anonymous_14)
FNDA:0,(anonymous_15)
FNDA:0,(anonymous_16)
FNDA:0,(anonymous_17)
FNDA:0,(anonymous_18)
FNDA:0,(anonymous_19)
FNDA:0,(anonymous_20)
FNDA:0,(anonymous_21)
FNDA:0,(anonymous_22)
FNDA:0,(anonymous_23)
FNDA:0,(anonymous_24)
FNDA:0,(anonymous_25)
DA:14,1
DA:16,1
DA:17,2
DA:19,2
DA:20,2
DA:22,2
DA:23,3
DA:26,2
DA:27,1
DA:28,1
DA:29,0
DA:30,0
DA:31,0
DA:34,1
DA:37,1
DA:40,1
DA:41,0
DA:43,1
DA:44,1
DA:47,0
DA:51,2
DA:52,0
DA:53,0
DA:55,0
DA:59,2
DA:60,1
DA:61,1
DA:63,0
DA:67,2
DA:68,1
DA:69,0
DA:70,0
DA:72,1
DA:73,1
DA:74,1
DA:75,1
DA:76,0
DA:77,0
DA:83,1
DA:84,1
DA:86,0
DA:91,2
DA:92,1
DA:93,1
DA:100,2
DA:101,0
DA:102,0
DA:103,0
DA:104,0
DA:118,0
DA:119,0
DA:121,0
DA:125,2
DA:126,0
DA:127,0
DA:128,0
DA:129,0
DA:131,0
DA:135,2
DA:136,0
DA:137,0
DA:138,0
DA:139,0
DA:140,0
DA:141,0
DA:145,0
DA:146,0
DA:150,0
DA:153,2
DA:154,0
DA:155,0
DA:156,0
DA:157,0
DA:158,0
DA:159,0
DA:160,0
DA:161,0
DA:162,0
DA:166,0
DA:169,2
DA:170,0
DA:173,2
DA:174,0
DA:175,0
DA:176,0
DA:177,0
DA:179,0
DA:181,0
DA:182,0
DA:183,0
DA:184,0
DA:186,0
DA:188,0
DA:191,2
DA:192,0
DA:198,2
DA:199,0
DA:205,2
DA:206,0
DA:209,2
DA:210,0
DA:214,2
DA:216,0
DA:219,2
DA:236,1
DA:237,0
DA:238,0
DA:239,0
DA:241,0
LF:109
LH:43
BRDA:23,0,0,3
BRDA:23,0,1,0
BRDA:28,1,0,0
BRDA:28,1,1,1
BRDA:34,2,0,1
BRDA:34,2,1,1
BRDA:37,3,0,1
BRDA:37,3,1,0
BRDA:40,4,0,0
BRDA:40,4,1,1
BRDA:43,5,0,1
BRDA:43,5,1,0
BRDA:68,6,0,0
BRDA:68,6,1,1
BRDA:76,7,0,0
BRDA:76,7,1,0
BRDA:78,8,0,0
BRDA:78,8,1,0
BRDA:79,9,0,0
BRDA:79,9,1,0
BRDA:80,10,0,0
BRDA:80,10,1,0
BRDA:101,11,0,0
BRDA:101,11,1,0
BRDA:103,12,0,0
BRDA:103,12,1,0
BRDA:107,13,0,0
BRDA:107,13,1,0
BRDA:107,13,2,0
BRDA:107,13,3,0
BRDA:112,14,0,0
BRDA:112,14,1,0
BRDA:112,14,2,0
BRDA:115,15,0,0
BRDA:115,15,1,0
BRDA:126,16,0,0
BRDA:126,16,1,0
BRDA:136,17,0,0
BRDA:136,17,1,0
BRDA:136,18,0,0
BRDA:136,18,1,0
BRDA:136,18,2,0
BRDA:138,19,0,0
BRDA:138,19,1,0
BRDA:140,20,0,0
BRDA:140,20,1,0
BRDA:154,21,0,0
BRDA:154,21,1,0
BRDA:154,22,0,0
BRDA:154,22,1,0
BRDA:156,23,0,0
BRDA:156,23,1,0
BRDA:158,24,0,0
BRDA:158,24,1,0
BRDA:174,25,0,0
BRDA:174,25,1,0
BRDA:175,26,0,0
BRDA:175,26,1,0
BRDA:177,27,0,0
BRDA:177,27,1,0
BRDA:179,28,0,0
BRDA:179,28,1,0
BRDA:181,29,0,0
BRDA:181,29,1,0
BRDA:184,30,0,0
BRDA:184,30,1,0
BRDA:186,31,0,0
BRDA:186,31,1,0
BRDA:238,32,0,0
BRDA:238,32,1,0
BRF:70
BRH:8
end_of_record
TN:
SF:context/ProfileContext.js
FN:8,(anonymous_0)
FN:20,(anonymous_1)
FN:27,(anonymous_2)
FN:43,(anonymous_3)
FN:125,(anonymous_4)
FN:126,(anonymous_5)
FN:136,(anonymous_6)
FNF:7
FNH:0
FNDA:0,(anonymous_0)
FNDA:0,(anonymous_1)
FNDA:0,(anonymous_2)
FNDA:0,(anonymous_3)
FNDA:0,(anonymous_4)
FNDA:0,(anonymous_5)
FNDA:0,(anonymous_6)
DA:6,0
DA:8,0
DA:9,0
DA:17,0
DA:20,0
DA:21,0
DA:22,0
DA:23,0
DA:27,0
DA:28,0
DA:29,0
DA:37,0
DA:40,0
DA:43,0
DA:44,0
DA:45,0
DA:46,0
DA:47,0
DA:49,0
DA:50,0
DA:51,0
DA:52,0
DA:63,0
DA:64,0
DA:74,0
DA:75,0
DA:79,0
DA:90,0
DA:119,0
DA:121,0
DA:125,0
DA:126,0
DA:129,0
DA:136,0
DA:137,0
DA:138,0
DA:139,0
DA:141,0
LF:38
LH:0
BRDA:28,0,0,0
BRDA:28,0,1,0
BRDA:47,1,0,0
BRDA:47,1,1,0
BRDA:49,2,0,0
BRDA:49,2,1,0
BRDA:50,3,0,0
BRDA:50,3,1,0
BRDA:51,4,0,0
BRDA:51,4,1,0
BRDA:51,4,2,0
BRDA:53,5,0,0
BRDA:53,5,1,0
BRDA:54,6,0,0
BRDA:54,6,1,0
BRDA:55,7,0,0
BRDA:55,7,1,0
BRDA:56,8,0,0
BRDA:56,8,1,0
BRDA:57,9,0,0
BRDA:57,9,1,0
BRDA:58,10,0,0
BRDA:58,10,1,0
BRDA:59,11,0,0
BRDA:59,11,1,0
BRDA:60,12,0,0
BRDA:60,12,1,0
BRDA:63,13,0,0
BRDA:63,13,1,0
BRDA:63,14,0,0
BRDA:63,14,1,0
BRDA:67,15,0,0
BRDA:67,15,1,0
BRDA:68,16,0,0
BRDA:68,16,1,0
BRDA:138,17,0,0
BRDA:138,17,1,0
BRF:37
BRH:0
end_of_record
TN:
SF:context/TacticLibraryContext.js
FN:7,(anonymous_0)
FN:17,(anonymous_1)
FN:21,(anonymous_2)
FN:25,(anonymous_3)
FN:38,(anonymous_4)
FN:46,(anonymous_5)
FN:48,(anonymous_6)
FN:49,(anonymous_7)
FN:51,(anonymous_8)
FN:58,(anonymous_9)
FN:59,(anonymous_10)
FN:60,(anonymous_11)
FN:66,(anonymous_12)
FN:66,(anonymous_13)
FN:68,(anonymous_14)
FN:93,(anonymous_15)
FNF:16
FNH:0
FNDA:0,(anonymous_0)
FNDA:0,(anonymous_1)
FNDA:0,(anonymous_2)
FNDA:0,(anonymous_3)
FNDA:0,(anonymous_4)
FNDA:0,(anonymous_5)
FNDA:0,(anonymous_6)
FNDA:0,(anonymous_7)
FNDA:0,(anonymous_8)
FNDA:0,(anonymous_9)
FNDA:0,(anonymous_10)
FNDA:0,(anonymous_11)
FNDA:0,(anonymous_12)
FNDA:0,(anonymous_13)
FNDA:0,(anonymous_14)
FNDA:0,(anonymous_15)
DA:4,0
DA:5,0
DA:7,0
DA:17,0
DA:18,0
DA:19,0
DA:21,0
DA:22,0
DA:25,0
DA:26,0
DA:27,0
DA:28,0
DA:29,0
DA:32,0
DA:34,0
DA:38,0
DA:39,0
DA:40,0
DA:42,0
DA:46,0
DA:47,0
DA:48,0
DA:49,0
DA:50,0
DA:51,0
DA:53,0
DA:54,0
DA:58,0
DA:59,0
DA:60,0
DA:61,0
DA:62,0
DA:66,0
DA:68,0
DA:69,0
DA:70,0
DA:72,0
DA:76,0
DA:93,0
DA:94,0
DA:95,0
DA:96,0
DA:98,0
LF:43
LH:0
BRDA:9,0,0,0
BRDA:9,0,1,0
BRDA:10,1,0,0
BRDA:10,1,1,0
BRDA:12,2,0,0
BRDA:12,2,1,0
BRDA:13,3,0,0
BRDA:13,3,1,0
BRDA:14,4,0,0
BRDA:14,4,1,0
BRDA:28,5,0,0
BRDA:28,5,1,0
BRDA:50,6,0,0
BRDA:50,6,1,0
BRDA:51,7,0,0
BRDA:51,7,1,0
BRDA:69,8,0,0
BRDA:69,8,1,0
BRDA:95,9,0,0
BRDA:95,9,1,0
BRF:20
BRH:0
end_of_record
TN:
SF:context/TacticsContext.js
FN:38,(anonymous_0)
FN:40,(anonymous_1)
FN:49,(anonymous_2)
FN:68,(anonymous_3)
FN:73,(anonymous_4)
FN:85,(anonymous_5)
FN:94,(anonymous_6)
FN:96,(anonymous_7)
FN:105,(anonymous_8)
FN:111,(anonymous_9)
FN:114,(anonymous_10)
FN:119,(anonymous_11)
FN:123,(anonymous_12)
FN:139,(anonymous_13)
FN:149,(anonymous_14)
FN:153,(anonymous_15)
FN:156,(anonymous_16)
FN:200,(anonymous_17)
FN:207,(anonymous_18)
FN:216,(anonymous_19)
FN:219,(anonymous_20)
FN:254,(anonymous_21)
FN:266,(anonymous_22)
FN:285,(anonymous_23)
FN:303,(anonymous_24)
FN:322,(anonymous_25)
FN:335,(anonymous_26)
FN:349,(anonymous_27)
FN:354,(anonymous_28)
FN:361,(anonymous_29)
FN:362,(anonymous_30)
FN:385,(anonymous_31)
FN:406,(anonymous_32)
FN:423,(anonymous_33)
FN:451,(anonymous_34)
FN:458,(anonymous_35)
FN:489,(anonymous_36)
FN:504,(anonymous_37)
FN:522,(anonymous_38)
FN:531,(anonymous_39)
FN:539,(anonymous_40)
FN:542,(anonymous_41)
FN:543,(anonymous_42)
FN:557,(anonymous_43)
FN:558,(anonymous_44)
FN:573,(anonymous_45)
FN:587,(anonymous_46)
FN:592,(anonymous_47)
FN:615,(anonymous_48)
FN:650,(anonymous_49)
FNF:50
FNH:31
FNDA:0,(anonymous_0)
FNDA:55,(anonymous_1)
FNDA:10,(anonymous_2)
FNDA:11,(anonymous_3)
FNDA:23,(anonymous_4)
FNDA:5,(anonymous_5)
FNDA:2,(anonymous_6)
FNDA:0,(anonymous_7)
FNDA:1,(anonymous_8)
FNDA:10,(anonymous_9)
FNDA:27,(anonymous_10)
FNDA:0,(anonymous_11)
FNDA:0,(anonymous_12)
FNDA:28,(anonymous_13)
FNDA:0,(anonymous_14)
FNDA:1,(anonymous_15)
FNDA:8,(anonymous_16)
FNDA:3,(anonymous_17)
FNDA:3,(anonymous_18)
FNDA:7,(anonymous_19)
FNDA:7,(anonymous_20)
FNDA:0,(anonymous_21)
FNDA:0,(anonymous_22)
FNDA:0,(anonymous_23)
FNDA:0,(anonymous_24)
FNDA:0,(anonymous_25)
FNDA:0,(anonymous_26)
FNDA:1,(anonymous_27)
FNDA:1,(anonymous_28)
FNDA:2,(anonymous_29)
FNDA:2,(anonymous_30)
FNDA:0,(anonymous_31)
FNDA:3,(anonymous_32)
FNDA:5,(anonymous_33)
FNDA:2,(anonymous_34)
FNDA:2,(anonymous_35)
FNDA:0,(anonymous_36)
FNDA:0,(anonymous_37)
FNDA:2,(anonymous_38)
FNDA:2,(anonymous_39)
FNDA:3,(anonymous_40)
FNDA:0,(anonymous_41)
FNDA:3,(anonymous_42)
FNDA:0,(anonymous_43)
FNDA:0,(anonymous_44)
FNDA:0,(anonymous_45)
FNDA:11,(anonymous_46)
FNDA:42,(anonymous_47)
FNDA:0,(anonymous_48)
FNDA:42,(anonymous_49)
DA:23,1
DA:25,1
DA:26,1
DA:27,1
DA:28,1
DA:35,1
DA:36,1
DA:38,1
DA:40,1
DA:41,55
DA:42,55
DA:43,55
DA:44,55
DA:45,55
DA:46,55
DA:47,55
DA:49,55
DA:50,10
DA:51,10
DA:53,10
DA:57,10
DA:59,10
DA:68,55
DA:69,11
DA:73,55
DA:74,23
DA:75,13
DA:76,13
DA:78,10
DA:79,0
DA:82,10
DA:83,10
DA:86,5
DA:87,0
DA:88,0
DA:89,0
DA:91,5
DA:92,5
DA:93,1
DA:94,2
DA:96,1
DA:97,0
DA:100,5
DA:106,1
DA:107,1
DA:111,10
DA:114,55
DA:115,27
DA:116,5
DA:119,55
DA:120,0
DA:123,55
DA:124,0
DA:126,0
DA:128,0
DA:129,0
DA:139,55
DA:140,28
DA:141,1
DA:142,1
DA:144,1
DA:145,0
DA:146,0
DA:149,1
DA:150,0
DA:153,1
DA:156,55
DA:157,8
DA:158,8
DA:159,8
DA:161,8
DA:162,8
DA:163,8
DA:165,8
DA:166,8
DA:167,8
DA:168,8
DA:169,8
DA:172,8
DA:189,8
DA:190,8
DA:192,0
DA:193,0
DA:195,8
DA:199,55
DA:201,3
DA:202,3
DA:203,3
DA:205,3
DA:206,3
DA:207,3
DA:208,3
DA:209,3
DA:210,0
DA:213,3
DA:214,3
DA:216,7
DA:219,7
DA:221,3
DA:222,0
DA:225,3
DA:226,1
DA:229,2
DA:233,2
DA:242,2
DA:244,1
DA:245,1
DA:247,3
DA:253,55
DA:255,0
DA:256,0
DA:257,0
DA:259,0
DA:260,0
DA:266,55
DA:267,0
DA:268,0
DA:269,0
DA:270,0
DA:272,0
DA:273,0
DA:280,0
DA:281,0
DA:285,55
DA:286,0
DA:287,0
DA:288,0
DA:298,0
DA:299,0
DA:303,55
DA:304,0
DA:305,0
DA:306,0
DA:316,0
DA:317,0
DA:321,55
DA:323,0
DA:324,0
DA:325,0
DA:327,0
DA:328,0
DA:334,55
DA:336,0
DA:337,0
DA:338,0
DA:339,0
DA:341,0
DA:342,0
DA:348,55
DA:350,1
DA:351,1
DA:353,1
DA:354,1
DA:355,1
DA:356,1
DA:358,1
DA:359,1
DA:361,1
DA:362,2
DA:363,2
DA:364,1
DA:366,2
DA:369,1
DA:370,1
DA:371,1
DA:374,1
DA:377,0
DA:378,0
DA:384,55
DA:386,0
DA:387,0
DA:388,0
DA:398,0
DA:399,0
DA:405,55
DA:407,3
DA:413,0
DA:415,3
DA:416,3
DA:418,3
DA:419,0
DA:422,3
DA:423,5
DA:426,3
DA:427,1
DA:428,1
DA:431,2
DA:432,2
DA:433,2
DA:434,2
DA:435,1
DA:439,1
DA:444,0
DA:445,0
DA:451,55
DA:452,2
DA:453,0
DA:456,2
DA:457,2
DA:458,2
DA:459,2
DA:460,2
DA:461,2
DA:463,2
DA:465,1
DA:468,1
DA:473,1
DA:474,1
DA:475,1
DA:476,1
DA:484,0
DA:485,0
DA:489,55
DA:490,0
DA:491,0
DA:492,0
DA:499,0
DA:500,0
DA:504,55
DA:505,0
DA:506,0
DA:507,0
DA:517,0
DA:518,0
DA:522,55
DA:523,2
DA:524,0
DA:525,0
DA:526,0
DA:529,2
DA:530,2
DA:531,2
DA:532,2
DA:533,2
DA:534,0
DA:537,2
DA:538,2
DA:539,3
DA:541,2
DA:542,0
DA:543,3
DA:545,2
DA:546,1
DA:547,1
DA:552,1
DA:556,1
DA:558,0
DA:559,0
DA:560,0
DA:562,0
DA:567,1
DA:573,0
DA:580,0
DA:582,2
DA:583,2
DA:587,55
DA:588,11
DA:591,55
DA:592,42
DA:615,0
DA:643,55
DA:650,1
DA:651,42
DA:652,42
DA:653,0
DA:655,42
LF:266
LH:178
BRDA:50,0,0,0
BRDA:50,0,1,10
BRDA:51,1,0,10
BRDA:51,1,1,0
BRDA:53,2,0,10
BRDA:53,2,1,0
BRDA:53,2,2,0
BRDA:57,3,0,10
BRDA:57,3,1,10
BRDA:57,3,2,10
BRDA:69,4,0,11
BRDA:69,4,1,0
BRDA:74,5,0,13
BRDA:74,5,1,10
BRDA:78,6,0,0
BRDA:78,6,1,10
BRDA:86,7,0,0
BRDA:86,7,1,5
BRDA:91,8,0,5
BRDA:91,8,1,0
BRDA:92,9,0,1
BRDA:92,9,1,4
BRDA:92,10,0,5
BRDA:92,10,1,1
BRDA:115,11,0,22
BRDA:115,11,1,5
BRDA:115,12,0,27
BRDA:115,12,1,5
BRDA:124,13,0,0
BRDA:124,13,1,0
BRDA:124,14,0,0
BRDA:124,14,1,0
BRDA:124,14,2,0
BRDA:128,15,0,0
BRDA:128,15,1,0
BRDA:128,16,0,0
BRDA:128,16,1,0
BRDA:140,17,0,27
BRDA:140,17,1,1
BRDA:140,18,0,28
BRDA:140,18,1,5
BRDA:140,18,2,4
BRDA:140,18,3,1
BRDA:141,19,0,1
BRDA:141,19,1,0
BRDA:144,20,0,0
BRDA:144,20,1,1
BRDA:157,21,0,0
BRDA:157,21,1,8
BRDA:201,22,0,0
BRDA:201,22,1,3
BRDA:201,23,0,3
BRDA:201,23,1,3
BRDA:209,24,0,0
BRDA:209,24,1,3
BRDA:214,25,0,3
BRDA:214,25,1,0
BRDA:216,26,0,3
BRDA:216,26,1,3
BRDA:219,27,0,3
BRDA:219,27,1,3
BRDA:221,28,0,0
BRDA:221,28,1,3
BRDA:225,29,0,1
BRDA:225,29,1,2
BRDA:245,30,0,1
BRDA:245,30,1,0
BRDA:255,31,0,0
BRDA:255,31,1,0
BRDA:255,32,0,0
BRDA:255,32,1,0
BRDA:267,33,0,0
BRDA:267,33,1,0
BRDA:267,34,0,0
BRDA:267,34,1,0
BRDA:268,35,0,0
BRDA:268,35,1,0
BRDA:286,36,0,0
BRDA:286,36,1,0
BRDA:286,37,0,0
BRDA:286,37,1,0
BRDA:304,38,0,0
BRDA:304,38,1,0
BRDA:304,39,0,0
BRDA:304,39,1,0
BRDA:304,39,2,0
BRDA:323,40,0,0
BRDA:323,40,1,0
BRDA:323,41,0,0
BRDA:323,41,1,0
BRDA:323,41,2,0
BRDA:336,42,0,0
BRDA:336,42,1,0
BRDA:336,43,0,0
BRDA:336,43,1,0
BRDA:337,44,0,0
BRDA:337,44,1,0
BRDA:350,45,0,0
BRDA:350,45,1,1
BRDA:350,46,0,1
BRDA:350,46,1,1
BRDA:350,46,2,1
BRDA:356,47,0,0
BRDA:356,47,1,1
BRDA:359,48,0,1
BRDA:359,48,1,0
BRDA:362,49,0,2
BRDA:362,49,1,0
BRDA:363,50,0,1
BRDA:363,50,1,1
BRDA:369,51,0,1
BRDA:369,51,1,0
BRDA:370,52,0,1
BRDA:370,52,1,0
BRDA:371,53,0,1
BRDA:371,53,1,0
BRDA:386,54,0,0
BRDA:386,54,1,0
BRDA:386,55,0,0
BRDA:386,55,1,0
BRDA:386,55,2,0
BRDA:386,55,3,0
BRDA:407,56,0,0
BRDA:407,56,1,3
BRDA:408,57,0,3
BRDA:408,57,1,3
BRDA:408,57,2,3
BRDA:408,57,3,3
BRDA:408,57,4,0
BRDA:415,58,0,3
BRDA:415,58,1,0
BRDA:418,59,0,0
BRDA:418,59,1,3
BRDA:418,60,0,3
BRDA:418,60,1,1
BRDA:426,61,0,1
BRDA:426,61,1,2
BRDA:426,62,0,3
BRDA:426,62,1,2
BRDA:434,63,0,1
BRDA:434,63,1,1
BRDA:452,64,0,0
BRDA:452,64,1,2
BRDA:452,65,0,2
BRDA:452,65,1,2
BRDA:452,65,2,2
BRDA:452,65,3,2
BRDA:460,66,0,0
BRDA:460,66,1,2
BRDA:463,67,0,1
BRDA:463,67,1,1
BRDA:465,68,0,1
BRDA:465,68,1,0
BRDA:465,69,0,1
BRDA:465,69,1,1
BRDA:473,70,0,1
BRDA:473,70,1,0
BRDA:474,71,0,1
BRDA:474,71,1,0
BRDA:490,72,0,0
BRDA:490,72,1,0
BRDA:490,73,0,0
BRDA:490,73,1,0
BRDA:505,74,0,0
BRDA:505,74,1,0
BRDA:505,75,0,0
BRDA:505,75,1,0
BRDA:523,76,0,0
BRDA:523,76,1,2
BRDA:523,77,0,2
BRDA:523,77,1,2
BRDA:533,78,0,0
BRDA:533,78,1,2
BRDA:538,79,0,2
BRDA:538,79,1,0
BRDA:542,80,0,2
BRDA:542,80,1,0
BRDA:542,81,0,0
BRDA:542,81,1,0
BRDA:545,82,0,1
BRDA:545,82,1,1
BRDA:552,83,0,1
BRDA:552,83,1,0
BRDA:553,84,0,1
BRDA:553,84,1,0
BRDA:556,85,0,1
BRDA:556,85,1,0
BRDA:558,86,0,0
BRDA:558,86,1,0
BRDA:559,87,0,0
BRDA:559,87,1,0
BRDA:572,88,0,1
BRDA:572,88,1,0
BRDA:652,89,0,0
BRDA:652,89,1,42
BRF:195
BRH:95
end_of_record
TN:
SF:context/UpvoteContext.js
FN:6,(anonymous_0)
FN:10,(anonymous_1)
FN:14,(anonymous_2)
FN:25,(anonymous_3)
FN:33,(anonymous_4)
FN:34,(anonymous_5)
FN:46,(anonymous_6)
FN:50,(anonymous_7)
FN:61,(anonymous_8)
FNF:9
FNH:0
FNDA:0,(anonymous_0)
FNDA:0,(anonymous_1)
FNDA:0,(anonymous_2)
FNDA:0,(anonymous_3)
FNDA:0,(anonymous_4)
FNDA:0,(anonymous_5)
FNDA:0,(anonymous_6)
FNDA:0,(anonymous_7)
FNDA:0,(anonymous_8)
DA:4,0
DA:6,0
DA:7,0
DA:10,0
DA:11,0
DA:14,0
DA:15,0
DA:16,0
DA:17,0
DA:18,0
DA:21,0
DA:25,0
DA:26,0
DA:27,0
DA:29,0
DA:33,0
DA:34,0
DA:35,0
DA:36,0
DA:37,0
DA:39,0
DA:41,0
DA:42,0
DA:46,0
DA:47,0
DA:50,0
DA:51,0
DA:54,0
DA:61,0
DA:62,0
DA:63,0
DA:64,0
DA:66,0
LF:33
LH:0
BRDA:17,0,0,0
BRDA:17,0,1,0
BRDA:36,1,0,0
BRDA:36,1,1,0
BRDA:51,2,0,0
BRDA:51,2,1,0
BRDA:63,3,0,0
BRDA:63,3,1,0
BRF:8
BRH:0
end_of_record
TN:
SF:data/maps.js
FNF:0
FNH:0
DA:1,5
LF:1
LH:1
BRF:0
BRH:0
end_of_record
TN:
SF:data/tactics.js
FNF:0
FNH:0
DA:1,0
LF:1
LH:0
BRF:0
BRH:0
end_of_record
TN:
SF:data/users.js
FN:114,(anonymous_0)
FN:115,(anonymous_1)
FN:119,(anonymous_2)
FN:120,(anonymous_3)
FNF:4
FNH:2
FNDA:11,(anonymous_0)
FNDA:99,(anonymous_1)
FNDA:0,(anonymous_2)
FNDA:0,(anonymous_3)
DA:2,3
DA:114,3
DA:115,99
DA:119,3
DA:120,0
LF:5
LH:4
BRF:0
BRH:0
end_of_record
TN:
SF:hooks/useAutoSave.js
FN:13,(anonymous_0)
FN:23,(anonymous_1)
FN:53,(anonymous_2)
FN:75,(anonymous_3)
FN:76,(anonymous_4)
FN:87,(anonymous_5)
FN:101,(anonymous_6)
FN:102,(anonymous_7)
FN:125,(anonymous_8)
FN:139,(anonymous_9)
FN:151,(anonymous_10)
FN:159,(anonymous_11)
FN:180,(anonymous_12)
FN:195,(anonymous_13)
FNF:14
FNH:11
FNDA:7,(anonymous_0)
FNDA:5,(anonymous_1)
FNDA:1,(anonymous_2)
FNDA:3,(anonymous_3)
FNDA:3,(anonymous_4)
FNDA:4,(anonymous_5)
FNDA:1,(anonymous_6)
FNDA:1,(anonymous_7)
FNDA:1,(anonymous_8)
FNDA:0,(anonymous_9)
FNDA:1,(anonymous_10)
FNDA:1,(anonymous_11)
FNDA:0,(anonymous_12)
FNDA:0,(anonymous_13)
DA:13,1
DA:14,7
DA:15,7
DA:16,7
DA:17,7
DA:18,7
DA:19,7
DA:20,7
DA:23,7
DA:36,5
DA:39,5
DA:47,5
DA:49,5
DA:53,7
DA:54,1
DA:56,0
DA:57,0
DA:59,0
DA:75,7
DA:76,3
DA:77,3
DA:78,3
DA:79,1
DA:81,3
DA:82,1
DA:87,7
DA:88,4
DA:89,4
DA:90,1
DA:93,1
DA:94,0
DA:98,1
DA:101,1
DA:102,1
DA:103,1
DA:105,1
DA:112,1
DA:114,1
DA:117,1
DA:118,1
DA:119,1
DA:122,1
DA:123,0
DA:125,1
DA:126,1
DA:127,1
DA:131,0
DA:132,0
DA:133,0
DA:136,0
DA:137,0
DA:139,0
DA:140,0
DA:141,0
DA:147,1
DA:151,1
DA:152,1
DA:153,1
DA:159,7
DA:160,1
DA:161,1
DA:164,0
DA:165,0
DA:171,0
DA:172,0
DA:173,0
DA:174,0
DA:175,0
DA:177,0
DA:178,0
DA:180,0
DA:181,0
DA:182,0
DA:186,0
DA:188,0
DA:189,0
DA:190,0
DA:192,0
DA:193,0
DA:195,0
DA:196,0
DA:197,0
DA:201,0
DA:205,7
LF:84
LH:49
BRDA:13,0,0,0
BRDA:39,1,0,5
BRDA:39,1,1,4
BRDA:39,1,2,4
BRDA:39,1,3,4
BRDA:39,1,4,4
BRDA:39,1,5,4
BRDA:47,2,0,5
BRDA:47,2,1,5
BRDA:47,2,2,5
BRDA:47,2,3,5
BRDA:47,2,4,5
BRDA:49,3,0,5
BRDA:49,3,1,4
BRDA:54,4,0,1
BRDA:54,4,1,0
BRDA:60,5,0,0
BRDA:60,5,1,0
BRDA:60,5,2,0
BRDA:60,5,3,0
BRDA:60,5,4,0
BRDA:60,5,5,0
BRDA:60,5,6,0
BRDA:60,5,7,0
BRDA:60,5,8,0
BRDA:60,5,9,0
BRDA:60,5,10,0
BRDA:78,6,0,1
BRDA:78,6,1,2
BRDA:81,7,0,1
BRDA:81,7,1,2
BRDA:88,8,0,0
BRDA:88,8,1,4
BRDA:89,9,0,3
BRDA:89,9,1,1
BRDA:90,10,0,0
BRDA:90,10,1,1
BRDA:93,11,0,0
BRDA:93,11,1,1
BRDA:114,12,0,0
BRDA:114,12,1,1
BRDA:122,13,0,0
BRDA:122,13,1,1
BRDA:126,14,0,1
BRDA:126,14,1,0
BRDA:132,15,0,0
BRDA:132,15,1,0
BRDA:136,16,0,0
BRDA:136,16,1,0
BRDA:140,17,0,0
BRDA:140,17,1,0
BRDA:152,18,0,1
BRDA:152,18,1,0
BRDA:160,19,0,1
BRDA:160,19,1,0
BRDA:167,20,0,0
BRDA:167,20,1,0
BRDA:172,21,0,0
BRDA:172,21,1,0
BRDA:177,22,0,0
BRDA:177,22,1,0
BRDA:181,23,0,0
BRDA:181,23,1,0
BRDA:189,24,0,0
BRDA:189,24,1,0
BRDA:192,25,0,0
BRDA:192,25,1,0
BRDA:196,26,0,0
BRDA:196,26,1,0
BRF:69
BRH:28
end_of_record
TN:
SF:hooks/useRenderCount.js
FN:4,(anonymous_0)
FNF:1
FNH:1
FNDA:50,(anonymous_0)
DA:4,5
DA:5,50
DA:6,50
DA:7,50
DA:8,50
LF:5
LH:5
BRF:0
BRH:0
end_of_record
TN:
SF:hooks/useScreenPerf.js
FN:9,(anonymous_0)
FN:19,(anonymous_1)
FN:25,(anonymous_2)
FN:35,(anonymous_3)
FN:41,(anonymous_4)
FNF:5
FNH:5
FNDA:38,(anonymous_0)
FNDA:16,(anonymous_1)
FNDA:16,(anonymous_2)
FNDA:16,(anonymous_3)
FNDA:30,(anonymous_4)
DA:9,5
DA:15,38
DA:16,38
DA:17,38
DA:19,38
DA:20,16
DA:25,16
DA:26,16
DA:27,16
DA:29,16
DA:30,16
DA:31,16
DA:35,38
DA:36,16
DA:37,16
DA:38,16
DA:41,38
DA:42,30
DA:43,16
DA:44,16
LF:20
LH:20
BRDA:11,0,0,0
BRDA:12,1,0,0
BRDA:13,2,0,0
BRDA:26,3,0,16
BRDA:26,3,1,0
BRDA:36,4,0,0
BRDA:36,4,1,16
BRDA:36,5,0,16
BRDA:36,5,1,16
BRDA:36,5,2,16
BRDA:42,6,0,14
BRDA:42,6,1,16
BRDA:42,7,0,30
BRDA:42,7,1,26
BRDA:42,7,2,16
BRF:15
BRH:10
end_of_record
TN:
SF:hooks/useUndoRedo.js
FN:12,(anonymous_0)
FN:19,(anonymous_1)
FN:28,(anonymous_2)
FN:48,(anonymous_3)
FN:56,(anonymous_4)
FN:63,(anonymous_5)
FN:71,(anonymous_6)
FN:84,(anonymous_7)
FNF:8
FNH:8
FNDA:19,(anonymous_0)
FNDA:6,(anonymous_1)
FNDA:6,(anonymous_2)
FNDA:2,(anonymous_3)
FNDA:2,(anonymous_4)
FNDA:1,(anonymous_5)
FNDA:1,(anonymous_6)
FNDA:1,(anonymous_7)
DA:12,1
DA:13,19
DA:14,19
DA:15,19
DA:16,19
DA:19,19
DA:21,6
DA:22,0
DA:23,0
DA:26,6
DA:28,6
DA:30,6
DA:33,6
DA:36,6
DA:37,2
DA:38,2
DA:40,4
DA:43,6
DA:48,19
DA:49,2
DA:50,2
DA:51,2
DA:52,2
DA:53,2
DA:56,2
DA:57,2
DA:63,19
DA:64,1
DA:65,1
DA:66,1
DA:67,1
DA:68,1
DA:71,1
DA:72,1
DA:78,19
DA:81,19
DA:84,19
DA:85,1
DA:86,1
DA:89,19
LF:40
LH:38
BRDA:12,0,0,0
BRDA:21,1,0,0
BRDA:21,1,1,6
BRDA:36,2,0,2
BRDA:36,2,1,4
BRDA:49,3,0,2
BRDA:49,3,1,0
BRDA:64,4,0,1
BRDA:64,4,1,0
BRF:9
BRH:5
end_of_record
TN:
SF:navigation/AppNavigator.js
FN:28,(anonymous_0)
FN:31,(anonymous_1)
FN:41,(anonymous_2)
FN:50,(anonymous_3)
FN:54,HomeStack
FN:58,(anonymous_5)
FN:60,(anonymous_6)
FN:67,TacticsStack
FN:78,(anonymous_8)
FN:90,(anonymous_9)
FN:102,(anonymous_10)
FN:109,(anonymous_11)
FN:118,RoomStack
FN:131,PostStack
FN:148,ProfileStack
FN:155,(anonymous_15)
FN:160,AppNavigator
FN:163,(anonymous_17)
FN:164,(anonymous_18)
FNF:19
FNH:0
FNDA:0,(anonymous_0)
FNDA:0,(anonymous_1)
FNDA:0,(anonymous_2)
FNDA:0,(anonymous_3)
FNDA:0,HomeStack
FNDA:0,(anonymous_5)
FNDA:0,(anonymous_6)
FNDA:0,TacticsStack
FNDA:0,(anonymous_8)
FNDA:0,(anonymous_9)
FNDA:0,(anonymous_10)
FNDA:0,(anonymous_11)
FNDA:0,RoomStack
FNDA:0,PostStack
FNDA:0,ProfileStack
FNDA:0,(anonymous_15)
FNDA:0,AppNavigator
FNDA:0,(anonymous_17)
FNDA:0,(anonymous_18)
DA:25,0
DA:26,0
DA:28,0
DA:29,0
DA:30,0
DA:31,0
DA:41,0
DA:50,0
DA:55,0
DA:58,0
DA:60,0
DA:68,0
DA:78,0
DA:90,0
DA:102,0
DA:109,0
DA:119,0
DA:132,0
DA:149,0
DA:155,0
DA:161,0
DA:163,0
DA:167,0
DA:168,0
DA:169,0
DA:170,0
DA:171,0
DA:172,0
DA:177,0
DA:178,0
DA:179,0
DA:180,0
DA:183,0
DA:232,0
LF:34
LH:0
BRDA:29,0,0,0
BRDA:29,0,1,0
BRDA:58,1,0,0
BRDA:58,1,1,0
BRDA:60,2,0,0
BRDA:60,2,1,0
BRDA:79,3,0,0
BRDA:79,3,1,0
BRDA:91,4,0,0
BRDA:91,4,1,0
BRDA:103,5,0,0
BRDA:103,5,1,0
BRDA:110,6,0,0
BRDA:110,6,1,0
BRDA:155,7,0,0
BRDA:155,7,1,0
BRDA:167,8,0,0
BRDA:167,8,1,0
BRDA:168,9,0,0
BRDA:168,9,1,0
BRDA:169,10,0,0
BRDA:169,10,1,0
BRDA:170,11,0,0
BRDA:170,11,1,0
BRDA:171,12,0,0
BRDA:171,12,1,0
BRDA:177,13,0,0
BRDA:177,13,1,0
BRDA:178,14,0,0
BRDA:178,14,1,0
BRDA:179,15,0,0
BRDA:179,15,1,0
BRDA:180,16,0,0
BRDA:180,16,1,0
BRF:34
BRH:0
end_of_record
TN:
SF:navigation/AuthNavigator.js
FN:8,AuthNavigator
FNF:1
FNH:0
FNDA:0,AuthNavigator
DA:6,0
DA:9,0
LF:2
LH:0
BRF:0
BRH:0
end_of_record
TN:
SF:screens/CreateTacticFromFavoritesScreen.js
FN:20,CreateTacticFromFavoritesScreen
FN:23,(anonymous_1)
FN:40,(anonymous_2)
FN:48,(anonymous_3)
FN:51,(anonymous_4)
FN:56,(anonymous_5)
FN:63,(anonymous_6)
FN:70,(anonymous_7)
FN:79,(anonymous_8)
FN:83,(anonymous_9)
FN:84,(anonymous_10)
FN:95,(anonymous_11)
FN:109,(anonymous_12)
FN:152,(anonymous_13)
FN:157,(anonymous_14)
FN:191,(anonymous_15)
FN:240,(anonymous_16)
FN:240,(anonymous_17)
FN:261,(anonymous_18)
FNF:19
FNH:0
FNDA:0,CreateTacticFromFavoritesScreen
FNDA:0,(anonymous_1)
FNDA:0,(anonymous_2)
FNDA:0,(anonymous_3)
FNDA:0,(anonymous_4)
FNDA:0,(anonymous_5)
FNDA:0,(anonymous_6)
FNDA:0,(anonymous_7)
FNDA:0,(anonymous_8)
FNDA:0,(anonymous_9)
FNDA:0,(anonymous_10)
FNDA:0,(anonymous_11)
FNDA:0,(anonymous_12)
FNDA:0,(anonymous_13)
FNDA:0,(anonymous_14)
FNDA:0,(anonymous_15)
FNDA:0,(anonymous_16)
FNDA:0,(anonymous_17)
FNDA:0,(anonymous_18)
DA:21,0
DA:22,0
DA:23,0
DA:25,0
DA:26,0
DA:27,0
DA:29,0
DA:30,0
DA:31,0
DA:32,0
DA:33,0
DA:34,0
DA:35,0
DA:36,0
DA:38,0
DA:40,0
DA:41,0
DA:42,0
DA:43,0
DA:44,0
DA:45,0
DA:47,0
DA:48,0
DA:49,0
DA:52,0
DA:57,0
DA:61,0
DA:62,0
DA:63,0
DA:64,0
DA:68,0
DA:69,0
DA:70,0
DA:72,0
DA:73,0
DA:75,0
DA:79,0
DA:80,0
DA:83,0
DA:84,0
DA:85,0
DA:86,0
DA:87,0
DA:89,0
DA:91,0
DA:95,0
DA:96,0
DA:97,0
DA:98,0
DA:100,0
DA:101,0
DA:102,0
DA:105,0
DA:106,0
DA:107,0
DA:109,0
DA:112,0
DA:130,0
DA:131,0
DA:132,0
DA:139,0
DA:145,0
DA:146,0
DA:148,0
DA:152,0
DA:153,0
DA:154,0
DA:157,0
DA:191,0
DA:192,0
DA:240,0
DA:250,0
DA:261,0
DA:298,0
LF:74
LH:0
BRDA:21,0,0,0
BRDA:21,0,1,0
BRDA:22,1,0,0
BRDA:22,1,1,0
BRDA:23,2,0,0
BRDA:23,2,1,0
BRDA:47,3,0,0
BRDA:47,3,1,0
BRDA:52,4,0,0
BRDA:52,4,1,0
BRDA:52,4,2,0
BRDA:54,5,0,0
BRDA:54,5,1,0
BRDA:61,6,0,0
BRDA:61,6,1,0
BRDA:86,7,0,0
BRDA:86,7,1,0
BRDA:96,8,0,0
BRDA:96,8,1,0
BRDA:100,9,0,0
BRDA:100,9,1,0
BRDA:113,10,0,0
BRDA:113,10,1,0
BRDA:114,11,0,0
BRDA:114,11,1,0
BRDA:121,12,0,0
BRDA:121,12,1,0
BRDA:123,13,0,0
BRDA:123,13,1,0
BRDA:123,13,2,0
BRDA:123,13,3,0
BRDA:127,14,0,0
BRDA:127,14,1,0
BRDA:156,15,0,0
BRDA:156,15,1,0
BRDA:162,16,0,0
BRDA:162,16,1,0
BRDA:170,17,0,0
BRDA:170,17,1,0
BRDA:172,18,0,0
BRDA:172,18,1,0
BRDA:181,19,0,0
BRDA:181,19,1,0
BRDA:196,20,0,0
BRDA:196,20,1,0
BRDA:196,20,2,0
BRDA:239,21,0,0
BRDA:239,21,1,0
BRDA:245,22,0,0
BRDA:245,22,1,0
BRDA:252,23,0,0
BRDA:252,23,1,0
BRDA:279,24,0,0
BRDA:279,24,1,0
BRDA:279,24,2,0
BRDA:282,25,0,0
BRDA:282,25,1,0
BRDA:285,26,0,0
BRDA:285,26,1,0
BRDA:291,27,0,0
BRDA:291,27,1,0
BRF:61
BRH:0
end_of_record
TN:
SF:screens/EditProfileScreen.js
FN:21,EditProfileScreen
FN:33,(anonymous_1)
FN:37,(anonymous_2)
FN:41,(anonymous_3)
FN:89,(anonymous_4)
FN:97,(anonymous_5)
FN:122,(anonymous_6)
FN:142,(anonymous_7)
FN:161,(anonymous_8)
FN:165,(anonymous_9)
FN:174,(anonymous_10)
FNF:11
FNH:0
FNDA:0,EditProfileScreen
FNDA:0,(anonymous_1)
FNDA:0,(anonymous_2)
FNDA:0,(anonymous_3)
FNDA:0,(anonymous_4)
FNDA:0,(anonymous_5)
FNDA:0,(anonymous_6)
FNDA:0,(anonymous_7)
FNDA:0,(anonymous_8)
FNDA:0,(anonymous_9)
FNDA:0,(anonymous_10)
DA:22,0
DA:23,0
DA:26,0
DA:27,0
DA:28,0
DA:29,0
DA:30,0
DA:31,0
DA:33,0
DA:34,0
DA:37,0
DA:38,0
DA:39,0
DA:41,0
DA:42,0
DA:43,0
DA:45,0
DA:47,0
DA:48,0
DA:49,0
DA:50,0
DA:51,0
DA:52,0
DA:53,0
DA:55,0
DA:56,0
DA:60,0
DA:61,0
DA:63,0
DA:74,0
DA:75,0
DA:76,0
DA:81,0
DA:83,0
DA:85,0
DA:89,0
DA:90,0
DA:91,0
DA:98,0
DA:99,0
DA:100,0
DA:101,0
DA:102,0
DA:103,0
DA:109,0
DA:122,0
DA:123,0
DA:125,0
DA:126,0
DA:127,0
DA:130,0
DA:137,0
DA:138,0
DA:142,0
DA:143,0
DA:145,0
DA:146,0
DA:147,0
DA:150,0
DA:156,0
DA:157,0
DA:161,0
DA:162,0
DA:165,0
DA:166,0
DA:175,0
DA:176,0
DA:178,0
DA:186,0
DA:286,0
LF:70
LH:0
BRDA:38,0,0,0
BRDA:38,0,1,0
BRDA:42,1,0,0
BRDA:42,1,1,0
BRDA:42,2,0,0
BRDA:42,2,1,0
BRDA:43,3,0,0
BRDA:43,3,1,0
BRDA:45,4,0,0
BRDA:45,4,1,0
BRDA:69,5,0,0
BRDA:69,5,1,0
BRDA:71,6,0,0
BRDA:71,6,1,0
BRDA:71,6,2,0
BRDA:90,7,0,0
BRDA:90,7,1,0
BRDA:98,8,0,0
BRDA:98,8,1,0
BRDA:100,9,0,0
BRDA:100,9,1,0
BRDA:102,10,0,0
BRDA:102,10,1,0
BRDA:125,11,0,0
BRDA:125,11,1,0
BRDA:137,12,0,0
BRDA:137,12,1,0
BRDA:145,13,0,0
BRDA:145,13,1,0
BRDA:156,14,0,0
BRDA:156,14,1,0
BRDA:197,15,0,0
BRDA:197,15,1,0
BRDA:204,16,0,0
BRDA:204,16,1,0
BRF:35
BRH:0
end_of_record
TN:
SF:screens/HomeScreen.js
FN:19,HomeScreen
FN:39,(anonymous_1)
FN:40,(anonymous_2)
FN:54,(anonymous_3)
FN:63,(anonymous_4)
FN:64,(anonymous_5)
FN:77,(anonymous_6)
FN:87,(anonymous_7)
FN:88,(anonymous_8)
FN:115,(anonymous_9)
FN:118,(anonymous_10)
FN:129,(anonymous_11)
FN:130,(anonymous_12)
FN:134,(anonymous_13)
FN:144,(anonymous_14)
FN:159,(anonymous_15)
FN:160,(anonymous_16)
FN:164,(anonymous_17)
FN:169,(anonymous_18)
FN:192,(anonymous_19)
FN:192,(anonymous_20)
FN:195,(anonymous_21)
FN:196,(anonymous_22)
FN:198,(anonymous_23)
FN:208,(anonymous_24)
FN:209,(anonymous_25)
FN:223,(anonymous_26)
FN:232,(anonymous_27)
FN:259,(anonymous_28)
FN:261,(anonymous_29)
FN:263,(anonymous_30)
FN:270,(anonymous_31)
FN:274,(anonymous_32)
FN:312,(anonymous_33)
FN:319,(anonymous_34)
FN:322,(anonymous_35)
FN:357,(anonymous_36)
FN:363,(anonymous_37)
FN:369,(anonymous_38)
FN:377,(anonymous_39)
FN:396,(anonymous_40)
FN:401,(anonymous_41)
FN:413,(anonymous_42)
FN:418,(anonymous_43)
FN:428,(anonymous_44)
FN:435,(anonymous_45)
FN:436,(anonymous_46)
FN:447,(anonymous_47)
FN:457,(anonymous_48)
FN:464,(anonymous_49)
FN:465,(anonymous_50)
FN:484,(anonymous_51)
FN:491,(anonymous_52)
FN:492,(anonymous_53)
FN:511,(anonymous_54)
FN:517,(anonymous_55)
FN:523,(anonymous_56)
FN:536,(anonymous_57)
FN:539,(anonymous_58)
FN:558,(anonymous_59)
FN:563,(anonymous_60)
FN:575,(anonymous_61)
FN:580,(anonymous_62)
FN:590,(anonymous_63)
FN:597,(anonymous_64)
FN:598,(anonymous_65)
FN:609,(anonymous_66)
FN:619,(anonymous_67)
FN:626,(anonymous_68)
FN:627,(anonymous_69)
FN:646,(anonymous_70)
FN:653,(anonymous_71)
FN:654,(anonymous_72)
FN:673,(anonymous_73)
FN:679,(anonymous_74)
FN:685,(anonymous_75)
FN:705,(anonymous_76)
FN:713,(anonymous_77)
FN:722,(anonymous_78)
FN:731,(anonymous_79)
FN:739,(anonymous_80)
FN:755,(anonymous_81)
FN:764,(anonymous_82)
FN:773,(anonymous_83)
FN:785,(anonymous_84)
FNF:85
FNH:14
FNDA:1,HomeScreen
FNDA:0,(anonymous_1)
FNDA:0,(anonymous_2)
FNDA:1,(anonymous_3)
FNDA:1,(anonymous_4)
FNDA:1,(anonymous_5)
FNDA:0,(anonymous_6)
FNDA:1,(anonymous_7)
FNDA:0,(anonymous_8)
FNDA:0,(anonymous_9)
FNDA:0,(anonymous_10)
FNDA:0,(anonymous_11)
FNDA:0,(anonymous_12)
FNDA:0,(anonymous_13)
FNDA:0,(anonymous_14)
FNDA:0,(anonymous_15)
FNDA:0,(anonymous_16)
FNDA:0,(anonymous_17)
FNDA:0,(anonymous_18)
FNDA:1,(anonymous_19)
FNDA:9,(anonymous_20)
FNDA:1,(anonymous_21)
FNDA:1,(anonymous_22)
FNDA:0,(anonymous_23)
FNDA:1,(anonymous_24)
FNDA:0,(anonymous_25)
FNDA:1,(anonymous_26)
FNDA:0,(anonymous_27)
FNDA:1,(anonymous_28)
FNDA:0,(anonymous_29)
FNDA:0,(anonymous_30)
FNDA:9,(anonymous_31)
FNDA:0,(anonymous_32)
FNDA:0,(anonymous_33)
FNDA:0,(anonymous_34)
FNDA:0,(anonymous_35)
FNDA:0,(anonymous_36)
FNDA:0,(anonymous_37)
FNDA:0,(anonymous_38)
FNDA:0,(anonymous_39)
FNDA:0,(anonymous_40)
FNDA:0,(anonymous_41)
FNDA:0,(anonymous_42)
FNDA:0,(anonymous_43)
FNDA:0,(anonymous_44)
FNDA:0,(anonymous_45)
FNDA:0,(anonymous_46)
FNDA:0,(anonymous_47)
FNDA:0,(anonymous_48)
FNDA:0,(anonymous_49)
FNDA:0,(anonymous_50)
FNDA:0,(anonymous_51)
FNDA:0,(anonymous_52)
FNDA:0,(anonymous_53)
FNDA:0,(anonymous_54)
FNDA:0,(anonymous_55)
FNDA:0,(anonymous_56)
FNDA:0,(anonymous_57)
FNDA:0,(anonymous_58)
FNDA:0,(anonymous_59)
FNDA:0,(anonymous_60)
FNDA:0,(anonymous_61)
FNDA:0,(anonymous_62)
FNDA:0,(anonymous_63)
FNDA:0,(anonymous_64)
FNDA:0,(anonymous_65)
FNDA:0,(anonymous_66)
FNDA:0,(anonymous_67)
FNDA:0,(anonymous_68)
FNDA:0,(anonymous_69)
FNDA:0,(anonymous_70)
FNDA:0,(anonymous_71)
FNDA:0,(anonymous_72)
FNDA:0,(anonymous_73)
FNDA:0,(anonymous_74)
FNDA:0,(anonymous_75)
FNDA:0,(anonymous_76)
FNDA:0,(anonymous_77)
FNDA:0,(anonymous_78)
FNDA:0,(anonymous_79)
FNDA:0,(anonymous_80)
FNDA:0,(anonymous_81)
FNDA:0,(anonymous_82)
FNDA:0,(anonymous_83)
FNDA:11,(anonymous_84)
DA:20,1
DA:21,1
DA:22,1
DA:27,1
DA:28,1
DA:29,1
DA:30,1
DA:31,1
DA:32,1
DA:33,1
DA:34,1
DA:35,1
DA:36,1
DA:38,1
DA:39,1
DA:40,1
DA:41,1
DA:42,1
DA:43,1
DA:44,1
DA:45,1
DA:47,1
DA:54,1
DA:55,1
DA:56,1
DA:57,0
DA:58,0
DA:63,1
DA:64,1
DA:65,1
DA:66,1
DA:67,1
DA:68,0
DA:71,0
DA:74,1
DA:77,1
DA:78,0
DA:79,0
DA:80,0
DA:82,0
DA:87,1
DA:88,1
DA:89,0
DA:90,0
DA:91,0
DA:92,0
DA:95,0
DA:96,0
DA:97,0
DA:98,0
DA:99,0
DA:100,0
DA:101,0
DA:105,0
DA:106,0
DA:109,0
DA:110,0
DA:111,0
DA:112,0
DA:115,0
DA:116,0
DA:117,0
DA:119,0
DA:125,0
DA:129,0
DA:130,0
DA:134,0
DA:137,0
DA:138,0
DA:139,0
DA:140,0
DA:143,0
DA:145,0
DA:146,0
DA:151,0
DA:153,0
DA:154,0
DA:159,0
DA:160,0
DA:164,0
DA:168,0
DA:169,0
DA:170,0
DA:173,0
DA:174,0
DA:176,0
DA:177,0
DA:178,0
DA:181,0
DA:185,1
DA:186,0
DA:191,1
DA:192,9
DA:195,1
DA:196,1
DA:197,1
DA:198,1
DA:199,0
DA:200,0
DA:204,1
DA:205,1
DA:208,1
DA:209,1
DA:211,0
DA:214,0
DA:217,0
DA:219,0
DA:223,1
DA:224,1
DA:225,1
DA:228,1
DA:229,1
DA:230,1
DA:232,1
DA:233,0
DA:234,0
DA:235,0
DA:236,0
DA:238,0
DA:239,0
DA:240,0
DA:243,0
DA:244,0
DA:248,0
DA:249,0
DA:250,0
DA:251,0
DA:252,0
DA:255,1
DA:259,1
DA:260,1
DA:261,0
DA:262,1
DA:263,0
DA:265,1
DA:268,1
DA:270,1
DA:271,9
DA:275,0
DA:276,0
DA:312,1
DA:313,0
DA:319,1
DA:320,0
DA:322,0
DA:325,0
DA:326,0
DA:335,0
DA:357,0
DA:363,0
DA:369,0
DA:378,0
DA:379,0
DA:380,0
DA:397,0
DA:401,0
DA:414,0
DA:418,0
DA:429,0
DA:436,0
DA:447,0
DA:458,0
DA:465,0
DA:485,0
DA:492,0
DA:511,0
DA:518,0
DA:519,0
DA:523,0
DA:537,0
DA:539,0
DA:559,0
DA:563,0
DA:576,0
DA:580,0
DA:591,0
DA:598,0
DA:609,0
DA:620,0
DA:627,0
DA:647,0
DA:654,0
DA:673,0
DA:680,0
DA:681,0
DA:685,0
DA:699,1
DA:705,0
DA:713,0
DA:722,0
DA:731,0
DA:755,0
DA:764,0
DA:773,0
DA:785,11
DA:795,1
LF:196
LH:65
BRDA:45,0,0,1
BRDA:45,0,1,0
BRDA:56,1,0,0
BRDA:56,1,1,1
BRDA:67,2,0,0
BRDA:67,2,1,1
BRDA:89,3,0,0
BRDA:89,3,1,0
BRDA:97,4,0,0
BRDA:97,4,1,0
BRDA:100,5,0,0
BRDA:100,5,1,0
BRDA:137,6,0,0
BRDA:137,6,1,0
BRDA:177,7,0,0
BRDA:177,7,1,0
BRDA:185,8,0,0
BRDA:185,8,1,1
BRDA:199,9,0,0
BRDA:199,9,1,0
BRDA:200,10,0,0
BRDA:200,10,1,0
BRDA:211,11,0,0
BRDA:211,11,1,0
BRDA:214,12,0,0
BRDA:214,12,1,0
BRDA:215,13,0,0
BRDA:215,13,1,0
BRDA:217,14,0,0
BRDA:217,14,1,0
BRDA:218,15,0,0
BRDA:218,15,1,0
BRDA:219,16,0,0
BRDA:219,16,1,0
BRDA:219,16,2,0
BRDA:235,17,0,0
BRDA:235,17,1,0
BRDA:236,18,0,0
BRDA:236,18,1,0
BRDA:238,19,0,0
BRDA:238,19,1,0
BRDA:239,20,0,0
BRDA:239,20,1,0
BRDA:243,21,0,0
BRDA:243,21,1,0
BRDA:260,22,0,0
BRDA:260,22,1,1
BRDA:262,23,0,0
BRDA:262,23,1,1
BRDA:275,24,0,0
BRDA:275,24,1,0
BRDA:290,25,0,9
BRDA:290,25,1,7
BRDA:302,26,0,9
BRDA:302,26,1,7
BRDA:320,27,0,0
BRDA:320,27,1,0
BRDA:325,28,0,0
BRDA:325,28,1,0
BRDA:337,29,0,0
BRDA:337,29,1,0
BRDA:359,30,0,0
BRDA:359,30,1,0
BRDA:365,31,0,0
BRDA:365,31,1,0
BRDA:371,32,0,0
BRDA:371,32,1,0
BRDA:391,33,0,0
BRDA:391,33,1,0
BRDA:433,34,0,0
BRDA:433,34,1,0
BRDA:442,35,0,0
BRDA:442,35,1,0
BRDA:445,36,0,0
BRDA:445,36,1,0
BRDA:447,37,0,0
BRDA:447,37,1,0
BRDA:462,38,0,0
BRDA:462,38,1,0
BRDA:471,39,0,0
BRDA:471,39,1,0
BRDA:474,40,0,0
BRDA:474,40,1,0
BRDA:489,41,0,0
BRDA:489,41,1,0
BRDA:498,42,0,0
BRDA:498,42,1,0
BRDA:501,43,0,0
BRDA:501,43,1,0
BRDA:553,44,0,0
BRDA:553,44,1,0
BRDA:595,45,0,0
BRDA:595,45,1,0
BRDA:604,46,0,0
BRDA:604,46,1,0
BRDA:607,47,0,0
BRDA:607,47,1,0
BRDA:609,48,0,0
BRDA:609,48,1,0
BRDA:624,49,0,0
BRDA:624,49,1,0
BRDA:633,50,0,0
BRDA:633,50,1,0
BRDA:636,51,0,0
BRDA:636,51,1,0
BRDA:651,52,0,0
BRDA:651,52,1,0
BRDA:660,53,0,0
BRDA:660,53,1,0
BRDA:663,54,0,0
BRDA:663,54,1,0
BRDA:712,55,0,1
BRDA:712,55,1,0
BRDA:715,56,0,1
BRDA:715,56,1,0
BRDA:721,57,0,1
BRDA:721,57,1,0
BRDA:724,58,0,1
BRDA:724,58,1,0
BRDA:730,59,0,1
BRDA:730,59,1,1
BRDA:733,60,0,1
BRDA:733,60,1,1
BRDA:745,61,0,0
BRDA:745,61,1,1
BRDA:747,62,0,0
BRDA:747,62,1,1
BRDA:754,63,0,1
BRDA:754,63,1,1
BRDA:757,64,0,1
BRDA:757,64,1,1
BRDA:763,65,0,1
BRDA:763,65,1,0
BRDA:766,66,0,1
BRDA:766,66,1,0
BRDA:772,67,0,1
BRDA:772,67,1,0
BRDA:775,68,0,1
BRDA:775,68,1,0
BRF:139
BRH:28
end_of_record
TN:
SF:screens/HotScreen.js
FN:21,HotScreen
FN:37,(anonymous_1)
FN:65,(anonymous_2)
FN:72,(anonymous_3)
FN:90,(anonymous_4)
FN:94,(anonymous_5)
FN:98,(anonymous_6)
FN:103,(anonymous_7)
FN:105,(anonymous_8)
FN:107,(anonymous_9)
FN:111,(anonymous_10)
FN:119,(anonymous_11)
FN:125,(anonymous_12)
FN:132,(anonymous_13)
FN:151,(anonymous_14)
FN:155,(anonymous_15)
FN:167,(anonymous_16)
FNF:17
FNH:15
FNDA:11,HotScreen
FNDA:5,(anonymous_1)
FNDA:4,(anonymous_2)
FNDA:5,(anonymous_3)
FNDA:5,(anonymous_4)
FNDA:11,(anonymous_5)
FNDA:8,(anonymous_6)
FNDA:6,(anonymous_7)
FNDA:0,(anonymous_8)
FNDA:2,(anonymous_9)
FNDA:1,(anonymous_10)
FNDA:0,(anonymous_11)
FNDA:7,(anonymous_12)
FNDA:7,(anonymous_13)
FNDA:18,(anonymous_14)
FNDA:1,(anonymous_15)
FNDA:7,(anonymous_16)
DA:22,11
DA:23,11
DA:24,11
DA:25,11
DA:26,11
DA:27,11
DA:28,11
DA:30,11
DA:37,11
DA:38,5
DA:39,5
DA:40,5
DA:41,5
DA:42,5
DA:43,1
DA:44,1
DA:45,1
DA:46,1
DA:47,1
DA:50,4
DA:51,4
DA:52,0
DA:53,0
DA:54,0
DA:55,0
DA:56,0
DA:57,0
DA:63,4
DA:64,4
DA:65,4
DA:66,4
DA:71,4
DA:72,5
DA:77,4
DA:78,4
DA:79,4
DA:81,0
DA:82,0
DA:83,0
DA:86,4
DA:90,11
DA:91,5
DA:94,11
DA:95,11
DA:96,11
DA:98,11
DA:99,8
DA:102,11
DA:103,10
DA:104,1
DA:105,0
DA:106,1
DA:107,2
DA:111,11
DA:112,1
DA:113,1
DA:114,1
DA:115,1
DA:119,11
DA:120,0
DA:121,0
DA:122,0
DA:125,11
DA:126,7
DA:127,1
DA:128,0
DA:129,0
DA:132,11
DA:133,7
DA:134,7
DA:135,7
DA:137,0
DA:140,11
DA:141,5
DA:148,6
DA:152,18
DA:155,1
DA:167,7
DA:190,3
LF:79
LH:63
BRDA:37,0,0,0
BRDA:37,1,0,0
BRDA:40,2,0,5
BRDA:40,2,1,0
BRDA:42,3,0,1
BRDA:42,3,1,4
BRDA:46,4,0,1
BRDA:46,4,1,0
BRDA:51,5,0,0
BRDA:51,5,1,4
BRDA:56,6,0,0
BRDA:56,6,1,0
BRDA:64,7,0,4
BRDA:64,7,1,4
BRDA:82,8,0,0
BRDA:82,8,1,0
BRDA:102,9,0,10
BRDA:102,9,1,1
BRDA:104,10,0,0
BRDA:104,10,1,1
BRDA:106,11,0,1
BRDA:106,11,1,0
BRDA:114,12,0,0
BRDA:114,12,1,1
BRDA:126,13,0,6
BRDA:126,13,1,1
BRDA:127,14,0,1
BRDA:127,14,1,0
BRDA:128,15,0,0
BRDA:128,15,1,0
BRDA:134,16,0,7
BRDA:134,16,1,0
BRDA:140,17,0,5
BRDA:140,17,1,6
BRDA:140,18,0,11
BRDA:140,18,1,5
BRDA:154,19,0,18
BRDA:154,19,1,6
BRDA:157,20,0,18
BRDA:157,20,1,6
BRDA:158,21,0,6
BRDA:158,21,1,12
BRDA:158,22,0,6
BRDA:158,22,1,6
BRDA:177,23,0,5
BRDA:177,23,1,1
BRDA:179,24,0,0
BRDA:179,24,1,1
BRF:48
BRH:31
end_of_record
TN:
SF:screens/LineupDetailScreen.js
FN:15,LineupDetailScreen
FN:30,(anonymous_1)
FN:49,(anonymous_2)
FN:69,(anonymous_3)
FN:71,(anonymous_4)
FN:90,(anonymous_5)
FN:95,(anonymous_6)
FN:97,(anonymous_7)
FN:114,(anonymous_8)
FN:138,(anonymous_9)
FN:189,(anonymous_10)
FN:211,(anonymous_11)
FN:213,(anonymous_12)
FN:218,(anonymous_13)
FN:235,(anonymous_14)
FN:307,(anonymous_15)
FN:329,(anonymous_16)
FN:353,(anonymous_17)
FN:358,(anonymous_18)
FN:359,(anonymous_19)
FN:376,(anonymous_20)
FN:401,(anonymous_21)
FN:402,(anonymous_22)
FN:416,(anonymous_23)
FN:421,(anonymous_24)
FN:422,(anonymous_25)
FN:439,(anonymous_26)
FN:444,(anonymous_27)
FN:445,(anonymous_28)
FN:464,(anonymous_29)
FNF:30
FNH:0
FNDA:0,LineupDetailScreen
FNDA:0,(anonymous_1)
FNDA:0,(anonymous_2)
FNDA:0,(anonymous_3)
FNDA:0,(anonymous_4)
FNDA:0,(anonymous_5)
FNDA:0,(anonymous_6)
FNDA:0,(anonymous_7)
FNDA:0,(anonymous_8)
FNDA:0,(anonymous_9)
FNDA:0,(anonymous_10)
FNDA:0,(anonymous_11)
FNDA:0,(anonymous_12)
FNDA:0,(anonymous_13)
FNDA:0,(anonymous_14)
FNDA:0,(anonymous_15)
FNDA:0,(anonymous_16)
FNDA:0,(anonymous_17)
FNDA:0,(anonymous_18)
FNDA:0,(anonymous_19)
FNDA:0,(anonymous_20)
FNDA:0,(anonymous_21)
FNDA:0,(anonymous_22)
FNDA:0,(anonymous_23)
FNDA:0,(anonymous_24)
FNDA:0,(anonymous_25)
FNDA:0,(anonymous_26)
FNDA:0,(anonymous_27)
FNDA:0,(anonymous_28)
FNDA:0,(anonymous_29)
DA:16,0
DA:18,0
DA:19,0
DA:20,0
DA:21,0
DA:24,0
DA:25,0
DA:28,0
DA:29,0
DA:30,0
DA:31,0
DA:32,0
DA:33,0
DA:34,0
DA:39,0
DA:40,0
DA:41,0
DA:42,0
DA:45,0
DA:47,0
DA:49,0
DA:50,0
DA:51,0
DA:52,0
DA:57,0
DA:58,0
DA:59,0
DA:60,0
DA:63,0
DA:65,0
DA:69,0
DA:70,0
DA:71,0
DA:72,0
DA:73,0
DA:74,0
DA:76,0
DA:77,0
DA:78,0
DA:79,0
DA:82,0
DA:84,0
DA:85,0
DA:89,0
DA:90,0
DA:91,0
DA:95,0
DA:96,0
DA:97,0
DA:98,0
DA:99,0
DA:100,0
DA:102,0
DA:105,0
DA:106,0
DA:107,0
DA:110,0
DA:113,0
DA:114,0
DA:115,0
DA:119,0
DA:120,0
DA:121,0
DA:123,0
DA:126,0
DA:129,0
DA:130,0
DA:131,0
DA:133,0
DA:134,0
DA:135,0
DA:136,0
DA:137,0
DA:138,0
DA:139,0
DA:140,0
DA:141,0
DA:142,0
DA:143,0
DA:144,0
DA:145,0
DA:148,0
DA:150,0
DA:151,0
DA:152,0
DA:153,0
DA:155,0
DA:157,0
DA:162,0
DA:163,0
DA:172,0
DA:173,0
DA:181,0
DA:182,0
DA:183,0
DA:186,0
DA:189,0
DA:190,0
DA:193,0
DA:194,0
DA:198,0
DA:199,0
DA:200,0
DA:202,0
DA:203,0
DA:207,0
DA:211,0
DA:213,0
DA:214,0
DA:215,0
DA:218,0
DA:219,0
DA:220,0
DA:221,0
DA:222,0
DA:223,0
DA:224,0
DA:225,0
DA:227,0
DA:229,0
DA:231,0
DA:235,0
DA:236,0
DA:237,0
DA:240,0
DA:307,0
DA:329,0
DA:353,0
DA:358,0
DA:359,0
DA:376,0
DA:401,0
DA:402,0
DA:416,0
DA:421,0
DA:422,0
DA:439,0
DA:444,0
DA:445,0
DA:464,0
DA:472,0
LF:141
LH:0
BRDA:31,0,0,0
BRDA:31,0,1,0
BRDA:40,1,0,0
BRDA:40,1,1,0
BRDA:50,2,0,0
BRDA:50,2,1,0
BRDA:58,3,0,0
BRDA:58,3,1,0
BRDA:72,4,0,0
BRDA:72,4,1,0
BRDA:78,5,0,0
BRDA:78,5,1,0
BRDA:78,6,0,0
BRDA:78,6,1,0
BRDA:84,7,0,0
BRDA:84,7,1,0
BRDA:98,8,0,0
BRDA:98,8,1,0
BRDA:102,9,0,0
BRDA:102,9,1,0
BRDA:102,9,2,0
BRDA:105,10,0,0
BRDA:105,10,1,0
BRDA:105,11,0,0
BRDA:105,11,1,0
BRDA:120,12,0,0
BRDA:120,12,1,0
BRDA:121,13,0,0
BRDA:121,13,1,0
BRDA:123,14,0,0
BRDA:123,14,1,0
BRDA:123,15,0,0
BRDA:123,15,1,0
BRDA:123,15,2,0
BRDA:126,16,0,0
BRDA:126,16,1,0
BRDA:126,17,0,0
BRDA:126,17,1,0
BRDA:139,18,0,0
BRDA:139,18,1,0
BRDA:142,19,0,0
BRDA:142,19,1,0
BRDA:148,20,0,0
BRDA:148,20,1,0
BRDA:150,21,0,0
BRDA:150,21,1,0
BRDA:162,22,0,0
BRDA:162,22,1,0
BRDA:172,23,0,0
BRDA:172,23,1,0
BRDA:190,24,0,0
BRDA:190,24,1,0
BRDA:193,25,0,0
BRDA:193,25,1,0
BRDA:200,26,0,0
BRDA:200,26,1,0
BRDA:219,27,0,0
BRDA:219,27,1,0
BRDA:220,28,0,0
BRDA:220,28,1,0
BRDA:221,29,0,0
BRDA:221,29,1,0
BRDA:224,30,0,0
BRDA:224,30,1,0
BRDA:236,31,0,0
BRDA:236,31,1,0
BRDA:245,32,0,0
BRDA:245,32,1,0
BRDA:252,33,0,0
BRDA:252,33,1,0
BRDA:265,34,0,0
BRDA:265,34,1,0
BRDA:275,35,0,0
BRDA:275,35,1,0
BRDA:279,36,0,0
BRDA:279,36,1,0
BRDA:286,37,0,0
BRDA:286,37,1,0
BRDA:288,38,0,0
BRDA:288,38,1,0
BRDA:299,39,0,0
BRDA:299,39,1,0
BRDA:311,40,0,0
BRDA:311,40,1,0
BRDA:313,41,0,0
BRDA:313,41,1,0
BRDA:328,42,0,0
BRDA:328,42,1,0
BRDA:332,43,0,0
BRDA:332,43,1,0
BRDA:334,44,0,0
BRDA:334,44,1,0
BRDA:336,45,0,0
BRDA:336,45,1,0
BRDA:343,46,0,0
BRDA:343,46,1,0
BRDA:355,47,0,0
BRDA:355,47,1,0
BRDA:361,48,0,0
BRDA:361,48,1,0
BRDA:373,49,0,0
BRDA:373,49,1,0
BRDA:379,50,0,0
BRDA:379,50,1,0
BRDA:384,51,0,0
BRDA:384,51,1,0
BRDA:391,52,0,0
BRDA:391,52,1,0
BRDA:391,52,2,0
BRDA:396,53,0,0
BRDA:396,53,1,0
BRDA:404,54,0,0
BRDA:404,54,1,0
BRDA:418,55,0,0
BRDA:418,55,1,0
BRDA:424,56,0,0
BRDA:424,56,1,0
BRDA:441,57,0,0
BRDA:441,57,1,0
BRDA:447,58,0,0
BRDA:447,58,1,0
BRF:121
BRH:0
end_of_record
TN:
SF:screens/LineupGridScreen.js
FN:29,LineupGridScreen
FN:58,(anonymous_1)
FN:71,(anonymous_2)
FN:76,(anonymous_3)
FN:80,(anonymous_4)
FN:82,(anonymous_5)
FN:93,(anonymous_6)
FN:99,(anonymous_7)
FN:115,(anonymous_8)
FN:144,(anonymous_9)
FN:153,(anonymous_10)
FN:173,(anonymous_11)
FN:178,(anonymous_12)
FN:179,(anonymous_13)
FN:200,(anonymous_14)
FN:207,(anonymous_15)
FN:211,(anonymous_16)
FN:218,(anonymous_17)
FN:224,(anonymous_18)
FN:226,(anonymous_19)
FN:232,(anonymous_20)
FN:234,(anonymous_21)
FN:240,(anonymous_22)
FN:242,(anonymous_23)
FN:263,(anonymous_24)
FN:303,(anonymous_25)
FN:307,(anonymous_26)
FN:319,(anonymous_27)
FN:323,(anonymous_28)
FN:335,(anonymous_29)
FN:339,(anonymous_30)
FNF:31
FNH:10
FNDA:10,LineupGridScreen
FNDA:0,(anonymous_1)
FNDA:0,(anonymous_2)
FNDA:0,(anonymous_3)
FNDA:5,(anonymous_4)
FNDA:0,(anonymous_5)
FNDA:0,(anonymous_6)
FNDA:0,(anonymous_7)
FNDA:5,(anonymous_8)
FNDA:4,(anonymous_9)
FNDA:4,(anonymous_10)
FNDA:5,(anonymous_11)
FNDA:10,(anonymous_12)
FNDA:5,(anonymous_13)
FNDA:0,(anonymous_14)
FNDA:5,(anonymous_15)
FNDA:0,(anonymous_16)
FNDA:0,(anonymous_17)
FNDA:0,(anonymous_18)
FNDA:0,(anonymous_19)
FNDA:0,(anonymous_20)
FNDA:0,(anonymous_21)
FNDA:0,(anonymous_22)
FNDA:0,(anonymous_23)
FNDA:5,(anonymous_24)
FNDA:0,(anonymous_25)
FNDA:0,(anonymous_26)
FNDA:0,(anonymous_27)
FNDA:0,(anonymous_28)
FNDA:0,(anonymous_29)
FNDA:0,(anonymous_30)
DA:30,10
DA:31,10
DA:32,10
DA:33,10
DA:34,10
DA:35,10
DA:36,10
DA:37,10
DA:39,10
DA:47,10
DA:48,10
DA:49,10
DA:50,10
DA:53,10
DA:54,10
DA:55,10
DA:56,10
DA:58,10
DA:59,0
DA:60,0
DA:61,0
DA:63,0
DA:64,0
DA:71,10
DA:72,0
DA:76,0
DA:80,10
DA:81,5
DA:83,0
DA:93,0
DA:100,0
DA:115,10
DA:116,5
DA:117,5
DA:118,5
DA:119,5
DA:120,5
DA:121,1
DA:122,1
DA:123,1
DA:124,1
DA:125,1
DA:128,4
DA:129,4
DA:130,0
DA:131,0
DA:132,0
DA:133,0
DA:134,0
DA:135,0
DA:141,4
DA:142,4
DA:144,4
DA:145,4
DA:152,4
DA:153,4
DA:159,4
DA:160,4
DA:161,4
DA:163,0
DA:164,0
DA:165,0
DA:168,4
DA:173,10
DA:174,5
DA:178,10
DA:179,10
DA:180,5
DA:181,0
DA:183,0
DA:189,0
DA:192,5
DA:193,5
DA:194,5
DA:196,5
DA:200,10
DA:201,0
DA:202,0
DA:203,0
DA:206,10
DA:207,5
DA:211,10
DA:212,0
DA:213,0
DA:214,0
DA:215,0
DA:218,10
DA:219,0
DA:220,0
DA:221,0
DA:224,10
DA:225,0
DA:226,0
DA:228,0
DA:232,10
DA:233,0
DA:234,0
DA:236,0
DA:240,10
DA:241,0
DA:242,0
DA:244,0
DA:249,10
DA:250,5
DA:257,5
DA:263,5
DA:304,0
DA:307,0
DA:320,0
DA:323,0
DA:336,0
DA:339,0
DA:364,2
LF:113
LH:66
BRDA:92,0,0,0
BRDA:92,0,1,0
BRDA:105,1,0,0
BRDA:105,1,1,0
BRDA:115,2,0,0
BRDA:115,3,0,0
BRDA:118,4,0,5
BRDA:118,4,1,0
BRDA:120,5,0,1
BRDA:120,5,1,4
BRDA:124,6,0,1
BRDA:124,6,1,0
BRDA:129,7,0,0
BRDA:129,7,1,4
BRDA:134,8,0,0
BRDA:134,8,1,0
BRDA:142,9,0,4
BRDA:142,9,1,4
BRDA:164,10,0,0
BRDA:164,10,1,0
BRDA:180,11,0,0
BRDA:180,11,1,5
BRDA:183,12,0,0
BRDA:183,12,1,0
BRDA:183,12,2,0
BRDA:183,12,3,0
BRDA:183,12,4,0
BRDA:183,13,0,0
BRDA:183,13,1,0
BRDA:184,14,0,0
BRDA:184,14,1,0
BRDA:185,15,0,0
BRDA:185,15,1,0
BRDA:186,16,0,0
BRDA:186,16,1,0
BRDA:187,17,0,0
BRDA:187,17,1,0
BRDA:189,18,0,0
BRDA:189,18,1,0
BRDA:192,19,0,0
BRDA:192,19,1,5
BRDA:192,20,0,5
BRDA:192,20,1,0
BRDA:193,21,0,0
BRDA:193,21,1,5
BRDA:193,22,0,5
BRDA:193,22,1,0
BRDA:194,23,0,0
BRDA:194,23,1,5
BRDA:194,24,0,5
BRDA:194,24,1,0
BRDA:225,25,0,0
BRDA:225,25,1,0
BRDA:233,26,0,0
BRDA:233,26,1,0
BRDA:241,27,0,0
BRDA:241,27,1,0
BRDA:249,28,0,5
BRDA:249,28,1,5
BRDA:249,29,0,10
BRDA:249,29,1,5
BRDA:279,30,0,5
BRDA:279,30,1,0
BRDA:306,31,0,0
BRDA:306,31,1,0
BRDA:309,32,0,0
BRDA:309,32,1,0
BRDA:322,33,0,0
BRDA:322,33,1,0
BRDA:325,34,0,0
BRDA:325,34,1,0
BRDA:338,35,0,0
BRDA:338,35,1,0
BRDA:341,36,0,0
BRDA:341,36,1,0
BRF:75
BRH:19
end_of_record
TN:
SF:screens/LoginScreen.js
FN:48,LoginScreen
FN:64,(anonymous_1)
FN:93,(anonymous_2)
FN:109,(anonymous_3)
FN:110,(anonymous_4)
FN:195,(anonymous_5)
FNF:6
FNH:4
FNDA:5,LoginScreen
FNDA:2,(anonymous_1)
FNDA:0,(anonymous_2)
FNDA:2,(anonymous_3)
FNDA:2,(anonymous_4)
FNDA:0,(anonymous_5)
DA:18,1
DA:22,1
DA:25,1
DA:28,1
DA:31,1
DA:39,1
DA:43,1
DA:49,5
DA:50,5
DA:51,5
DA:52,5
DA:54,5
DA:56,5
DA:64,5
DA:65,2
DA:67,2
DA:68,1
DA:69,1
DA:72,1
DA:74,1
DA:75,1
DA:77,0
DA:79,0
DA:80,0
DA:81,0
DA:82,0
DA:83,0
DA:84,0
DA:87,0
DA:89,1
DA:93,5
DA:94,0
DA:95,0
DA:96,0
DA:99,0
DA:100,0
DA:102,0
DA:104,0
DA:105,0
DA:109,5
DA:110,2
DA:111,2
DA:113,0
DA:114,0
DA:115,0
DA:118,0
DA:120,0
DA:121,0
DA:122,0
DA:123,0
DA:126,0
DA:127,0
DA:129,0
DA:130,0
DA:132,0
DA:136,2
DA:139,5
DA:141,5
DA:195,0
DA:206,1
LF:60
LH:30
BRDA:22,0,0,1
BRDA:22,0,1,1
BRDA:25,1,0,1
BRDA:25,1,1,1
BRDA:28,2,0,1
BRDA:28,2,1,1
BRDA:65,3,0,0
BRDA:65,3,1,2
BRDA:67,4,0,1
BRDA:67,4,1,1
BRDA:67,5,0,2
BRDA:67,5,1,1
BRDA:79,6,0,0
BRDA:79,6,1,0
BRDA:81,7,0,0
BRDA:81,7,1,0
BRDA:83,8,0,0
BRDA:83,8,1,0
BRDA:94,9,0,0
BRDA:94,9,1,0
BRDA:111,10,0,2
BRDA:111,10,1,0
BRDA:113,11,0,0
BRDA:113,11,1,0
BRDA:120,12,0,0
BRDA:120,12,1,0
BRDA:139,13,0,5
BRDA:139,13,1,5
BRDA:144,14,0,5
BRDA:144,14,1,0
BRDA:174,15,0,0
BRDA:174,15,1,5
BRDA:186,16,0,0
BRDA:186,16,1,5
BRF:34
BRH:17
end_of_record
TN:
SF:screens/MapSelectionScreen.js
FN:12,LineupCard
FN:18,(anonymous_1)
FN:26,(anonymous_2)
FN:27,(anonymous_3)
FN:55,MapSelectionScreen
FN:77,(anonymous_5)
FN:81,(anonymous_6)
FN:92,(anonymous_7)
FN:110,(anonymous_8)
FN:113,(anonymous_9)
FN:118,(anonymous_10)
FN:126,(anonymous_11)
FN:136,(anonymous_12)
FN:144,(anonymous_13)
FN:153,(anonymous_14)
FN:154,(anonymous_15)
FN:158,(anonymous_16)
FN:172,(anonymous_17)
FN:177,(anonymous_18)
FN:180,(anonymous_19)
FN:187,(anonymous_20)
FN:193,(anonymous_21)
FN:195,(anonymous_22)
FN:201,(anonymous_23)
FN:203,(anonymous_24)
FN:209,(anonymous_25)
FN:211,(anonymous_26)
FN:217,(anonymous_27)
FN:223,(anonymous_28)
FN:245,(anonymous_29)
FN:258,(anonymous_30)
FN:270,(anonymous_31)
FN:294,(anonymous_32)
FN:307,(anonymous_33)
FN:372,(anonymous_34)
FN:378,(anonymous_35)
FN:389,(anonymous_36)
FN:395,(anonymous_37)
FN:401,(anonymous_38)
FN:410,(anonymous_39)
FN:414,(anonymous_40)
FNF:41
FNH:15
FNDA:4,LineupCard
FNDA:0,(anonymous_1)
FNDA:0,(anonymous_2)
FNDA:0,(anonymous_3)
FNDA:6,MapSelectionScreen
FNDA:2,(anonymous_5)
FNDA:2,(anonymous_6)
FNDA:3,(anonymous_7)
FNDA:0,(anonymous_8)
FNDA:6,(anonymous_9)
FNDA:1,(anonymous_10)
FNDA:2,(anonymous_11)
FNDA:4,(anonymous_12)
FNDA:1,(anonymous_13)
FNDA:4,(anonymous_14)
FNDA:5,(anonymous_15)
FNDA:0,(anonymous_16)
FNDA:0,(anonymous_17)
FNDA:0,(anonymous_18)
FNDA:0,(anonymous_19)
FNDA:0,(anonymous_20)
FNDA:0,(anonymous_21)
FNDA:0,(anonymous_22)
FNDA:0,(anonymous_23)
FNDA:0,(anonymous_24)
FNDA:0,(anonymous_25)
FNDA:0,(anonymous_26)
FNDA:0,(anonymous_27)
FNDA:4,(anonymous_28)
FNDA:0,(anonymous_29)
FNDA:0,(anonymous_30)
FNDA:1,(anonymous_31)
FNDA:0,(anonymous_32)
FNDA:7,(anonymous_33)
FNDA:0,(anonymous_34)
FNDA:0,(anonymous_35)
FNDA:0,(anonymous_36)
FNDA:0,(anonymous_37)
FNDA:0,(anonymous_38)
FNDA:0,(anonymous_39)
FNDA:0,(anonymous_40)
DA:13,4
DA:15,4
DA:18,0
DA:26,0
DA:27,0
DA:56,6
DA:57,6
DA:58,6
DA:59,6
DA:60,6
DA:61,6
DA:62,6
DA:63,6
DA:64,6
DA:67,6
DA:68,6
DA:69,6
DA:72,6
DA:73,6
DA:74,6
DA:77,6
DA:78,2
DA:81,6
DA:82,2
DA:83,2
DA:85,2
DA:91,2
DA:92,3
DA:97,2
DA:99,0
DA:100,0
DA:101,0
DA:104,2
DA:109,6
DA:110,6
DA:113,6
DA:114,6
DA:117,6
DA:118,1
DA:119,1
DA:124,6
DA:125,1
DA:126,1
DA:127,2
DA:136,6
DA:137,4
DA:138,4
DA:139,4
DA:140,4
DA:144,6
DA:145,1
DA:146,1
DA:147,1
DA:151,6
DA:153,6
DA:154,5
DA:155,4
DA:158,6
DA:160,0
DA:161,0
DA:162,0
DA:164,0
DA:165,0
DA:172,6
DA:173,0
DA:177,0
DA:180,6
DA:181,0
DA:182,0
DA:183,0
DA:184,0
DA:187,6
DA:188,0
DA:189,0
DA:190,0
DA:193,6
DA:194,0
DA:195,0
DA:197,0
DA:201,6
DA:202,0
DA:203,0
DA:205,0
DA:209,6
DA:210,0
DA:211,0
DA:213,0
DA:217,6
DA:218,0
DA:219,0
DA:220,0
DA:223,6
DA:224,4
DA:228,6
DA:229,2
DA:237,4
DA:247,0
DA:258,0
DA:270,1
DA:294,0
DA:307,7
DA:372,0
DA:378,0
DA:389,0
DA:395,0
DA:401,0
DA:411,0
DA:414,0
DA:444,1
LF:109
LH:67
BRDA:21,0,0,4
BRDA:21,0,1,0
BRDA:30,1,0,4
BRDA:30,1,1,4
BRDA:36,2,0,4
BRDA:36,2,1,0
BRDA:100,3,0,0
BRDA:100,3,1,0
BRDA:117,4,0,1
BRDA:117,4,1,5
BRDA:119,5,0,1
BRDA:119,5,1,1
BRDA:124,6,0,1
BRDA:124,6,1,5
BRDA:127,7,0,2
BRDA:127,7,1,1
BRDA:127,7,2,1
BRDA:127,7,3,1
BRDA:127,7,4,1
BRDA:127,8,0,2
BRDA:127,8,1,0
BRDA:128,9,0,1
BRDA:128,9,1,0
BRDA:129,10,0,1
BRDA:129,10,1,0
BRDA:130,11,0,1
BRDA:130,11,1,0
BRDA:131,12,0,1
BRDA:131,12,1,0
BRDA:137,13,0,0
BRDA:137,13,1,4
BRDA:137,14,0,4
BRDA:137,14,1,0
BRDA:138,15,0,0
BRDA:138,15,1,4
BRDA:138,16,0,4
BRDA:138,16,1,0
BRDA:139,17,0,0
BRDA:139,17,1,4
BRDA:139,18,0,4
BRDA:139,18,1,0
BRDA:145,19,0,1
BRDA:145,19,1,0
BRDA:146,20,0,1
BRDA:146,20,1,0
BRDA:155,21,0,4
BRDA:155,21,1,0
BRDA:194,22,0,0
BRDA:194,22,1,0
BRDA:202,23,0,0
BRDA:202,23,1,0
BRDA:210,24,0,0
BRDA:210,24,1,0
BRDA:228,25,0,2
BRDA:228,25,1,4
BRDA:260,26,0,4
BRDA:260,26,1,3
BRDA:263,27,0,4
BRDA:263,27,1,3
BRDA:272,28,0,4
BRDA:272,28,1,1
BRDA:275,29,0,4
BRDA:275,29,1,1
BRDA:293,30,0,4
BRDA:293,30,1,1
BRDA:326,31,0,1
BRDA:326,31,1,3
BRDA:331,32,0,1
BRDA:331,32,1,3
BRDA:333,33,0,1
BRDA:333,33,1,2
BRDA:338,34,0,1
BRDA:338,34,1,3
BRDA:340,35,0,1
BRDA:340,35,1,2
BRDA:349,36,0,4
BRDA:349,36,1,0
BRDA:371,37,0,0
BRDA:371,37,1,0
BRDA:377,38,0,0
BRDA:377,38,1,0
BRDA:388,39,0,0
BRDA:388,39,1,0
BRDA:394,40,0,0
BRDA:394,40,1,0
BRDA:400,41,0,0
BRDA:400,41,1,0
BRDA:413,42,0,0
BRDA:413,42,1,0
BRDA:465,43,0,1
BRDA:465,43,1,0
BRDA:482,44,0,1
BRDA:482,44,1,0
BRDA:648,45,0,1
BRDA:648,45,1,0
BRDA:657,46,0,1
BRDA:657,46,1,0
BRF:97
BRH:56
end_of_record
TN:
SF:screens/PlayerSearchScreen.js
FN:16,PlayerSearchScreen
FN:24,(anonymous_1)
FN:65,(anonymous_2)
FN:94,(anonymous_3)
FN:111,(anonymous_4)
FN:135,(anonymous_5)
FN:138,(anonymous_6)
FNF:7
FNH:7
FNDA:5,PlayerSearchScreen
FNDA:2,(anonymous_1)
FNDA:1,(anonymous_2)
FNDA:1,(anonymous_3)
FNDA:1,(anonymous_4)
FNDA:1,(anonymous_5)
FNDA:1,(anonymous_6)
DA:17,5
DA:18,5
DA:19,5
DA:20,5
DA:21,5
DA:24,5
DA:25,2
DA:26,2
DA:27,1
DA:28,1
DA:29,1
DA:32,1
DA:33,1
DA:34,1
DA:35,1
DA:36,0
DA:37,0
DA:38,0
DA:41,1
DA:42,1
DA:43,1
DA:44,1
DA:46,1
DA:47,1
DA:52,1
DA:60,1
DA:62,1
DA:63,1
DA:65,1
DA:66,1
DA:67,1
DA:68,1
DA:69,1
DA:76,1
DA:77,1
DA:79,1
DA:80,0
DA:81,0
DA:83,1
DA:84,1
DA:87,0
DA:88,0
DA:90,1
DA:94,5
DA:95,1
DA:96,1
DA:97,1
DA:104,5
DA:112,1
DA:113,1
DA:136,1
DA:137,1
DA:138,1
DA:163,1
LF:54
LH:47
BRDA:26,0,0,1
BRDA:26,0,1,1
BRDA:35,1,0,0
BRDA:35,1,1,1
BRDA:66,2,0,0
BRDA:66,2,1,1
BRDA:68,3,0,1
BRDA:68,3,1,0
BRDA:72,4,0,1
BRDA:72,4,1,1
BRDA:72,4,2,1
BRDA:79,5,0,0
BRDA:79,5,1,1
BRDA:95,6,0,0
BRDA:95,6,1,1
BRDA:96,7,0,1
BRDA:96,7,1,1
BRDA:96,7,2,1
BRDA:123,8,0,0
BRDA:123,8,1,5
BRDA:132,9,0,1
BRDA:132,9,1,4
BRDA:136,10,0,1
BRDA:136,10,1,1
BRDA:136,10,2,1
BRDA:140,11,0,0
BRDA:140,11,1,1
BRDA:152,12,0,1
BRDA:152,12,1,0
BRDA:153,13,0,1
BRDA:153,13,1,0
BRF:31
BRH:22
end_of_record
TN:
SF:screens/PostScreen.js
FN:29,PostScreen
FN:74,(anonymous_1)
FN:94,(anonymous_2)
FN:150,(anonymous_3)
FN:151,(anonymous_4)
FN:161,(anonymous_5)
FN:167,(anonymous_6)
FN:177,(anonymous_7)
FN:200,(anonymous_8)
FN:202,(anonymous_9)
FN:204,(anonymous_10)
FN:214,(anonymous_11)
FN:239,(anonymous_12)
FN:264,(anonymous_13)
FN:265,(anonymous_14)
FN:287,(anonymous_15)
FN:293,(anonymous_16)
FN:299,(anonymous_17)
FN:315,(anonymous_18)
FN:325,(anonymous_19)
FN:331,(anonymous_20)
FN:336,(anonymous_21)
FN:383,(anonymous_22)
FN:389,(anonymous_23)
FN:398,(anonymous_24)
FN:404,(anonymous_25)
FN:418,(anonymous_26)
FN:422,(anonymous_27)
FN:436,(anonymous_28)
FN:467,(anonymous_29)
FN:472,(anonymous_30)
FN:503,(anonymous_31)
FN:517,(anonymous_32)
FN:531,(anonymous_33)
FN:579,(anonymous_34)
FN:621,(anonymous_35)
FN:653,(anonymous_36)
FN:654,(anonymous_37)
FN:658,(anonymous_38)
FNF:39
FNH:0
FNDA:0,PostScreen
FNDA:0,(anonymous_1)
FNDA:0,(anonymous_2)
FNDA:0,(anonymous_3)
FNDA:0,(anonymous_4)
FNDA:0,(anonymous_5)
FNDA:0,(anonymous_6)
FNDA:0,(anonymous_7)
FNDA:0,(anonymous_8)
FNDA:0,(anonymous_9)
FNDA:0,(anonymous_10)
FNDA:0,(anonymous_11)
FNDA:0,(anonymous_12)
FNDA:0,(anonymous_13)
FNDA:0,(anonymous_14)
FNDA:0,(anonymous_15)
FNDA:0,(anonymous_16)
FNDA:0,(anonymous_17)
FNDA:0,(anonymous_18)
FNDA:0,(anonymous_19)
FNDA:0,(anonymous_20)
FNDA:0,(anonymous_21)
FNDA:0,(anonymous_22)
FNDA:0,(anonymous_23)
FNDA:0,(anonymous_24)
FNDA:0,(anonymous_25)
FNDA:0,(anonymous_26)
FNDA:0,(anonymous_27)
FNDA:0,(anonymous_28)
FNDA:0,(anonymous_29)
FNDA:0,(anonymous_30)
FNDA:0,(anonymous_31)
FNDA:0,(anonymous_32)
FNDA:0,(anonymous_33)
FNDA:0,(anonymous_34)
FNDA:0,(anonymous_35)
FNDA:0,(anonymous_36)
FNDA:0,(anonymous_37)
FNDA:0,(anonymous_38)
DA:30,0
DA:31,0
DA:34,0
DA:44,0
DA:71,0
DA:74,0
DA:75,0
DA:79,0
DA:80,0
DA:83,0
DA:84,0
DA:85,0
DA:88,0
DA:91,0
DA:94,0
DA:95,0
DA:96,0
DA:97,0
DA:98,0
DA:111,0
DA:112,0
DA:113,0
DA:114,0
DA:115,0
DA:116,0
DA:117,0
DA:130,0
DA:131,0
DA:132,0
DA:134,0
DA:135,0
DA:136,0
DA:137,0
DA:139,0
DA:142,0
DA:143,0
DA:145,0
DA:150,0
DA:151,0
DA:153,0
DA:157,0
DA:158,0
DA:159,0
DA:161,0
DA:162,0
DA:167,0
DA:168,0
DA:169,0
DA:170,0
DA:172,0
DA:177,0
DA:178,0
DA:191,0
DA:192,0
DA:193,0
DA:194,0
DA:195,0
DA:196,0
DA:200,0
DA:201,0
DA:203,0
DA:206,0
DA:207,0
DA:215,0
DA:239,0
DA:240,0
DA:255,0
DA:256,0
DA:257,0
DA:260,0
DA:261,0
DA:264,0
DA:265,0
DA:266,0
DA:267,0
DA:268,0
DA:270,0
DA:271,0
DA:276,0
DA:279,0
DA:280,0
DA:282,0
DA:287,0
DA:288,0
DA:289,0
DA:290,0
DA:293,0
DA:294,0
DA:295,0
DA:299,0
DA:300,0
DA:301,0
DA:302,0
DA:304,0
DA:305,0
DA:308,0
DA:309,0
DA:311,0
DA:315,0
DA:316,0
DA:317,0
DA:318,0
DA:320,0
DA:321,0
DA:322,0
DA:325,0
DA:326,0
DA:327,0
DA:328,0
DA:331,0
DA:332,0
DA:333,0
DA:336,0
DA:338,0
DA:339,0
DA:340,0
DA:342,0
DA:343,0
DA:344,0
DA:346,0
DA:347,0
DA:348,0
DA:350,0
DA:351,0
DA:352,0
DA:354,0
DA:355,0
DA:356,0
DA:358,0
DA:359,0
DA:360,0
DA:363,0
DA:383,0
DA:384,0
DA:385,0
DA:389,0
DA:398,0
DA:399,0
DA:400,0
DA:404,0
DA:418,0
DA:419,0
DA:420,0
DA:422,0
DA:423,0
DA:424,0
DA:425,0
DA:428,0
DA:436,0
DA:467,0
DA:468,0
DA:469,0
DA:472,0
DA:484,0
DA:503,0
DA:517,0
DA:531,0
DA:579,0
DA:621,0
DA:653,0
DA:655,0
DA:656,0
DA:660,0
DA:667,0
LF:164
LH:0
BRDA:95,0,0,0
BRDA:95,0,1,0
BRDA:99,1,0,0
BRDA:99,1,1,0
BRDA:100,2,0,0
BRDA:100,2,1,0
BRDA:101,3,0,0
BRDA:101,3,1,0
BRDA:102,4,0,0
BRDA:102,4,1,0
BRDA:103,5,0,0
BRDA:103,5,1,0
BRDA:104,6,0,0
BRDA:104,6,1,0
BRDA:105,7,0,0
BRDA:105,7,1,0
BRDA:106,8,0,0
BRDA:106,8,1,0
BRDA:107,9,0,0
BRDA:107,9,1,0
BRDA:108,10,0,0
BRDA:108,10,1,0
BRDA:109,11,0,0
BRDA:109,11,1,0
BRDA:109,11,2,0
BRDA:113,12,0,0
BRDA:113,12,1,0
BRDA:118,13,0,0
BRDA:118,13,1,0
BRDA:119,14,0,0
BRDA:119,14,1,0
BRDA:120,15,0,0
BRDA:120,15,1,0
BRDA:121,16,0,0
BRDA:121,16,1,0
BRDA:122,17,0,0
BRDA:122,17,1,0
BRDA:123,18,0,0
BRDA:123,18,1,0
BRDA:124,19,0,0
BRDA:124,19,1,0
BRDA:125,20,0,0
BRDA:125,20,1,0
BRDA:126,21,0,0
BRDA:126,21,1,0
BRDA:127,22,0,0
BRDA:127,22,1,0
BRDA:128,23,0,0
BRDA:128,23,1,0
BRDA:132,24,0,0
BRDA:132,24,1,0
BRDA:137,25,0,0
BRDA:137,25,1,0
BRDA:139,26,0,0
BRDA:139,26,1,0
BRDA:139,26,2,0
BRDA:139,26,3,0
BRDA:139,26,4,0
BRDA:139,26,5,0
BRDA:139,26,6,0
BRDA:139,26,7,0
BRDA:139,26,8,0
BRDA:142,27,0,0
BRDA:142,27,1,0
BRDA:142,28,0,0
BRDA:142,28,1,0
BRDA:153,29,0,0
BRDA:153,29,1,0
BRDA:153,29,2,0
BRDA:153,29,3,0
BRDA:153,29,4,0
BRDA:153,29,5,0
BRDA:153,29,6,0
BRDA:153,29,7,0
BRDA:153,29,8,0
BRDA:157,30,0,0
BRDA:157,30,1,0
BRDA:157,31,0,0
BRDA:157,31,1,0
BRDA:157,31,2,0
BRDA:157,31,3,0
BRDA:158,32,0,0
BRDA:158,32,1,0
BRDA:168,33,0,0
BRDA:168,33,1,0
BRDA:220,34,0,0
BRDA:220,34,1,0
BRDA:227,35,0,0
BRDA:227,35,1,0
BRDA:270,36,0,0
BRDA:270,36,1,0
BRDA:294,37,0,0
BRDA:294,37,1,0
BRDA:300,38,0,0
BRDA:300,38,1,0
BRDA:300,39,0,0
BRDA:300,39,1,0
BRDA:302,40,0,0
BRDA:302,40,1,0
BRDA:338,41,0,0
BRDA:338,41,1,0
BRDA:342,42,0,0
BRDA:342,42,1,0
BRDA:346,43,0,0
BRDA:346,43,1,0
BRDA:350,44,0,0
BRDA:350,44,1,0
BRDA:354,45,0,0
BRDA:354,45,1,0
BRDA:358,46,0,0
BRDA:358,46,1,0
BRDA:358,47,0,0
BRDA:358,47,1,0
BRDA:358,47,2,0
BRDA:388,48,0,0
BRDA:388,48,1,0
BRDA:391,49,0,0
BRDA:391,49,1,0
BRDA:403,50,0,0
BRDA:403,50,1,0
BRDA:411,51,0,0
BRDA:411,51,1,0
BRDA:418,52,0,0
BRDA:433,53,0,0
BRDA:433,53,1,0
BRDA:434,54,0,0
BRDA:434,54,1,0
BRDA:434,54,2,0
BRDA:438,55,0,0
BRDA:438,55,1,0
BRDA:456,56,0,0
BRDA:456,56,1,0
BRDA:457,57,0,0
BRDA:457,57,1,0
BRDA:459,58,0,0
BRDA:459,58,1,0
BRDA:471,59,0,0
BRDA:471,59,1,0
BRDA:475,60,0,0
BRDA:475,60,1,0
BRDA:487,61,0,0
BRDA:487,61,1,0
BRDA:604,62,0,0
BRDA:604,62,1,0
BRDA:607,63,0,0
BRDA:607,63,1,0
BRDA:612,64,0,0
BRDA:612,64,1,0
BRDA:629,65,0,0
BRDA:629,65,1,0
BRF:150
BRH:0
end_of_record
TN:
SF:screens/PreviewPostScreen.js
FN:10,PreviewPostScreen
FN:16,(anonymous_1)
FN:34,(anonymous_2)
FN:43,(anonymous_3)
FN:67,(anonymous_4)
FN:76,(anonymous_5)
FN:98,(anonymous_6)
FN:107,(anonymous_7)
FN:118,(anonymous_8)
FNF:9
FNH:0
FNDA:0,PreviewPostScreen
FNDA:0,(anonymous_1)
FNDA:0,(anonymous_2)
FNDA:0,(anonymous_3)
FNDA:0,(anonymous_4)
FNDA:0,(anonymous_5)
FNDA:0,(anonymous_6)
FNDA:0,(anonymous_7)
FNDA:0,(anonymous_8)
DA:11,0
DA:12,0
DA:13,0
DA:14,0
DA:16,0
DA:17,0
DA:19,0
DA:21,0
DA:22,0
DA:24,0
DA:26,0
DA:28,0
DA:35,0
DA:44,0
DA:51,0
DA:54,0
DA:55,0
DA:56,0
DA:59,0
DA:61,0
DA:68,0
DA:77,0
DA:87,0
DA:88,0
DA:90,0
DA:98,0
DA:99,0
DA:100,0
DA:101,0
DA:108,0
DA:114,0
DA:118,0
DA:119,0
DA:122,0
DA:219,0
LF:35
LH:0
BRDA:17,0,0,0
BRDA:17,0,1,0
BRDA:22,1,0,0
BRDA:22,1,1,0
BRDA:54,2,0,0
BRDA:54,2,1,0
BRDA:91,3,0,0
BRDA:91,3,1,0
BRDA:92,4,0,0
BRDA:92,4,1,0
BRDA:92,5,0,0
BRDA:92,5,1,0
BRDA:142,6,0,0
BRDA:142,6,1,0
BRDA:146,7,0,0
BRDA:146,7,1,0
BRDA:150,8,0,0
BRDA:150,8,1,0
BRDA:167,9,0,0
BRDA:167,9,1,0
BRDA:179,10,0,0
BRDA:179,10,1,0
BRDA:205,11,0,0
BRDA:205,11,1,0
BRDA:205,11,2,0
BRDA:208,12,0,0
BRDA:208,12,1,0
BRF:27
BRH:0
end_of_record
TN:
SF:screens/ProfileScreen.js
FN:22,DraftCard
FN:28,(anonymous_1)
FN:29,(anonymous_2)
FN:37,(anonymous_3)
FN:38,(anonymous_4)
FN:57,(anonymous_5)
FN:66,(anonymous_6)
FN:91,LineupCard
FN:97,(anonymous_8)
FN:105,(anonymous_9)
FN:106,(anonymous_10)
FN:126,(anonymous_11)
FN:135,(anonymous_12)
FN:164,ProfileScreen
FN:190,(anonymous_14)
FN:225,(anonymous_15)
FN:226,(anonymous_16)
FN:236,(anonymous_17)
FN:240,(anonymous_18)
FN:262,(anonymous_19)
FN:263,(anonymous_20)
FN:274,(anonymous_21)
FN:289,(anonymous_22)
FN:313,(anonymous_23)
FN:317,(anonymous_24)
FN:318,(anonymous_25)
FN:322,(anonymous_26)
FN:331,(anonymous_27)
FN:337,(anonymous_28)
FN:347,(anonymous_29)
FN:357,(anonymous_30)
FN:366,(anonymous_31)
FN:371,(anonymous_32)
FN:371,(anonymous_33)
FN:387,(anonymous_34)
FN:404,(anonymous_35)
FN:413,(anonymous_36)
FN:433,(anonymous_37)
FN:438,(anonymous_38)
FN:443,(anonymous_39)
FN:506,(anonymous_40)
FN:518,(anonymous_41)
FN:527,(anonymous_42)
FN:536,(anonymous_43)
FN:545,(anonymous_44)
FN:553,(anonymous_45)
FN:581,(anonymous_46)
FN:607,(anonymous_47)
FN:619,(anonymous_48)
FN:623,(anonymous_49)
FN:651,(anonymous_50)
FN:667,(anonymous_51)
FNF:52
FNH:0
FNDA:0,DraftCard
FNDA:0,(anonymous_1)
FNDA:0,(anonymous_2)
FNDA:0,(anonymous_3)
FNDA:0,(anonymous_4)
FNDA:0,(anonymous_5)
FNDA:0,(anonymous_6)
FNDA:0,LineupCard
FNDA:0,(anonymous_8)
FNDA:0,(anonymous_9)
FNDA:0,(anonymous_10)
FNDA:0,(anonymous_11)
FNDA:0,(anonymous_12)
FNDA:0,ProfileScreen
FNDA:0,(anonymous_14)
FNDA:0,(anonymous_15)
FNDA:0,(anonymous_16)
FNDA:0,(anonymous_17)
FNDA:0,(anonymous_18)
FNDA:0,(anonymous_19)
FNDA:0,(anonymous_20)
FNDA:0,(anonymous_21)
FNDA:0,(anonymous_22)
FNDA:0,(anonymous_23)
FNDA:0,(anonymous_24)
FNDA:0,(anonymous_25)
FNDA:0,(anonymous_26)
FNDA:0,(anonymous_27)
FNDA:0,(anonymous_28)
FNDA:0,(anonymous_29)
FNDA:0,(anonymous_30)
FNDA:0,(anonymous_31)
FNDA:0,(anonymous_32)
FNDA:0,(anonymous_33)
FNDA:0,(anonymous_34)
FNDA:0,(anonymous_35)
FNDA:0,(anonymous_36)
FNDA:0,(anonymous_37)
FNDA:0,(anonymous_38)
FNDA:0,(anonymous_39)
FNDA:0,(anonymous_40)
FNDA:0,(anonymous_41)
FNDA:0,(anonymous_42)
FNDA:0,(anonymous_43)
FNDA:0,(anonymous_44)
FNDA:0,(anonymous_45)
FNDA:0,(anonymous_46)
FNDA:0,(anonymous_47)
FNDA:0,(anonymous_48)
FNDA:0,(anonymous_49)
FNDA:0,(anonymous_50)
FNDA:0,(anonymous_51)
DA:23,0
DA:25,0
DA:28,0
DA:29,0
DA:37,0
DA:38,0
DA:58,0
DA:59,0
DA:67,0
DA:68,0
DA:92,0
DA:94,0
DA:97,0
DA:105,0
DA:106,0
DA:127,0
DA:128,0
DA:136,0
DA:137,0
DA:165,0
DA:166,0
DA:167,0
DA:168,0
DA:169,0
DA:170,0
DA:171,0
DA:173,0
DA:174,0
DA:175,0
DA:176,0
DA:177,0
DA:178,0
DA:179,0
DA:180,0
DA:182,0
DA:189,0
DA:191,0
DA:192,0
DA:197,0
DA:198,0
DA:199,0
DA:217,0
DA:218,0
DA:220,0
DA:221,0
DA:222,0
DA:225,0
DA:226,0
DA:227,0
DA:228,0
DA:229,0
DA:230,0
DA:235,0
DA:236,0
DA:240,0
DA:241,0
DA:242,0
DA:243,0
DA:245,0
DA:247,0
DA:248,0
DA:254,0
DA:258,0
DA:262,0
DA:263,0
DA:264,0
DA:265,0
DA:266,0
DA:267,0
DA:268,0
DA:271,0
DA:272,0
DA:274,0
DA:275,0
DA:276,0
DA:277,0
DA:278,0
DA:281,0
DA:282,0
DA:283,0
DA:288,0
DA:289,0
DA:293,0
DA:296,0
DA:298,0
DA:299,0
DA:305,0
DA:309,0
DA:313,0
DA:314,0
DA:317,0
DA:318,0
DA:319,0
DA:322,0
DA:323,0
DA:331,0
DA:337,0
DA:339,0
DA:347,0
DA:349,0
DA:357,0
DA:358,0
DA:367,0
DA:368,0
DA:371,0
DA:373,0
DA:375,0
DA:376,0
DA:387,0
DA:388,0
DA:390,0
DA:392,0
DA:394,0
DA:396,0
DA:398,0
DA:402,0
DA:404,0
DA:405,0
DA:406,0
DA:414,0
DA:415,0
DA:416,0
DA:417,0
DA:419,0
DA:429,0
DA:433,0
DA:434,0
DA:435,0
DA:438,0
DA:439,0
DA:440,0
DA:443,0
DA:444,0
DA:506,0
DA:518,0
DA:527,0
DA:536,0
DA:545,0
DA:553,0
DA:554,0
DA:555,0
DA:566,0
DA:568,0
DA:581,0
DA:582,0
DA:583,0
DA:585,0
DA:586,0
DA:587,0
DA:588,0
DA:589,0
DA:590,0
DA:591,0
DA:592,0
DA:593,0
DA:595,0
DA:596,0
DA:599,0
DA:607,0
DA:608,0
DA:611,0
DA:612,0
DA:613,0
DA:618,0
DA:619,0
DA:623,0
DA:624,0
DA:625,0
DA:626,0
DA:628,0
DA:630,0
DA:634,0
DA:637,0
DA:651,0
DA:667,0
DA:675,0
LF:176
LH:0
BRDA:41,0,0,0
BRDA:41,0,1,0
BRDA:76,1,0,0
BRDA:76,1,1,0
BRDA:78,2,0,0
BRDA:78,2,1,0
BRDA:79,3,0,0
BRDA:79,3,1,0
BRDA:80,4,0,0
BRDA:80,4,1,0
BRDA:100,5,0,0
BRDA:100,5,1,0
BRDA:109,6,0,0
BRDA:109,6,1,0
BRDA:115,7,0,0
BRDA:115,7,1,0
BRDA:122,8,0,0
BRDA:122,8,1,0
BRDA:197,9,0,0
BRDA:197,9,1,0
BRDA:198,10,0,0
BRDA:198,10,1,0
BRDA:208,11,0,0
BRDA:208,11,1,0
BRDA:208,11,2,0
BRDA:208,11,3,0
BRDA:213,12,0,0
BRDA:213,12,1,0
BRDA:213,12,2,0
BRDA:217,13,0,0
BRDA:217,13,1,0
BRDA:217,13,2,0
BRDA:218,14,0,0
BRDA:218,14,1,0
BRDA:218,14,2,0
BRDA:227,15,0,0
BRDA:227,15,1,0
BRDA:227,16,0,0
BRDA:227,16,1,0
BRDA:241,17,0,0
BRDA:241,17,1,0
BRDA:242,18,0,0
BRDA:242,18,1,0
BRDA:264,19,0,0
BRDA:264,19,1,0
BRDA:265,20,0,0
BRDA:265,20,1,0
BRDA:319,21,0,0
BRDA:319,21,1,0
BRDA:378,22,0,0
BRDA:378,22,1,0
BRDA:388,23,0,0
BRDA:388,23,1,0
BRDA:388,23,2,0
BRDA:388,23,3,0
BRDA:388,23,4,0
BRDA:405,24,0,0
BRDA:405,24,1,0
BRDA:415,25,0,0
BRDA:415,25,1,0
BRDA:450,26,0,0
BRDA:450,26,1,0
BRDA:472,27,0,0
BRDA:472,27,1,0
BRDA:473,28,0,0
BRDA:473,28,1,0
BRDA:517,29,0,0
BRDA:517,29,1,0
BRDA:520,30,0,0
BRDA:520,30,1,0
BRDA:526,31,0,0
BRDA:526,31,1,0
BRDA:529,32,0,0
BRDA:529,32,1,0
BRDA:535,33,0,0
BRDA:535,33,1,0
BRDA:538,34,0,0
BRDA:538,34,1,0
BRDA:554,35,0,0
BRDA:554,35,1,0
BRDA:585,36,0,0
BRDA:585,36,1,0
BRDA:588,37,0,0
BRDA:588,37,1,0
BRDA:591,38,0,0
BRDA:591,38,1,0
BRDA:611,39,0,0
BRDA:611,39,1,0
BRDA:611,40,0,0
BRDA:611,40,1,0
BRDA:624,41,0,0
BRDA:624,41,1,0
BRDA:625,42,0,0
BRDA:625,42,1,0
BRDA:641,43,0,0
BRDA:641,43,1,0
BRDA:645,44,0,0
BRDA:645,44,1,0
BRF:98
BRH:0
end_of_record
TN:
SF:screens/RoomScreen.js
FN:32,RoomScreen
FN:81,(anonymous_1)
FN:83,(anonymous_2)
FN:89,(anonymous_3)
FN:97,(anonymous_4)
FN:98,(anonymous_5)
FN:117,(anonymous_6)
FN:125,(anonymous_7)
FN:144,(anonymous_8)
FN:145,(anonymous_9)
FN:163,(anonymous_10)
FN:170,(anonymous_11)
FN:187,(anonymous_12)
FN:188,(anonymous_13)
FN:196,(anonymous_14)
FN:196,(anonymous_15)
FN:201,(anonymous_16)
FN:204,(anonymous_17)
FN:207,(anonymous_18)
FN:212,(anonymous_19)
FN:214,(anonymous_20)
FN:217,(anonymous_21)
FN:222,(anonymous_22)
FN:226,(anonymous_23)
FN:235,(anonymous_24)
FN:236,(anonymous_25)
FN:243,(anonymous_26)
FN:247,(anonymous_27)
FN:253,(anonymous_28)
FN:257,(anonymous_29)
FN:263,(anonymous_30)
FN:269,(anonymous_31)
FN:272,(anonymous_32)
FN:276,(anonymous_33)
FN:287,(anonymous_34)
FN:293,(anonymous_35)
FN:309,(anonymous_36)
FN:317,(anonymous_37)
FN:320,(anonymous_38)
FN:331,(anonymous_39)
FN:338,(anonymous_40)
FN:345,(anonymous_41)
FN:355,(anonymous_42)
FN:373,(anonymous_43)
FN:396,(anonymous_44)
[...]
DA:60,0
DA:62,0
DA:65,0
DA:68,0
DA:69,0
DA:70,0
DA:71,0
DA:72,0
DA:73,0
DA:74,0
DA:75,0
DA:77,0
DA:79,0
DA:81,0
DA:85,0
DA:86,0
DA:90,0
DA:91,0
DA:94,0
DA:95,0
DA:96,0
DA:102,0
DA:141,0
DA:150,0
LF:52
LH:0
BRDA:14,0,0,0
BRDA:14,0,1,0
BRDA:15,1,0,0
BRDA:15,1,1,0
BRDA:23,2,0,0
BRDA:23,2,1,0
BRDA:23,2,2,0
BRDA:33,3,0,0
BRDA:33,3,1,0
BRDA:42,4,0,0
BRDA:42,4,1,0
BRDA:54,5,0,0
BRDA:54,5,1,0
BRDA:54,6,0,0
BRDA:54,6,1,0
BRDA:56,7,0,0
BRDA:56,7,1,0
BRDA:57,8,0,0
BRDA:57,8,1,0
BRDA:57,9,0,0
BRDA:57,9,1,0
BRDA:60,10,0,0
BRDA:60,10,1,0
BRDA:60,10,2,0
BRDA:70,11,0,0
BRDA:70,11,1,0
BRDA:74,12,0,0
BRDA:74,12,1,0
BRDA:85,13,0,0
BRDA:85,13,1,0
BRDA:95,14,0,0
BRDA:95,14,1,0
BRDA:98,15,0,0
BRDA:98,15,1,0
BRDA:105,16,0,0
BRDA:105,16,1,0
BRDA:107,17,0,0
BRDA:107,17,1,0
BRDA:108,18,0,0
BRDA:108,18,1,0
BRDA:110,19,0,0
BRDA:110,19,1,0
BRDA:114,20,0,0
BRDA:114,20,1,0
BRDA:114,20,2,0
BRDA:116,21,0,0
BRDA:116,21,1,0
BRDA:125,22,0,0
BRDA:125,22,1,0
BRDA:130,23,0,0
BRDA:130,23,1,0
BRF:51
BRH:0
end_of_record
TN:
SF:screens/TacticsHubScreen.js
FN:14,TacticsHubScreen
FN:41,(anonymous_1)
FN:47,(anonymous_2)
FN:58,(anonymous_3)
FN:58,(anonymous_4)
FN:62,(anonymous_5)
FN:65,(anonymous_6)
FN:78,(anonymous_7)
FN:93,(anonymous_8)
FN:98,(anonymous_9)
FN:118,(anonymous_10)
FN:140,(anonymous_11)
FN:144,(anonymous_12)
FN:150,(anonymous_13)
FN:152,(anonymous_14)
FN:153,(anonymous_15)
FN:156,(anonymous_16)
FN:158,(anonymous_17)
FN:166,(anonymous_18)
FN:169,(anonymous_19)
FN:175,(anonymous_20)
FN:195,(anonymous_21)
FN:199,(anonymous_22)
FN:203,(anonymous_23)
FN:209,(anonymous_24)
FN:215,(anonymous_25)
FN:223,(anonymous_26)
FN:227,(anonymous_27)
FN:232,(anonymous_28)
FN:239,(anonymous_29)
FN:255,(anonymous_30)
FN:256,(anonymous_31)
FN:263,(anonymous_32)
FN:277,(anonymous_33)
FN:288,(anonymous_34)
FN:304,(anonymous_35)
FN:320,(anonymous_36)
FN:339,(anonymous_37)
FN:343,(anonymous_38)
FN:360,(anonymous_39)
FN:366,(anonymous_40)
FNF:41
FNH:27
FNDA:4,TacticsHubScreen
FNDA:1,(anonymous_1)
FNDA:1,(anonymous_2)
FNDA:1,(anonymous_3)
FNDA:1,(anonymous_4)
FNDA:1,(anonymous_5)
FNDA:1,(anonymous_6)
FNDA:1,(anonymous_7)
FNDA:1,(anonymous_8)
FNDA:1,(anonymous_9)
FNDA:1,(anonymous_10)
FNDA:1,(anonymous_11)
FNDA:1,(anonymous_12)
FNDA:1,(anonymous_13)
FNDA:0,(anonymous_14)
FNDA:0,(anonymous_15)
FNDA:2,(anonymous_16)
FNDA:1,(anonymous_17)
FNDA:1,(anonymous_18)
FNDA:1,(anonymous_19)
FNDA:0,(anonymous_20)
FNDA:2,(anonymous_21)
FNDA:4,(anonymous_22)
FNDA:0,(anonymous_23)
FNDA:0,(anonymous_24)
FNDA:0,(anonymous_25)
FNDA:0,(anonymous_26)
FNDA:0,(anonymous_27)
FNDA:0,(anonymous_28)
FNDA:0,(anonymous_29)
FNDA:1,(anonymous_30)
FNDA:0,(anonymous_31)
FNDA:0,(anonymous_32)
FNDA:3,(anonymous_33)
FNDA:2,(anonymous_34)
FNDA:1,(anonymous_35)
FNDA:0,(anonymous_36)
FNDA:8,(anonymous_37)
FNDA:1,(anonymous_38)
FNDA:8,(anonymous_39)
FNDA:0,(anonymous_40)
DA:15,4
DA:17,4
DA:21,4
DA:22,4
DA:23,4
DA:24,4
DA:25,4
DA:26,4
DA:27,4
DA:28,4
DA:29,4
DA:30,4
DA:31,4
DA:32,4
DA:34,4
DA:41,4
DA:42,1
DA:43,0
DA:47,4
DA:49,1
DA:52,1
DA:53,0
DA:57,4
DA:58,1
DA:62,4
DA:63,1
DA:64,1
DA:65,1
DA:66,1
DA:67,1
DA:68,1
DA:69,0
DA:70,0
DA:71,0
DA:72,0
DA:76,1
DA:77,1
DA:78,1
DA:79,1
DA:80,1
DA:81,1
DA:84,0
DA:86,1
DA:87,1
DA:92,1
DA:93,1
DA:94,1
DA:98,4
DA:99,1
DA:100,0
DA:101,0
DA:102,0
DA:105,1
DA:106,1
DA:107,1
DA:108,0
DA:109,0
DA:110,0
DA:111,0
DA:112,0
DA:116,1
DA:117,1
DA:118,1
DA:119,1
DA:125,1
DA:130,1
DA:131,1
DA:132,1
DA:134,0
DA:136,1
DA:140,4
DA:141,1
DA:144,4
DA:145,1
DA:146,0
DA:150,4
DA:151,1
DA:152,0
DA:153,0
DA:156,4
DA:157,2
DA:158,2
DA:159,1
DA:160,1
DA:161,1
DA:165,4
DA:167,1
DA:168,1
DA:169,1
DA:172,1
DA:175,0
DA:178,1
DA:179,1
DA:180,1
DA:182,1
DA:194,4
DA:195,2
DA:199,4
DA:200,4
DA:201,4
DA:202,4
DA:204,0
DA:208,4
DA:210,0
DA:214,4
DA:215,4
DA:216,0
DA:217,0
DA:220,4
DA:223,4
DA:224,0
DA:227,4
DA:228,0
DA:232,0
DA:234,0
DA:235,0
DA:236,0
DA:239,4
DA:240,0
DA:241,0
DA:242,0
DA:244,0
DA:245,0
DA:246,0
DA:248,0
DA:255,4
DA:256,1
DA:257,0
DA:263,1
DA:265,1
DA:277,4
DA:278,3
DA:288,2
DA:304,4
DA:305,1
DA:320,0
DA:335,4
DA:340,8
DA:343,1
DA:361,8
DA:362,8
DA:366,0
DA:387,1
LF:143
LH:103
BRDA:17,0,0,4
BRDA:17,0,1,0
BRDA:17,0,2,0
BRDA:17,0,3,0
BRDA:31,1,0,4
BRDA:31,1,1,3
BRDA:42,2,0,0
BRDA:42,2,1,1
BRDA:42,3,0,1
BRDA:42,3,1,0
BRDA:42,3,2,0
BRDA:49,4,0,1
BRDA:49,4,1,0
BRDA:49,4,2,0
BRDA:52,5,0,0
BRDA:52,5,1,1
BRDA:52,6,0,1
BRDA:52,6,1,1
BRDA:58,7,0,1
BRDA:58,7,1,0
BRDA:63,8,0,0
BRDA:63,8,1,1
BRDA:68,9,0,0
BRDA:68,9,1,1
BRDA:71,10,0,0
BRDA:71,10,1,0
BRDA:79,11,0,1
BRDA:79,11,1,0
BRDA:80,12,0,1
BRDA:80,12,1,0
BRDA:81,13,0,1
BRDA:81,13,1,0
BRDA:86,14,0,1
BRDA:86,14,1,0
BRDA:99,15,0,0
BRDA:99,15,1,1
BRDA:105,16,0,1
BRDA:105,16,1,0
BRDA:107,17,0,0
BRDA:107,17,1,1
BRDA:108,18,0,0
BRDA:108,18,1,0
BRDA:109,19,0,0
BRDA:109,19,1,0
BRDA:111,20,0,0
BRDA:111,20,1,0
BRDA:121,21,0,1
BRDA:121,21,1,0
BRDA:126,22,0,1
BRDA:126,22,1,0
BRDA:127,23,0,1
BRDA:127,23,1,0
BRDA:130,24,0,1
BRDA:130,24,1,0
BRDA:131,25,0,1
BRDA:131,25,1,0
BRDA:145,26,0,0
BRDA:145,26,1,1
BRDA:151,27,0,1
BRDA:151,27,1,0
BRDA:157,28,0,0
BRDA:157,28,1,2
BRDA:167,29,0,1
BRDA:167,29,1,0
BRDA:167,29,2,0
BRDA:169,30,0,1
BRDA:169,30,1,0
BRDA:169,30,2,0
BRDA:172,31,0,1
BRDA:172,31,1,0
BRDA:175,32,0,0
BRDA:175,32,1,0
BRDA:175,33,0,0
BRDA:175,33,1,0
BRDA:178,34,0,1
BRDA:178,34,1,0
BRDA:179,35,0,0
BRDA:179,35,1,1
BRDA:180,36,0,0
BRDA:180,36,1,1
BRDA:180,37,0,1
BRDA:180,37,1,0
BRDA:184,38,0,1
BRDA:184,38,1,0
BRDA:188,39,0,1
BRDA:188,39,1,0
BRDA:188,39,2,0
BRDA:195,40,0,2
BRDA:195,40,1,0
BRDA:200,41,0,0
BRDA:200,41,1,4
BRDA:202,42,0,4
BRDA:202,42,1,0
BRDA:204,43,0,0
BRDA:204,43,1,0
BRDA:205,44,0,0
BRDA:205,44,1,0
BRDA:208,45,0,4
BRDA:208,45,1,0
BRDA:210,46,0,0
BRDA:210,46,1,0
BRDA:211,47,0,0
BRDA:211,47,1,0
BRDA:230,48,0,0
BRDA:230,48,1,0
BRDA:231,49,0,0
BRDA:231,49,1,0
BRDA:232,50,0,0
BRDA:232,50,1,0
BRDA:232,51,0,0
BRDA:232,51,1,0
BRDA:236,52,0,0
BRDA:236,52,1,0
BRDA:240,53,0,0
BRDA:240,53,1,0
BRDA:244,54,0,0
BRDA:244,54,1,0
BRDA:279,55,0,1
BRDA:279,55,1,2
BRDA:279,56,0,3
BRDA:279,56,1,2
BRDA:342,57,0,8
BRDA:342,57,1,4
BRDA:349,58,0,8
BRDA:349,58,1,4
BRDA:352,59,0,4
BRDA:352,59,1,4
BRDA:365,60,0,8
BRDA:365,60,1,4
BRDA:368,61,0,8
BRDA:368,61,1,4
BRDA:369,62,0,4
BRDA:369,62,1,4
BRDA:376,63,0,0
BRDA:376,63,1,4
BRDA:382,64,0,3
BRDA:382,64,1,1
BRF:137
BRH:59
end_of_record
TN:
SF:screens/TacticsMapSelectScreen.js
FN:6,TacticsMapSelectScreen
FN:9,(anonymous_1)
FN:11,(anonymous_2)
FN:14,(anonymous_3)
FN:19,(anonymous_4)
FN:22,(anonymous_5)
FN:60,(anonymous_6)
FN:69,(anonymous_7)
FN:78,(anonymous_8)
FN:89,(anonymous_9)
FNF:10
FNH:0
FNDA:0,TacticsMapSelectScreen
FNDA:0,(anonymous_1)
FNDA:0,(anonymous_2)
FNDA:0,(anonymous_3)
FNDA:0,(anonymous_4)
FNDA:0,(anonymous_5)
FNDA:0,(anonymous_6)
FNDA:0,(anonymous_7)
FNDA:0,(anonymous_8)
FNDA:0,(anonymous_9)
DA:7,0
DA:9,0
DA:10,0
DA:11,0
DA:13,0
DA:14,0
DA:16,0
DA:19,0
DA:20,0
DA:23,0
DA:24,0
DA:55,0
DA:60,0
DA:69,0
DA:78,0
DA:89,0
DA:97,0
LF:17
LH:0
BRDA:10,0,0,0
BRDA:10,0,1,0
BRDA:13,1,0,0
BRDA:13,1,1,0
BRDA:23,2,0,0
BRDA:23,2,1,0
BRDA:36,3,0,0
BRDA:36,3,1,0
BRDA:46,4,0,0
BRDA:46,4,1,0
BRDA:59,5,0,0
BRDA:59,5,1,0
BRDA:62,6,0,0
BRDA:62,6,1,0
BRDA:68,7,0,0
BRDA:68,7,1,0
BRDA:71,8,0,0
BRDA:71,8,1,0
BRDA:77,9,0,0
BRDA:77,9,1,0
BRDA:80,10,0,0
BRDA:80,10,1,0
BRF:22
BRH:0
end_of_record
TN:
SF:screens/UserProfileScreen.js
FN:15,LineupCard
FN:21,(anonymous_1)
FN:29,(anonymous_2)
FN:30,(anonymous_3)
FN:64,UserProfileScreen
FN:77,(anonymous_5)
FN:88,(anonymous_6)
FN:102,(anonymous_7)
FN:119,(anonymous_8)
FN:129,(anonymous_9)
FN:146,(anonymous_10)
FN:151,(anonymous_11)
FN:157,(anonymous_12)
FN:172,(anonymous_13)
FN:176,(anonymous_14)
FN:177,(anonymous_15)
FN:181,(anonymous_16)
FN:199,(anonymous_17)
FN:293,(anonymous_18)
FN:302,(anonymous_19)
FN:320,(anonymous_20)
FN:357,(anonymous_21)
FNF:22
FNH:0
FNDA:0,LineupCard
FNDA:0,(anonymous_1)
FNDA:0,(anonymous_2)
FNDA:0,(anonymous_3)
FNDA:0,UserProfileScreen
FNDA:0,(anonymous_5)
FNDA:0,(anonymous_6)
FNDA:0,(anonymous_7)
FNDA:0,(anonymous_8)
FNDA:0,(anonymous_9)
FNDA:0,(anonymous_10)
FNDA:0,(anonymous_11)
FNDA:0,(anonymous_12)
FNDA:0,(anonymous_13)
FNDA:0,(anonymous_14)
FNDA:0,(anonymous_15)
FNDA:0,(anonymous_16)
FNDA:0,(anonymous_17)
FNDA:0,(anonymous_18)
FNDA:0,(anonymous_19)
FNDA:0,(anonymous_20)
FNDA:0,(anonymous_21)
DA:16,0
DA:18,0
DA:21,0
DA:29,0
DA:30,0
DA:65,0
DA:66,0
DA:67,0
DA:68,0
DA:69,0
DA:70,0
DA:71,0
DA:72,0
DA:73,0
DA:74,0
DA:75,0
DA:77,0
DA:78,0
DA:79,0
DA:80,0
DA:81,0
DA:83,0
DA:87,0
DA:89,0
DA:90,0
DA:91,0
DA:92,0
DA:95,0
DA:96,0
DA:101,0
DA:102,0
DA:107,0
DA:111,0
DA:112,0
DA:113,0
DA:118,0
DA:119,0
DA:124,0
DA:129,0
DA:130,0
DA:131,0
DA:132,0
DA:135,0
DA:137,0
DA:138,0
DA:140,0
DA:146,0
DA:147,0
DA:151,0
DA:152,0
DA:156,0
DA:158,0
DA:162,0
DA:163,0
DA:166,0
DA:167,0
DA:172,0
DA:173,0
DA:176,0
DA:177,0
DA:178,0
DA:181,0
DA:182,0
DA:183,0
DA:184,0
DA:185,0
DA:187,0
DA:188,0
DA:189,0
DA:191,0
DA:193,0
DA:195,0
DA:199,0
DA:200,0
DA:293,0
DA:294,0
DA:302,0
DA:303,0
DA:304,0
DA:312,0
DA:320,0
DA:321,0
DA:322,0
DA:323,0
DA:324,0
DA:325,0
DA:328,0
DA:329,0
DA:336,0
DA:337,0
DA:347,0
DA:357,0
DA:375,0
LF:93
LH:0
BRDA:24,0,0,0
BRDA:24,0,1,0
BRDA:33,1,0,0
BRDA:33,1,1,0
BRDA:39,2,0,0
BRDA:39,2,1,0
BRDA:81,3,0,0
BRDA:81,3,1,0
BRDA:89,4,0,0
BRDA:89,4,1,0
BRDA:111,5,0,0
BRDA:111,5,1,0
BRDA:111,6,0,0
BRDA:111,6,1,0
BRDA:111,6,2,0
BRDA:130,7,0,0
BRDA:130,7,1,0
BRDA:131,8,0,0
BRDA:131,8,1,0
BRDA:162,9,0,0
BRDA:162,9,1,0
BRDA:166,10,0,0
BRDA:166,10,1,0
BRDA:166,11,0,0
BRDA:166,11,1,0
BRDA:167,12,0,0
BRDA:167,12,1,0
BRDA:169,13,0,0
BRDA:169,13,1,0
BRDA:178,14,0,0
BRDA:178,14,1,0
BRDA:182,15,0,0
BRDA:182,15,1,0
BRDA:183,16,0,0
BRDA:183,16,1,0
BRDA:184,17,0,0
BRDA:184,17,1,0
BRDA:188,18,0,0
BRDA:188,18,1,0
BRDA:206,19,0,0
BRDA:206,19,1,0
BRDA:222,20,0,0
BRDA:222,20,1,0
BRDA:223,21,0,0
BRDA:223,21,1,0
BRDA:227,22,0,0
BRDA:227,22,1,0
BRDA:234,23,0,0
BRDA:234,23,1,0
BRDA:250,24,0,0
BRDA:250,24,1,0
BRDA:266,25,0,0
BRDA:266,25,1,0
BRDA:270,26,0,0
BRDA:270,26,1,0
BRDA:277,27,0,0
BRDA:277,27,1,0
BRDA:279,28,0,0
BRDA:279,28,1,0
BRDA:303,29,0,0
BRDA:303,29,1,0
BRDA:323,30,0,0
BRDA:323,30,1,0
BRDA:324,31,0,0
BRDA:324,31,1,0
BRDA:328,32,0,0
BRDA:328,32,1,0
BRDA:336,33,0,0
BRDA:336,33,1,0
BRDA:351,34,0,0
BRDA:351,34,1,0
BRF:71
BRH:0
end_of_record
TN:
SF:services/dataCache.js
FN:7,(anonymous_0)
FN:9,(anonymous_1)
FN:18,(anonymous_2)
FN:23,(anonymous_3)
FN:36,(anonymous_4)
FN:41,(anonymous_5)
FN:59,(anonymous_6)
FN:69,(anonymous_7)
FN:79,(anonymous_8)
FN:87,(anonymous_9)
FN:92,(anonymous_10)
FNF:11
FNH:10
FNDA:61,(anonymous_0)
FNDA:14,(anonymous_1)
FNDA:5,(anonymous_2)
FNDA:16,(anonymous_3)
FNDA:13,(anonymous_4)
FNDA:9,(anonymous_5)
FNDA:9,(anonymous_6)
FNDA:14,(anonymous_7)
FNDA:9,(anonymous_8)
FNDA:7,(anonymous_9)
FNDA:0,(anonymous_10)
DA:3,6
DA:4,6
DA:5,6
DA:7,61
DA:9,6
DA:10,14
DA:11,14
DA:18,6
DA:19,5
DA:20,5
DA:23,6
DA:24,16
DA:25,12
DA:26,12
DA:27,4
DA:36,6
DA:37,13
DA:38,9
DA:41,6
DA:42,9
DA:43,5
DA:44,5
DA:45,5
DA:46,1
DA:47,1
DA:55,0
DA:59,6
DA:60,9
DA:61,5
DA:62,5
DA:63,5
DA:69,6
DA:70,14
DA:71,4
DA:73,10
DA:74,1
DA:77,9
DA:80,9
DA:83,9
DA:84,9
DA:87,6
DA:88,7
DA:89,7
DA:90,7
DA:92,0
DA:93,0
DA:94,0
LF:47
LH:43
BRDA:19,0,0,0
BRDA:19,0,1,5
BRDA:24,1,0,4
BRDA:24,1,1,12
BRDA:26,2,0,8
BRDA:26,2,1,4
BRDA:37,3,0,4
BRDA:37,3,1,9
BRDA:42,4,0,4
BRDA:42,4,1,5
BRDA:45,5,0,4
BRDA:45,5,1,1
BRDA:60,6,0,4
BRDA:60,6,1,5
BRDA:70,7,0,4
BRDA:70,7,1,10
BRDA:73,8,0,1
BRDA:73,8,1,9
BRDA:87,9,0,7
BRDA:88,10,0,7
BRDA:88,10,1,0
BRDA:93,11,0,0
BRDA:93,11,1,0
BRF:23
BRH:19
end_of_record
TN:
SF:services/firestoreClient.js
FN:10,(anonymous_0)
FN:17,(anonymous_1)
FN:22,(anonymous_2)
FN:27,(anonymous_3)
FN:32,(anonymous_4)
FN:37,(anonymous_5)
FN:42,(anonymous_6)
FN:47,(anonymous_7)
FN:52,(anonymous_8)
FN:56,(anonymous_9)
FNF:10
FNH:10
FNDA:69,(anonymous_0)
FNDA:23,(anonymous_1)
FNDA:16,(anonymous_2)
FNDA:2,(anonymous_3)
FNDA:12,(anonymous_4)
FNDA:4,(anonymous_5)
FNDA:1,(anonymous_6)
FNDA:8,(anonymous_7)
FNDA:11,(anonymous_8)
FNDA:11,(anonymous_9)
DA:10,13
DA:11,69
DA:12,69
DA:13,59
DA:14,9
DA:17,13
DA:18,23
DA:19,23
DA:22,13
DA:23,16
DA:24,16
DA:27,13
DA:28,2
DA:29,2
DA:32,13
DA:33,12
DA:34,12
DA:37,13
DA:38,4
DA:39,4
DA:42,13
DA:43,1
DA:44,1
DA:47,13
DA:48,8
DA:49,8
DA:52,13
DA:53,11
DA:54,11
DA:55,11
DA:56,11
DA:57,11
DA:58,11
DA:59,11
DA:60,11
DA:61,11
LF:36
LH:36
BRDA:11,0,0,0
BRDA:11,0,1,69
BRDA:12,1,0,10
BRDA:12,1,1,59
BRDA:13,2,0,50
BRDA:13,2,1,9
BRDA:57,3,0,0
BRDA:57,3,1,11
BRDA:60,4,0,11
BRDA:60,4,1,0
BRF:10
BRH:7
end_of_record
TN:
SF:services/lineupService.js
FN:15,(anonymous_0)
FN:25,(anonymous_1)
FN:38,(anonymous_2)
FN:61,(anonymous_3)
FN:74,(anonymous_4)
FN:84,(anonymous_5)
FN:97,(anonymous_6)
FN:107,(anonymous_7)
FN:120,(anonymous_8)
FN:134,(anonymous_9)
FN:145,(anonymous_10)
FN:165,(anonymous_11)
FN:175,(anonymous_12)
FNF:13
FNH:0
FNDA:0,(anonymous_0)
FNDA:0,(anonymous_1)
FNDA:0,(anonymous_2)
FNDA:0,(anonymous_3)
FNDA:0,(anonymous_4)
FNDA:0,(anonymous_5)
FNDA:0,(anonymous_6)
FNDA:0,(anonymous_7)
FNDA:0,(anonymous_8)
FNDA:0,(anonymous_9)
FNDA:0,(anonymous_10)
FNDA:0,(anonymous_11)
FNDA:0,(anonymous_12)
DA:15,0
DA:16,0
DA:17,0
DA:24,0
DA:25,0
DA:30,0
DA:32,0
DA:33,0
DA:38,0
DA:39,0
DA:40,0
DA:47,0
DA:48,0
DA:50,0
DA:51,0
DA:53,0
DA:54,0
DA:58,0
DA:60,0
DA:61,0
DA:66,0
DA:68,0
DA:69,0
DA:74,0
DA:75,0
DA:76,0
DA:83,0
DA:84,0
DA:89,0
DA:91,0
DA:92,0
DA:97,0
DA:98,0
DA:99,0
DA:106,0
DA:107,0
DA:112,0
DA:114,0
DA:115,0
DA:120,0
DA:121,0
DA:122,0
DA:123,0
DA:124,0
DA:125,0
DA:127,0
DA:133,0
DA:134,0
DA:139,0
DA:140,0
DA:145,0
DA:146,0
DA:147,0
DA:148,0
DA:150,0
DA:151,0
DA:157,0
DA:159,0
DA:160,0
DA:165,0
DA:166,0
DA:167,0
DA:174,0
DA:175,0
DA:180,0
DA:182,0
DA:183,0
LF:67
LH:0
BRDA:38,0,0,0
BRDA:47,1,0,0
BRDA:47,1,1,0
BRDA:50,2,0,0
BRDA:50,2,1,0
BRDA:53,3,0,0
BRDA:53,3,1,0
BRDA:74,4,0,0
BRDA:121,5,0,0
BRDA:121,5,1,0
BRDA:124,6,0,0
BRDA:124,6,1,0
BRDA:125,7,0,0
BRDA:125,7,1,0
BRDA:150,8,0,0
BRDA:150,8,1,0
BRDA:165,9,0,0
BRF:17
BRH:0
end_of_record
TN:
SF:services/perfMonitor.js
FN:3,(anonymous_0)
FN:10,(anonymous_1)
FN:17,(anonymous_2)
FN:38,(anonymous_3)
FN:45,(anonymous_4)
FN:49,(anonymous_5)
FN:66,(anonymous_6)
FN:74,(anonymous_7)
FN:82,(anonymous_8)
FN:100,(anonymous_9)
FN:107,(anonymous_10)
FN:115,(anonymous_11)
FN:128,(anonymous_12)
FN:137,(anonymous_13)
FNF:14
FNH:14
FNDA:202,(anonymous_0)
FNDA:84,(anonymous_1)
FNDA:20,(anonymous_2)
FNDA:212,(anonymous_3)
FNDA:9,(anonymous_4)
FNDA:16,(anonymous_5)
FNDA:16,(anonymous_6)
FNDA:16,(anonymous_7)
FNDA:16,(anonymous_8)
FNDA:50,(anonymous_9)
FNDA:66,(anonymous_10)
FNDA:11,(anonymous_11)
FNDA:11,(anonymous_12)
FNDA:10,(anonymous_13)
DA:1,14
DA:3,14
DA:4,202
DA:5,202
DA:7,0
DA:10,14
DA:11,84
DA:12,84
DA:14,0
DA:17,20
DA:38,14
DA:39,212
DA:40,11
DA:42,212
DA:45,14
DA:46,9
DA:49,14
DA:50,16
DA:51,16
DA:52,16
DA:53,16
DA:54,16
DA:63,16
DA:66,14
DA:67,16
DA:68,16
DA:69,16
DA:70,16
DA:71,16
DA:74,14
DA:75,16
DA:76,16
DA:77,16
DA:78,16
DA:79,16
DA:82,14
DA:83,16
DA:84,16
DA:85,16
DA:86,16
DA:87,16
DA:88,16
DA:97,16
DA:100,14
DA:101,50
DA:102,50
DA:103,50
DA:104,50
DA:107,14
DA:108,66
DA:109,66
DA:110,66
DA:111,66
DA:112,66
DA:115,14
DA:116,11
DA:117,11
DA:118,11
DA:119,11
DA:120,11
DA:121,11
DA:122,11
DA:123,11
DA:124,11
DA:125,11
DA:128,14
DA:129,11
DA:130,11
DA:131,11
DA:132,11
DA:133,11
DA:134,11
DA:137,14
DA:138,10
DA:139,10
DA:157,14
LF:76
LH:74
BRDA:4,0,0,202
BRDA:4,0,1,0
BRDA:5,1,0,202
BRDA:5,1,1,0
BRDA:11,2,0,84
BRDA:11,2,1,0
BRDA:11,3,0,84
BRDA:11,3,1,84
BRDA:39,4,0,11
BRDA:39,4,1,201
BRDA:50,5,0,0
BRDA:50,5,1,16
BRDA:53,6,0,16
BRDA:53,6,1,0
BRDA:56,7,0,16
BRDA:56,7,1,0
BRDA:57,8,0,16
BRDA:57,8,1,0
BRDA:67,9,0,0
BRDA:67,9,1,16
BRDA:67,10,0,16
BRDA:67,10,1,16
BRDA:70,11,0,0
BRDA:70,11,1,16
BRDA:70,12,0,16
BRDA:70,12,1,16
BRDA:75,13,0,0
BRDA:75,13,1,16
BRDA:75,14,0,16
BRDA:75,14,1,16
BRDA:78,15,0,0
BRDA:78,15,1,16
BRDA:78,16,0,16
BRDA:78,16,1,16
BRDA:83,17,0,0
BRDA:83,17,1,16
BRDA:83,18,0,16
BRDA:83,18,1,16
BRDA:86,19,0,0
BRDA:86,19,1,16
BRDA:91,20,0,16
BRDA:91,20,1,0
BRDA:93,21,0,16
BRDA:93,21,1,0
BRDA:95,22,0,16
BRDA:95,22,1,0
BRDA:101,23,0,0
BRDA:101,23,1,50
BRDA:103,24,0,50
BRDA:103,24,1,0
BRDA:104,25,0,50
BRDA:104,25,1,17
BRDA:107,26,0,0
BRDA:108,27,0,0
BRDA:108,27,1,66
BRDA:112,28,0,66
BRDA:112,28,1,44
BRDA:115,29,0,0
BRDA:116,30,0,0
BRDA:116,30,1,11
BRDA:124,31,0,11
BRDA:124,31,1,10
BRDA:129,32,0,0
BRDA:129,32,1,11
BRDA:129,33,0,11
BRDA:129,33,1,11
BRDA:131,34,0,0
BRDA:131,34,1,11
BRF:68
BRH:44
end_of_record
TN:
SF:services/postService.js
FN:20,(anonymous_0)
FN:55,(anonymous_1)
FN:96,(anonymous_2)
FN:173,(anonymous_3)
FN:237,(anonymous_4)
FN:272,(anonymous_5)
FNF:6
FNH:5
FNDA:6,(anonymous_0)
FNDA:6,(anonymous_1)
FNDA:4,(anonymous_2)
FNDA:3,(anonymous_3)
FNDA:3,(anonymous_4)
FNDA:0,(anonymous_5)
DA:20,2
DA:21,6
DA:23,6
DA:25,6
DA:40,6
DA:42,0
DA:44,0
DA:55,2
DA:56,6
DA:59,6
DA:60,0
DA:63,6
DA:65,6
DA:68,6
DA:69,6
DA:71,6
DA:72,6
DA:73,6
DA:75,6
DA:76,3
DA:79,3
DA:80,3
DA:83,3
DA:85,3
DA:86,3
DA:96,2
DA:97,4
DA:98,2
DA:101,2
DA:103,2
DA:113,1
DA:116,1
DA:157,1
DA:159,1
DA:161,1
DA:162,1
DA:173,2
DA:174,3
DA:175,0
DA:178,3
DA:180,3
DA:181,3
DA:183,3
DA:184,0
DA:187,3
DA:188,3
DA:189,2
DA:193,1
DA:197,1
DA:201,1
DA:205,1
DA:210,1
DA:224,1
DA:226,2
DA:227,2
DA:237,2
DA:238,3
DA:239,0
DA:242,3
DA:244,3
DA:245,3
DA:247,3
DA:248,0
DA:251,3
DA:252,3
DA:253,2
DA:260,1
DA:262,2
DA:263,2
DA:272,2
DA:273,0
DA:274,0
DA:275,0
DA:277,0
DA:278,0
DA:281,0
DA:286,0
DA:287,0
LF:78
LH:63
BRDA:20,0,0,0
BRDA:56,1,0,0
BRDA:56,1,1,6
BRDA:59,2,0,0
BRDA:59,2,1,6
BRDA:79,3,0,3
BRDA:79,3,1,0
BRDA:97,4,0,2
BRDA:97,4,1,2
BRDA:107,5,0,0
BRDA:107,5,1,2
BRDA:113,6,0,1
BRDA:113,6,1,0
BRDA:119,7,0,1
BRDA:119,7,1,0
BRDA:120,8,0,1
BRDA:120,8,1,0
BRDA:123,9,0,1
BRDA:123,9,1,0
BRDA:136,10,0,1
BRDA:136,10,1,0
BRDA:136,10,2,0
BRDA:137,11,0,1
BRDA:137,11,1,1
BRDA:138,12,0,1
BRDA:138,12,1,1
BRDA:139,13,0,1
BRDA:139,13,1,1
BRDA:174,14,0,0
BRDA:174,14,1,3
BRDA:183,15,0,0
BRDA:183,15,1,3
BRDA:188,16,0,2
BRDA:188,16,1,1
BRDA:193,17,0,0
BRDA:193,17,1,1
BRDA:197,18,0,0
BRDA:197,18,1,1
BRDA:201,19,0,0
BRDA:201,19,1,1
BRDA:205,20,0,0
BRDA:205,20,1,1
BRDA:205,21,0,1
BRDA:205,21,1,0
BRDA:207,22,0,1
BRDA:207,22,1,1
BRDA:212,23,0,1
BRDA:212,23,1,1
BRDA:213,24,0,1
BRDA:213,24,1,1
BRDA:238,25,0,0
BRDA:238,25,1,3
BRDA:247,26,0,0
BRDA:247,26,1,3
BRDA:252,27,0,2
BRDA:252,27,1,1
BRDA:277,28,0,0
BRDA:277,28,1,0
BRF:58
BRH:36
end_of_record
TN:
SF:services/tacticService.js
FN:16,(anonymous_0)
FN:40,(anonymous_1)
FN:58,(anonymous_2)
FN:78,(anonymous_3)
FN:100,(anonymous_4)
FN:115,(anonymous_5)
FNF:6
FNH:4
FNDA:1,(anonymous_0)
FNDA:3,(anonymous_1)
FNDA:0,(anonymous_2)
FNDA:2,(anonymous_3)
FNDA:2,(anonymous_4)
FNDA:0,(anonymous_5)
DA:14,2
DA:16,2
DA:17,1
DA:18,1
DA:40,2
DA:41,3
DA:42,1
DA:43,1
DA:50,1
DA:51,1
DA:53,0
DA:54,0
DA:58,2
DA:59,0
DA:60,0
DA:61,0
DA:62,0
DA:63,0
DA:65,0
DA:70,0
DA:71,0
DA:73,0
DA:74,0
DA:78,2
DA:91,2
DA:92,1
DA:95,1
DA:100,2
DA:111,1
DA:112,1
DA:115,2
DA:116,0
DA:117,0
DA:118,0
DA:119,0
DA:120,0
DA:122,0
DA:123,0
LF:38
LH:19
BRDA:17,0,0,1
BRDA:17,0,1,0
BRDA:20,1,0,1
BRDA:20,1,1,0
BRDA:21,2,0,1
BRDA:21,2,1,0
BRDA:23,3,0,1
BRDA:23,3,1,0
BRDA:24,4,0,0
BRDA:24,4,1,1
BRDA:26,5,0,1
BRDA:26,5,1,0
BRDA:29,6,0,1
BRDA:29,6,1,1
BRDA:32,7,0,1
BRDA:32,7,1,1
BRDA:33,8,0,1
BRDA:33,8,1,1
BRDA:34,9,0,1
BRDA:34,9,1,1
BRDA:35,10,0,1
BRDA:35,10,1,1
BRDA:36,11,0,1
BRDA:36,11,1,1
BRDA:41,12,0,2
BRDA:41,12,1,1
BRDA:41,13,0,3
BRDA:41,13,1,2
BRDA:59,14,0,0
BRDA:59,14,1,0
BRDA:62,15,0,0
BRDA:62,15,1,0
BRDA:63,16,0,0
BRDA:63,16,1,0
BRDA:83,17,0,1
BRDA:84,18,0,2
BRDA:85,19,0,2
BRDA:86,20,0,1
BRDA:87,21,0,2
BRDA:88,22,0,2
BRDA:89,23,0,2
BRDA:91,24,0,1
BRDA:91,24,1,1
BRDA:91,25,0,2
BRDA:91,25,1,1
BRDA:96,26,0,1
BRDA:96,26,1,0
BRDA:97,27,0,1
BRDA:97,27,1,0
BRDA:100,28,0,1
BRDA:100,28,1,0
BRDA:116,29,0,0
BRDA:116,29,1,0
BRDA:119,30,0,0
BRDA:119,30,1,0
BRF:55
BRH:36
end_of_record
TN:
SF:services/timeUtils.js
FN:1,(anonymous_0)
FNF:1
FNH:1
FNDA:10,(anonymous_0)
DA:1,3
DA:2,10
DA:4,10
DA:5,0
DA:8,10
DA:9,10
DA:12,0
DA:13,0
DA:14,0
DA:17,0
DA:18,0
LF:11
LH:5
BRDA:2,0,0,0
BRDA:2,0,1,10
BRDA:4,1,0,0
BRDA:4,1,1,10
BRDA:8,2,0,10
BRDA:8,2,1,0
BRDA:12,3,0,0
BRDA:12,3,1,0
BRDA:13,4,0,0
BRDA:13,4,1,0
BRDA:18,5,0,0
BRDA:18,5,1,0
BRF:12
BRH:3
end_of_record
